2024-11-06 09:54:56,878 [trainer.py] => config: exps/ease.json
2024-11-06 09:54:56,879 [trainer.py] => prefix:  
2024-11-06 09:54:56,879 [trainer.py] => dataset: cifar224
2024-11-06 09:54:56,879 [trainer.py] => memory_size: 0
2024-11-06 09:54:56,879 [trainer.py] => memory_per_class: 0
2024-11-06 09:54:56,879 [trainer.py] => fixed_memory: False
2024-11-06 09:54:56,880 [trainer.py] => shuffle: True
2024-11-06 09:54:56,880 [trainer.py] => init_cls: 5
2024-11-06 09:54:56,880 [trainer.py] => increment: 5
2024-11-06 09:54:56,880 [trainer.py] => model_name: ease
2024-11-06 09:54:56,880 [trainer.py] => backbone_type: vit_base_patch16_224_ease
2024-11-06 09:54:56,881 [trainer.py] => device: [device(type='cuda', index=1)]
2024-11-06 09:54:56,881 [trainer.py] => seed: 100
2024-11-06 09:54:56,881 [trainer.py] => wandb_log: True
2024-11-06 09:54:56,881 [trainer.py] => test_future: False
2024-11-06 09:54:56,881 [trainer.py] => init_epochs: 20
2024-11-06 09:54:56,882 [trainer.py] => init_lr: 0.025
2024-11-06 09:54:56,882 [trainer.py] => later_epochs: 20
2024-11-06 09:54:56,882 [trainer.py] => later_lr: 0.025
2024-11-06 09:54:56,882 [trainer.py] => batch_size: 48
2024-11-06 09:54:56,882 [trainer.py] => weight_decay: 0.0005
2024-11-06 09:54:56,882 [trainer.py] => min_lr: 0
2024-11-06 09:54:56,883 [trainer.py] => optimizer: sgd
2024-11-06 09:54:56,883 [trainer.py] => scheduler: cosine
2024-11-06 09:54:56,883 [trainer.py] => pretrained: True
2024-11-06 09:54:56,883 [trainer.py] => vpt_type: Deep
2024-11-06 09:54:56,883 [trainer.py] => prompt_token_num: 5
2024-11-06 09:54:56,884 [trainer.py] => ffn_num: 64
2024-11-06 09:54:56,884 [trainer.py] => use_diagonal: False
2024-11-06 09:54:56,884 [trainer.py] => recalc_sim: True
2024-11-06 09:54:56,884 [trainer.py] => alpha: 0.1
2024-11-06 09:54:56,884 [trainer.py] => use_init_ptm: False
2024-11-06 09:54:56,884 [trainer.py] => beta: 0
2024-11-06 09:54:56,885 [trainer.py] => use_old_data: False
2024-11-06 09:54:56,885 [trainer.py] => use_reweight: True
2024-11-06 09:54:56,885 [trainer.py] => moni_adam: False
2024-11-06 09:54:56,885 [trainer.py] => adapter_num: -1
2024-11-06 09:55:00,117 [data_manager.py] => [37, 62, 26, 41, 35, 25, 36, 33, 77, 21, 85, 50, 92, 69, 96, 78, 72, 5, 40, 11, 29, 83, 82, 43, 28, 22, 23, 90, 86, 20, 32, 6, 3, 12, 51, 84, 73, 64, 54, 68, 75, 74, 57, 42, 76, 99, 17, 93, 63, 0, 18, 44, 38, 45, 39, 70, 94, 30, 71, 46, 56, 80, 91, 88, 19, 81, 55, 89, 61, 65, 47, 49, 7, 97, 59, 95, 13, 1, 31, 4, 27, 2, 9, 16, 58, 60, 15, 98, 34, 14, 66, 53, 52, 10, 48, 79, 87, 67, 24, 8]
2024-11-06 09:55:08,842 [trainer.py] => All params: 86988288
2024-11-06 09:55:08,844 [trainer.py] => Trainable params: 1189632
2024-11-06 09:55:08,878 [ease.py] => Learning on 0-5
2024-11-06 10:02:39,564 [ease.py] => Task 0, Epoch 20/20 => Loss 0.098, Train_accy 96.96
2024-11-06 10:02:54,320 [ease.py] => Task correct: 100.0
2024-11-06 10:02:54,320 [ease.py] => Task acc: 99.8
2024-11-06 10:02:54,348 [trainer.py] => No NME accuracy.
2024-11-06 10:02:54,348 [trainer.py] => CNN: {'total': 99.8, '00-04': 99.8, 'old': 0, 'new': 99.8}
2024-11-06 10:02:54,348 [trainer.py] => CNN top1 curve: [99.8]
2024-11-06 10:02:54,348 [trainer.py] => CNN top5 curve: [100.0]

2024-11-06 10:02:54,349 [trainer.py] => Average Accuracy (CNN): 99.8 

2024-11-06 10:02:54,350 [trainer.py] => All params: 86995970
2024-11-06 10:02:54,351 [trainer.py] => Trainable params: 1189632
2024-11-06 10:02:54,352 [ease.py] => Learning on 5-10
2024-11-06 10:10:21,347 [ease.py] => Task 1, Epoch 20/20 => Loss 0.114, Train_accy 96.80
2024-11-06 10:10:54,107 [ease.py] => Task correct: 98.5
2024-11-06 10:10:54,108 [ease.py] => Task acc: 99.8
2024-11-06 10:10:54,138 [trainer.py] => No NME accuracy.
2024-11-06 10:10:54,138 [trainer.py] => CNN: {'total': 98.4, '00-04': 99.2, '05-09': 97.6, 'old': 99.2, 'new': 97.6}
2024-11-06 10:10:54,139 [trainer.py] => CNN top1 curve: [99.8, 98.4]
2024-11-06 10:10:54,139 [trainer.py] => CNN top5 curve: [100.0, 100.0]

2024-11-06 10:10:54,139 [trainer.py] => Average Accuracy (CNN): 99.1 

2024-11-06 10:10:54,140 [trainer.py] => All params: 87007490
2024-11-06 10:10:54,141 [trainer.py] => Trainable params: 1189632
2024-11-06 10:10:54,143 [ease.py] => Learning on 10-15
2024-11-06 10:18:21,130 [ease.py] => Task 2, Epoch 20/20 => Loss 0.113, Train_accy 96.56
2024-11-06 10:19:16,543 [ease.py] => Task correct: 94.86666666666666
2024-11-06 10:19:16,544 [ease.py] => Task acc: 99.46666666666667
2024-11-06 10:19:16,585 [trainer.py] => No NME accuracy.
2024-11-06 10:19:16,585 [trainer.py] => CNN: {'total': 94.67, '00-04': 97.4, '05-09': 93.8, '10-14': 92.8, 'old': 95.6, 'new': 92.8}
2024-11-06 10:19:16,586 [trainer.py] => CNN top1 curve: [99.8, 98.4, 94.67]
2024-11-06 10:19:16,586 [trainer.py] => CNN top5 curve: [100.0, 100.0, 99.67]

2024-11-06 10:19:16,586 [trainer.py] => Average Accuracy (CNN): 97.62333333333333 

2024-11-06 10:19:16,588 [trainer.py] => All params: 87026690
2024-11-06 10:19:16,589 [trainer.py] => Trainable params: 1189632
2024-11-06 10:19:16,592 [ease.py] => Learning on 15-20
2024-11-06 10:26:44,848 [ease.py] => Task 3, Epoch 20/20 => Loss 0.177, Train_accy 94.20
2024-11-06 10:28:06,828 [ease.py] => Task correct: 92.0
2024-11-06 10:28:06,829 [ease.py] => Task acc: 99.6
2024-11-06 10:28:06,858 [trainer.py] => No NME accuracy.
2024-11-06 10:28:06,858 [trainer.py] => CNN: {'total': 91.85, '00-04': 91.4, '05-09': 92.8, '10-14': 92.6, '15-19': 90.6, 'old': 92.27, 'new': 90.6}
2024-11-06 10:28:06,859 [trainer.py] => CNN top1 curve: [99.8, 98.4, 94.67, 91.85]
2024-11-06 10:28:06,859 [trainer.py] => CNN top5 curve: [100.0, 100.0, 99.67, 99.75]

2024-11-06 10:28:06,859 [trainer.py] => Average Accuracy (CNN): 96.18 

2024-11-06 10:28:06,860 [trainer.py] => All params: 87053570
2024-11-06 10:28:06,861 [trainer.py] => Trainable params: 1189632
2024-11-06 10:28:06,863 [ease.py] => Learning on 20-25
2024-11-06 10:35:33,844 [ease.py] => Task 4, Epoch 20/20 => Loss 0.106, Train_accy 97.12
2024-11-06 10:37:27,145 [ease.py] => Task correct: 92.48
2024-11-06 10:37:27,146 [ease.py] => Task acc: 99.56
2024-11-06 10:37:27,179 [trainer.py] => No NME accuracy.
2024-11-06 10:37:27,179 [trainer.py] => CNN: {'total': 92.28, '00-04': 91.6, '05-09': 92.6, '10-14': 91.8, '15-19': 89.2, '20-24': 96.2, 'old': 91.3, 'new': 96.2}
2024-11-06 10:37:27,180 [trainer.py] => CNN top1 curve: [99.8, 98.4, 94.67, 91.85, 92.28]
2024-11-06 10:37:27,180 [trainer.py] => CNN top5 curve: [100.0, 100.0, 99.67, 99.75, 99.68]

2024-11-06 10:37:27,180 [trainer.py] => Average Accuracy (CNN): 95.4 

2024-11-06 10:37:27,181 [trainer.py] => All params: 87088130
2024-11-06 10:37:27,182 [trainer.py] => Trainable params: 1189632
2024-11-06 10:37:27,185 [ease.py] => Learning on 25-30
2024-11-06 10:44:54,829 [ease.py] => Task 5, Epoch 20/20 => Loss 0.115, Train_accy 96.36
2024-11-06 10:47:23,698 [ease.py] => Task correct: 92.13333333333334
2024-11-06 10:47:23,698 [ease.py] => Task acc: 99.43333333333334
2024-11-06 10:47:23,742 [trainer.py] => No NME accuracy.
2024-11-06 10:47:23,742 [trainer.py] => CNN: {'total': 91.93, '00-04': 91.6, '05-09': 91.8, '10-14': 91.4, '15-19': 88.4, '20-24': 96.2, '25-29': 92.2, 'old': 91.88, 'new': 92.2}
2024-11-06 10:47:23,742 [trainer.py] => CNN top1 curve: [99.8, 98.4, 94.67, 91.85, 92.28, 91.93]
2024-11-06 10:47:23,743 [trainer.py] => CNN top5 curve: [100.0, 100.0, 99.67, 99.75, 99.68, 99.5]

2024-11-06 10:47:23,743 [trainer.py] => Average Accuracy (CNN): 94.82166666666667 

2024-11-06 10:47:23,744 [trainer.py] => All params: 87130370
2024-11-06 10:47:23,745 [trainer.py] => Trainable params: 1189632
2024-11-06 10:47:23,748 [ease.py] => Learning on 30-35
2024-11-06 10:54:50,856 [ease.py] => Task 6, Epoch 20/20 => Loss 0.130, Train_accy 95.40
2024-11-06 10:57:59,396 [ease.py] => Task correct: 92.11428571428571
2024-11-06 10:57:59,397 [ease.py] => Task acc: 99.51428571428572
2024-11-06 10:57:59,433 [trainer.py] => No NME accuracy.
2024-11-06 10:57:59,433 [trainer.py] => CNN: {'total': 91.94, '00-04': 91.4, '05-09': 91.2, '10-14': 90.6, '15-19': 87.8, '20-24': 95.6, '25-29': 91.6, '30-34': 95.4, 'old': 91.37, 'new': 95.4}
2024-11-06 10:57:59,433 [trainer.py] => CNN top1 curve: [99.8, 98.4, 94.67, 91.85, 92.28, 91.93, 91.94]
2024-11-06 10:57:59,433 [trainer.py] => CNN top5 curve: [100.0, 100.0, 99.67, 99.75, 99.68, 99.5, 99.46]

2024-11-06 10:57:59,434 [trainer.py] => Average Accuracy (CNN): 94.41000000000001 

2024-11-06 10:57:59,436 [trainer.py] => All params: 87180290
2024-11-06 10:57:59,438 [trainer.py] => Trainable params: 1189632
2024-11-06 10:57:59,444 [ease.py] => Learning on 35-40
2024-11-06 11:05:26,628 [ease.py] => Task 7, Epoch 20/20 => Loss 0.098, Train_accy 97.72
2024-11-06 11:09:19,300 [ease.py] => Task correct: 91.15
2024-11-06 11:09:19,301 [ease.py] => Task acc: 99.525
2024-11-06 11:09:19,347 [trainer.py] => No NME accuracy.
2024-11-06 11:09:19,348 [trainer.py] => CNN: {'total': 91.0, '00-04': 91.4, '05-09': 90.6, '10-14': 89.4, '15-19': 85.2, '20-24': 95.2, '25-29': 90.2, '30-34': 94.6, '35-39': 91.4, 'old': 90.94, 'new': 91.4}
2024-11-06 11:09:19,348 [trainer.py] => CNN top1 curve: [99.8, 98.4, 94.67, 91.85, 92.28, 91.93, 91.94, 91.0]
2024-11-06 11:09:19,348 [trainer.py] => CNN top5 curve: [100.0, 100.0, 99.67, 99.75, 99.68, 99.5, 99.46, 99.32]

2024-11-06 11:09:19,349 [trainer.py] => Average Accuracy (CNN): 93.98375000000001 

2024-11-06 11:09:19,350 [trainer.py] => All params: 87237890
2024-11-06 11:09:19,352 [trainer.py] => Trainable params: 1189632
2024-11-06 11:09:19,358 [ease.py] => Learning on 40-45
2024-11-06 11:16:46,973 [ease.py] => Task 8, Epoch 20/20 => Loss 0.139, Train_accy 95.76
2024-11-06 11:21:27,795 [ease.py] => Task correct: 89.84444444444445
2024-11-06 11:21:27,796 [ease.py] => Task acc: 99.5111111111111
2024-11-06 11:21:27,840 [trainer.py] => No NME accuracy.
2024-11-06 11:21:27,840 [trainer.py] => CNN: {'total': 89.73, '00-04': 90.4, '05-09': 90.4, '10-14': 88.0, '15-19': 84.0, '20-24': 94.6, '25-29': 88.8, '30-34': 94.0, '35-39': 90.6, '40-44': 86.8, 'old': 90.1, 'new': 86.8}
2024-11-06 11:21:27,841 [trainer.py] => CNN top1 curve: [99.8, 98.4, 94.67, 91.85, 92.28, 91.93, 91.94, 91.0, 89.73]
2024-11-06 11:21:27,841 [trainer.py] => CNN top5 curve: [100.0, 100.0, 99.67, 99.75, 99.68, 99.5, 99.46, 99.32, 99.07]

2024-11-06 11:21:27,841 [trainer.py] => Average Accuracy (CNN): 93.51111111111112 

2024-11-06 11:21:27,843 [trainer.py] => All params: 87303170
2024-11-06 11:21:27,844 [trainer.py] => Trainable params: 1189632
2024-11-06 11:21:27,851 [ease.py] => Learning on 45-50
2024-11-06 11:28:55,034 [ease.py] => Task 9, Epoch 20/20 => Loss 0.096, Train_accy 96.84
2024-11-06 11:34:28,216 [ease.py] => Task correct: 89.52
2024-11-06 11:34:28,217 [ease.py] => Task acc: 99.52
2024-11-06 11:34:28,251 [trainer.py] => No NME accuracy.
2024-11-06 11:34:28,251 [trainer.py] => CNN: {'total': 89.42, '00-04': 89.2, '05-09': 90.4, '10-14': 88.0, '15-19': 82.0, '20-24': 94.4, '25-29': 89.0, '30-34': 93.8, '35-39': 90.4, '40-44': 85.8, '45-49': 91.2, 'old': 89.22, 'new': 91.2}
2024-11-06 11:34:28,252 [trainer.py] => CNN top1 curve: [99.8, 98.4, 94.67, 91.85, 92.28, 91.93, 91.94, 91.0, 89.73, 89.42]
2024-11-06 11:34:28,252 [trainer.py] => CNN top5 curve: [100.0, 100.0, 99.67, 99.75, 99.68, 99.5, 99.46, 99.32, 99.07, 99.02]

2024-11-06 11:34:28,252 [trainer.py] => Average Accuracy (CNN): 93.102 

2024-11-06 11:34:28,253 [trainer.py] => All params: 87376130
2024-11-06 11:34:28,254 [trainer.py] => Trainable params: 1189632
2024-11-06 11:34:28,260 [ease.py] => Learning on 50-55
2024-11-06 11:41:55,835 [ease.py] => Task 10, Epoch 20/20 => Loss 0.156, Train_accy 95.00
2024-11-06 11:48:27,290 [ease.py] => Task correct: 89.27272727272727
2024-11-06 11:48:27,291 [ease.py] => Task acc: 99.45454545454545
2024-11-06 11:48:27,323 [trainer.py] => No NME accuracy.
2024-11-06 11:48:27,323 [trainer.py] => CNN: {'total': 89.18, '00-04': 88.2, '05-09': 90.2, '10-14': 88.0, '15-19': 81.6, '20-24': 94.0, '25-29': 88.0, '30-34': 93.6, '35-39': 90.4, '40-44': 85.2, '45-49': 91.2, '50-54': 90.6, 'old': 89.04, 'new': 90.6}
2024-11-06 11:48:27,323 [trainer.py] => CNN top1 curve: [99.8, 98.4, 94.67, 91.85, 92.28, 91.93, 91.94, 91.0, 89.73, 89.42, 89.18]
2024-11-06 11:48:27,323 [trainer.py] => CNN top5 curve: [100.0, 100.0, 99.67, 99.75, 99.68, 99.5, 99.46, 99.32, 99.07, 99.02, 98.87]

2024-11-06 11:48:27,323 [trainer.py] => Average Accuracy (CNN): 92.74545454545455 

2024-11-06 11:48:27,324 [trainer.py] => All params: 87456770
2024-11-06 11:48:27,325 [trainer.py] => Trainable params: 1189632
2024-11-06 11:48:27,332 [ease.py] => Learning on 55-60
2024-11-06 11:55:55,969 [ease.py] => Task 11, Epoch 20/20 => Loss 0.064, Train_accy 98.00
2024-11-06 12:03:32,722 [ease.py] => Task correct: 88.36666666666666
2024-11-06 12:03:32,723 [ease.py] => Task acc: 99.43333333333334
2024-11-06 12:03:32,807 [trainer.py] => No NME accuracy.
2024-11-06 12:03:32,809 [trainer.py] => CNN: {'total': 88.27, '00-04': 84.4, '05-09': 90.2, '10-14': 84.8, '15-19': 79.4, '20-24': 93.8, '25-29': 85.2, '30-34': 93.4, '35-39': 87.4, '40-44': 85.2, '45-49': 91.2, '50-54': 90.2, '55-59': 94.0, 'old': 87.75, 'new': 94.0}
2024-11-06 12:03:32,809 [trainer.py] => CNN top1 curve: [99.8, 98.4, 94.67, 91.85, 92.28, 91.93, 91.94, 91.0, 89.73, 89.42, 89.18, 88.27]
2024-11-06 12:03:32,810 [trainer.py] => CNN top5 curve: [100.0, 100.0, 99.67, 99.75, 99.68, 99.5, 99.46, 99.32, 99.07, 99.02, 98.87, 98.83]

2024-11-06 12:03:32,811 [trainer.py] => Average Accuracy (CNN): 92.3725 

2024-11-06 12:03:32,813 [trainer.py] => All params: 87545090
2024-11-06 12:03:32,814 [trainer.py] => Trainable params: 1189632
2024-11-06 12:03:32,837 [ease.py] => Learning on 60-65
2024-11-06 12:11:02,976 [ease.py] => Task 12, Epoch 20/20 => Loss 0.165, Train_accy 94.88
2024-11-06 12:19:47,214 [ease.py] => Task correct: 88.26153846153846
2024-11-06 12:19:47,215 [ease.py] => Task acc: 99.43076923076923
2024-11-06 12:19:47,244 [trainer.py] => No NME accuracy.
2024-11-06 12:19:47,244 [trainer.py] => CNN: {'total': 88.15, '00-04': 84.8, '05-09': 89.8, '10-14': 84.2, '15-19': 79.2, '20-24': 93.4, '25-29': 85.2, '30-34': 92.0, '35-39': 86.2, '40-44': 84.4, '45-49': 91.2, '50-54': 90.0, '55-59': 93.6, '60-64': 92.0, 'old': 87.83, 'new': 92.0}
2024-11-06 12:19:47,244 [trainer.py] => CNN top1 curve: [99.8, 98.4, 94.67, 91.85, 92.28, 91.93, 91.94, 91.0, 89.73, 89.42, 89.18, 88.27, 88.15]
2024-11-06 12:19:47,245 [trainer.py] => CNN top5 curve: [100.0, 100.0, 99.67, 99.75, 99.68, 99.5, 99.46, 99.32, 99.07, 99.02, 98.87, 98.83, 98.77]

2024-11-06 12:19:47,245 [trainer.py] => Average Accuracy (CNN): 92.04769230769232 

2024-11-06 12:19:47,246 [trainer.py] => All params: 87641090
2024-11-06 12:19:47,247 [trainer.py] => Trainable params: 1189632
2024-11-06 12:19:47,255 [ease.py] => Learning on 65-70
2024-11-06 12:27:17,788 [ease.py] => Task 13, Epoch 20/20 => Loss 0.149, Train_accy 95.12
2024-11-06 12:37:14,517 [ease.py] => Task correct: 88.01428571428572
2024-11-06 12:37:14,518 [ease.py] => Task acc: 99.4
2024-11-06 12:37:14,560 [trainer.py] => No NME accuracy.
2024-11-06 12:37:14,560 [trainer.py] => CNN: {'total': 87.91, '00-04': 84.4, '05-09': 89.8, '10-14': 84.2, '15-19': 78.2, '20-24': 92.6, '25-29': 83.0, '30-34': 92.0, '35-39': 86.2, '40-44': 84.0, '45-49': 91.2, '50-54': 89.4, '55-59': 93.6, '60-64': 91.6, '65-69': 90.6, 'old': 87.71, 'new': 90.6}
2024-11-06 12:37:14,561 [trainer.py] => CNN top1 curve: [99.8, 98.4, 94.67, 91.85, 92.28, 91.93, 91.94, 91.0, 89.73, 89.42, 89.18, 88.27, 88.15, 87.91]
2024-11-06 12:37:14,561 [trainer.py] => CNN top5 curve: [100.0, 100.0, 99.67, 99.75, 99.68, 99.5, 99.46, 99.32, 99.07, 99.02, 98.87, 98.83, 98.77, 98.6]

2024-11-06 12:37:14,561 [trainer.py] => Average Accuracy (CNN): 91.75214285714287 

2024-11-06 12:37:14,563 [trainer.py] => All params: 87744770
2024-11-06 12:37:14,564 [trainer.py] => Trainable params: 1189632
2024-11-06 12:37:14,580 [ease.py] => Learning on 70-75
2024-11-06 12:44:44,982 [ease.py] => Task 14, Epoch 20/20 => Loss 0.174, Train_accy 94.24
2024-11-06 12:55:57,970 [ease.py] => Task correct: 87.08
2024-11-06 12:55:57,970 [ease.py] => Task acc: 99.25333333333333
2024-11-06 12:55:58,002 [trainer.py] => No NME accuracy.
2024-11-06 12:55:58,002 [trainer.py] => CNN: {'total': 86.92, '00-04': 84.8, '05-09': 88.6, '10-14': 83.6, '15-19': 78.2, '20-24': 92.2, '25-29': 83.2, '30-34': 91.0, '35-39': 86.0, '40-44': 83.6, '45-49': 91.0, '50-54': 89.0, '55-59': 93.4, '60-64': 91.0, '65-69': 90.6, '70-74': 77.6, 'old': 87.59, 'new': 77.6}
2024-11-06 12:55:58,002 [trainer.py] => CNN top1 curve: [99.8, 98.4, 94.67, 91.85, 92.28, 91.93, 91.94, 91.0, 89.73, 89.42, 89.18, 88.27, 88.15, 87.91, 86.92]
2024-11-06 12:55:58,002 [trainer.py] => CNN top5 curve: [100.0, 100.0, 99.67, 99.75, 99.68, 99.5, 99.46, 99.32, 99.07, 99.02, 98.87, 98.83, 98.77, 98.6, 98.41]

2024-11-06 12:55:58,003 [trainer.py] => Average Accuracy (CNN): 91.43000000000002 

2024-11-06 12:55:58,004 [trainer.py] => All params: 87856130
2024-11-06 12:55:58,004 [trainer.py] => Trainable params: 1189632
2024-11-06 12:55:58,015 [ease.py] => Learning on 75-80
2024-11-06 13:03:29,057 [ease.py] => Task 15, Epoch 20/20 => Loss 0.111, Train_accy 96.60
2024-11-06 13:16:03,113 [ease.py] => Task correct: 86.6125
2024-11-06 13:16:03,113 [ease.py] => Task acc: 99.2625
2024-11-06 13:16:03,143 [trainer.py] => No NME accuracy.
2024-11-06 13:16:03,144 [trainer.py] => CNN: {'total': 86.46, '00-04': 85.0, '05-09': 88.6, '10-14': 83.4, '15-19': 78.4, '20-24': 92.2, '25-29': 83.0, '30-34': 90.4, '35-39': 85.8, '40-44': 83.6, '45-49': 90.8, '50-54': 88.8, '55-59': 93.0, '60-64': 90.6, '65-69': 88.2, '70-74': 77.8, '75-79': 83.8, 'old': 86.64, 'new': 83.8}
2024-11-06 13:16:03,144 [trainer.py] => CNN top1 curve: [99.8, 98.4, 94.67, 91.85, 92.28, 91.93, 91.94, 91.0, 89.73, 89.42, 89.18, 88.27, 88.15, 87.91, 86.92, 86.46]
2024-11-06 13:16:03,144 [trainer.py] => CNN top5 curve: [100.0, 100.0, 99.67, 99.75, 99.68, 99.5, 99.46, 99.32, 99.07, 99.02, 98.87, 98.83, 98.77, 98.6, 98.41, 98.31]

2024-11-06 13:16:03,144 [trainer.py] => Average Accuracy (CNN): 91.11937500000002 

2024-11-06 13:16:03,145 [trainer.py] => All params: 87975170
2024-11-06 13:16:03,146 [trainer.py] => Trainable params: 1189632
2024-11-06 13:16:03,158 [ease.py] => Learning on 80-85
2024-11-06 13:23:33,890 [ease.py] => Task 16, Epoch 20/20 => Loss 0.165, Train_accy 94.20
2024-11-06 13:37:33,854 [ease.py] => Task correct: 86.29411764705883
2024-11-06 13:37:33,855 [ease.py] => Task acc: 99.28235294117647
2024-11-06 13:37:33,922 [trainer.py] => No NME accuracy.
2024-11-06 13:37:33,922 [trainer.py] => CNN: {'total': 86.16, '00-04': 84.0, '05-09': 88.6, '10-14': 83.2, '15-19': 77.0, '20-24': 91.2, '25-29': 83.4, '30-34': 90.4, '35-39': 85.8, '40-44': 83.0, '45-49': 89.2, '50-54': 87.4, '55-59': 93.0, '60-64': 89.8, '65-69': 87.8, '70-74': 77.8, '75-79': 82.6, '80-84': 90.6, 'old': 85.89, 'new': 90.6}
2024-11-06 13:37:33,923 [trainer.py] => CNN top1 curve: [99.8, 98.4, 94.67, 91.85, 92.28, 91.93, 91.94, 91.0, 89.73, 89.42, 89.18, 88.27, 88.15, 87.91, 86.92, 86.46, 86.16]
2024-11-06 13:37:33,923 [trainer.py] => CNN top5 curve: [100.0, 100.0, 99.67, 99.75, 99.68, 99.5, 99.46, 99.32, 99.07, 99.02, 98.87, 98.83, 98.77, 98.6, 98.41, 98.31, 98.11]

2024-11-06 13:37:33,924 [trainer.py] => Average Accuracy (CNN): 90.82764705882356 

2024-11-06 13:37:33,926 [trainer.py] => All params: 88101890
2024-11-06 13:37:33,927 [trainer.py] => Trainable params: 1189632
2024-11-06 13:37:33,948 [ease.py] => Learning on 85-90
2024-11-06 13:45:04,653 [ease.py] => Task 17, Epoch 20/20 => Loss 0.121, Train_accy 96.12
2024-11-06 14:00:33,493 [ease.py] => Task correct: 85.85555555555555
2024-11-06 14:00:33,494 [ease.py] => Task acc: 99.28888888888889
2024-11-06 14:00:33,539 [trainer.py] => No NME accuracy.
2024-11-06 14:00:33,539 [trainer.py] => CNN: {'total': 85.72, '00-04': 81.4, '05-09': 88.2, '10-14': 83.2, '15-19': 76.2, '20-24': 91.0, '25-29': 82.8, '30-34': 90.2, '35-39': 85.4, '40-44': 82.8, '45-49': 89.0, '50-54': 87.4, '55-59': 91.6, '60-64': 89.0, '65-69': 87.6, '70-74': 77.2, '75-79': 82.4, '80-84': 90.6, '85-89': 87.0, 'old': 85.65, 'new': 87.0}
2024-11-06 14:00:33,539 [trainer.py] => CNN top1 curve: [99.8, 98.4, 94.67, 91.85, 92.28, 91.93, 91.94, 91.0, 89.73, 89.42, 89.18, 88.27, 88.15, 87.91, 86.92, 86.46, 86.16, 85.72]
2024-11-06 14:00:33,539 [trainer.py] => CNN top5 curve: [100.0, 100.0, 99.67, 99.75, 99.68, 99.5, 99.46, 99.32, 99.07, 99.02, 98.87, 98.83, 98.77, 98.6, 98.41, 98.31, 98.11, 97.99]

2024-11-06 14:00:33,540 [trainer.py] => Average Accuracy (CNN): 90.54388888888892 

2024-11-06 14:00:33,542 [trainer.py] => All params: 88236290
2024-11-06 14:00:33,543 [trainer.py] => Trainable params: 1189632
2024-11-06 14:00:33,558 [ease.py] => Learning on 90-95
2024-11-06 14:08:04,582 [ease.py] => Task 18, Epoch 20/20 => Loss 0.087, Train_accy 97.40
2024-11-06 14:25:08,257 [ease.py] => Task correct: 85.15789473684211
2024-11-06 14:25:08,258 [ease.py] => Task acc: 99.29473684210527
2024-11-06 14:25:08,305 [trainer.py] => No NME accuracy.
2024-11-06 14:25:08,305 [trainer.py] => CNN: {'total': 85.06, '00-04': 81.2, '05-09': 88.0, '10-14': 80.0, '15-19': 76.0, '20-24': 89.0, '25-29': 82.6, '30-34': 90.2, '35-39': 84.6, '40-44': 82.8, '45-49': 88.4, '50-54': 87.2, '55-59': 91.6, '60-64': 89.0, '65-69': 86.6, '70-74': 72.8, '75-79': 82.0, '80-84': 90.0, '85-89': 87.0, '90-94': 87.2, 'old': 84.94, 'new': 87.2}
2024-11-06 14:25:08,306 [trainer.py] => CNN top1 curve: [99.8, 98.4, 94.67, 91.85, 92.28, 91.93, 91.94, 91.0, 89.73, 89.42, 89.18, 88.27, 88.15, 87.91, 86.92, 86.46, 86.16, 85.72, 85.06]
2024-11-06 14:25:08,306 [trainer.py] => CNN top5 curve: [100.0, 100.0, 99.67, 99.75, 99.68, 99.5, 99.46, 99.32, 99.07, 99.02, 98.87, 98.83, 98.77, 98.6, 98.41, 98.31, 98.11, 97.99, 97.86]

2024-11-06 14:25:08,307 [trainer.py] => Average Accuracy (CNN): 90.25526315789476 

2024-11-06 14:25:08,309 [trainer.py] => All params: 88378370
2024-11-06 14:25:08,310 [trainer.py] => Trainable params: 1189632
2024-11-06 14:25:08,336 [ease.py] => Learning on 95-100
2024-11-06 14:32:39,897 [ease.py] => Task 19, Epoch 20/20 => Loss 0.120, Train_accy 95.96
2024-11-06 14:51:25,343 [ease.py] => Task correct: 85.21
2024-11-06 14:51:25,343 [ease.py] => Task acc: 99.32
2024-11-06 14:51:25,425 [trainer.py] => No NME accuracy.
2024-11-06 14:51:25,426 [trainer.py] => CNN: {'total': 85.12, '00-04': 81.4, '05-09': 87.8, '10-14': 79.6, '15-19': 75.4, '20-24': 89.0, '25-29': 82.2, '30-34': 89.6, '35-39': 84.4, '40-44': 82.2, '45-49': 88.4, '50-54': 86.6, '55-59': 91.2, '60-64': 88.8, '65-69': 86.6, '70-74': 72.6, '75-79': 82.0, '80-84': 90.0, '85-89': 87.0, '90-94': 87.0, '95-99': 90.6, 'old': 84.83, 'new': 90.6}
2024-11-06 14:51:25,426 [trainer.py] => CNN top1 curve: [99.8, 98.4, 94.67, 91.85, 92.28, 91.93, 91.94, 91.0, 89.73, 89.42, 89.18, 88.27, 88.15, 87.91, 86.92, 86.46, 86.16, 85.72, 85.06, 85.12]
2024-11-06 14:51:25,427 [trainer.py] => CNN top5 curve: [100.0, 100.0, 99.67, 99.75, 99.68, 99.5, 99.46, 99.32, 99.07, 99.02, 98.87, 98.83, 98.77, 98.6, 98.41, 98.31, 98.11, 97.99, 97.86, 97.92]

2024-11-06 14:51:25,428 [trainer.py] => Average Accuracy (CNN): 89.9985 

