2024-11-04 19:45:59,527 [trainer.py] => config: exps/ease.json
2024-11-04 19:45:59,527 [trainer.py] => prefix:  
2024-11-04 19:45:59,528 [trainer.py] => dataset: cifar224
2024-11-04 19:45:59,528 [trainer.py] => memory_size: 0
2024-11-04 19:45:59,528 [trainer.py] => memory_per_class: 0
2024-11-04 19:45:59,528 [trainer.py] => fixed_memory: False
2024-11-04 19:45:59,528 [trainer.py] => shuffle: True
2024-11-04 19:45:59,528 [trainer.py] => init_cls: 5
2024-11-04 19:45:59,528 [trainer.py] => increment: 5
2024-11-04 19:45:59,529 [trainer.py] => model_name: ease
2024-11-04 19:45:59,529 [trainer.py] => backbone_type: vit_base_patch16_224_ease
2024-11-04 19:45:59,529 [trainer.py] => device: [device(type='cuda', index=1)]
2024-11-04 19:45:59,529 [trainer.py] => seed: 100
2024-11-04 19:45:59,529 [trainer.py] => wandb_log: True
2024-11-04 19:45:59,529 [trainer.py] => test_future: True
2024-11-04 19:45:59,529 [trainer.py] => init_epochs: 3
2024-11-04 19:45:59,529 [trainer.py] => init_lr: 0.025
2024-11-04 19:45:59,530 [trainer.py] => later_epochs: 3
2024-11-04 19:45:59,530 [trainer.py] => later_lr: 0.025
2024-11-04 19:45:59,530 [trainer.py] => batch_size: 48
2024-11-04 19:45:59,530 [trainer.py] => weight_decay: 0.0005
2024-11-04 19:45:59,530 [trainer.py] => min_lr: 0
2024-11-04 19:45:59,530 [trainer.py] => optimizer: sgd
2024-11-04 19:45:59,530 [trainer.py] => scheduler: cosine
2024-11-04 19:45:59,530 [trainer.py] => pretrained: True
2024-11-04 19:45:59,531 [trainer.py] => vpt_type: Deep
2024-11-04 19:45:59,531 [trainer.py] => prompt_token_num: 5
2024-11-04 19:45:59,531 [trainer.py] => ffn_num: 64
2024-11-04 19:45:59,531 [trainer.py] => use_diagonal: True
2024-11-04 19:45:59,531 [trainer.py] => recalc_sim: True
2024-11-04 19:45:59,531 [trainer.py] => alpha: 0.1
2024-11-04 19:45:59,531 [trainer.py] => use_init_ptm: False
2024-11-04 19:45:59,531 [trainer.py] => beta: 0
2024-11-04 19:45:59,532 [trainer.py] => use_old_data: False
2024-11-04 19:45:59,532 [trainer.py] => use_reweight: False
2024-11-04 19:45:59,532 [trainer.py] => moni_adam: False
2024-11-04 19:45:59,532 [trainer.py] => adapter_num: -1
2024-11-04 19:46:01,395 [data_manager.py] => [37, 62, 26, 41, 35, 25, 36, 33, 77, 21, 85, 50, 92, 69, 96, 78, 72, 5, 40, 11, 29, 83, 82, 43, 28, 22, 23, 90, 86, 20, 32, 6, 3, 12, 51, 84, 73, 64, 54, 68, 75, 74, 57, 42, 76, 99, 17, 93, 63, 0, 18, 44, 38, 45, 39, 70, 94, 30, 71, 46, 56, 80, 91, 88, 19, 81, 55, 89, 61, 65, 47, 49, 7, 97, 59, 95, 13, 1, 31, 4, 27, 2, 9, 16, 58, 60, 15, 98, 34, 14, 66, 53, 52, 10, 48, 79, 87, 67, 24, 8]
2024-11-04 19:46:05,170 [trainer.py] => All params: 86988288
2024-11-04 19:46:05,172 [trainer.py] => Trainable params: 1189632
2024-11-04 19:46:05,200 [ease.py] => Learning on 0-5
2024-11-04 19:47:13,519 [ease.py] => Task 0, Epoch 3/3 => Loss 0.517, Train_accy 93.12
2024-11-04 19:47:28,516 [ease.py] => Task correct: 100.0
2024-11-04 19:47:28,517 [ease.py] => Task acc: 98.6
2024-11-04 19:48:14,301 [trainer.py] => No NME accuracy.
2024-11-04 19:48:14,302 [trainer.py] => CNN: {'total': 98.6, '00-04': 98.6, 'old': 0, 'new': 98.6}
2024-11-04 19:48:14,302 [trainer.py] => CNN top1 curve: [98.6]
2024-11-04 19:48:14,302 [trainer.py] => CNN top5 curve: [100.0]

2024-11-04 19:48:14,303 [trainer.py] => Average Accuracy (CNN): 98.6 

2024-11-04 19:48:14,303 [trainer.py] => Zero-Shot Performance: [98.6, 0.0, 0.0, 0.0, 0.0, 0.0, 0.0, 0.0, 0.0, 0.0, 0.0, 0.0, 0.0, 0.0, 0.0, 0.0, 0.0, 0.0, 0.0, 0.0] 

2024-11-04 19:48:14,896 [trainer.py] => All params: 86995970
2024-11-04 19:48:14,897 [trainer.py] => Trainable params: 1189632
2024-11-04 19:48:14,901 [ease.py] => Learning on 5-10
2024-11-04 19:49:31,552 [trainer.py] => config: exps/ease.json
2024-11-04 19:49:31,552 [trainer.py] => prefix:  
2024-11-04 19:49:31,552 [trainer.py] => dataset: cifar224
2024-11-04 19:49:31,552 [trainer.py] => memory_size: 0
2024-11-04 19:49:31,552 [trainer.py] => memory_per_class: 0
2024-11-04 19:49:31,553 [trainer.py] => fixed_memory: False
2024-11-04 19:49:31,553 [trainer.py] => shuffle: True
2024-11-04 19:49:31,553 [trainer.py] => init_cls: 5
2024-11-04 19:49:31,553 [trainer.py] => increment: 5
2024-11-04 19:49:31,553 [trainer.py] => model_name: ease
2024-11-04 19:49:31,553 [trainer.py] => backbone_type: vit_base_patch16_224_ease
2024-11-04 19:49:31,554 [trainer.py] => device: [device(type='cuda', index=1)]
2024-11-04 19:49:31,554 [trainer.py] => seed: 100
2024-11-04 19:49:31,554 [trainer.py] => wandb_log: True
2024-11-04 19:49:31,554 [trainer.py] => test_future: False
2024-11-04 19:49:31,554 [trainer.py] => init_epochs: 20
2024-11-04 19:49:31,554 [trainer.py] => init_lr: 0.025
2024-11-04 19:49:31,555 [trainer.py] => later_epochs: 20
2024-11-04 19:49:31,555 [trainer.py] => later_lr: 0.025
2024-11-04 19:49:31,555 [trainer.py] => batch_size: 48
2024-11-04 19:49:31,555 [trainer.py] => weight_decay: 0.0005
2024-11-04 19:49:31,555 [trainer.py] => min_lr: 0
2024-11-04 19:49:31,555 [trainer.py] => optimizer: sgd
2024-11-04 19:49:31,556 [trainer.py] => scheduler: cosine
2024-11-04 19:49:31,556 [trainer.py] => pretrained: True
2024-11-04 19:49:31,556 [trainer.py] => vpt_type: Deep
2024-11-04 19:49:31,556 [trainer.py] => prompt_token_num: 5
2024-11-04 19:49:31,556 [trainer.py] => ffn_num: 64
2024-11-04 19:49:31,556 [trainer.py] => use_diagonal: True
2024-11-04 19:49:31,557 [trainer.py] => recalc_sim: True
2024-11-04 19:49:31,557 [trainer.py] => alpha: 0.1
2024-11-04 19:49:31,557 [trainer.py] => use_init_ptm: False
2024-11-04 19:49:31,557 [trainer.py] => beta: 0
2024-11-04 19:49:31,557 [trainer.py] => use_old_data: False
2024-11-04 19:49:31,557 [trainer.py] => use_reweight: False
2024-11-04 19:49:31,557 [trainer.py] => moni_adam: False
2024-11-04 19:49:31,558 [trainer.py] => adapter_num: -1
2024-11-04 19:49:33,351 [data_manager.py] => [37, 62, 26, 41, 35, 25, 36, 33, 77, 21, 85, 50, 92, 69, 96, 78, 72, 5, 40, 11, 29, 83, 82, 43, 28, 22, 23, 90, 86, 20, 32, 6, 3, 12, 51, 84, 73, 64, 54, 68, 75, 74, 57, 42, 76, 99, 17, 93, 63, 0, 18, 44, 38, 45, 39, 70, 94, 30, 71, 46, 56, 80, 91, 88, 19, 81, 55, 89, 61, 65, 47, 49, 7, 97, 59, 95, 13, 1, 31, 4, 27, 2, 9, 16, 58, 60, 15, 98, 34, 14, 66, 53, 52, 10, 48, 79, 87, 67, 24, 8]
2024-11-04 19:49:37,445 [trainer.py] => All params: 86988288
2024-11-04 19:49:37,446 [trainer.py] => Trainable params: 1189632
2024-11-04 19:49:37,513 [ease.py] => Learning on 0-5
2024-11-04 19:57:07,969 [ease.py] => Task 0, Epoch 20/20 => Loss 0.098, Train_accy 96.96
2024-11-04 19:57:22,489 [ease.py] => Task correct: 100.0
2024-11-04 19:57:22,490 [ease.py] => Task acc: 99.8
2024-11-04 19:57:22,531 [trainer.py] => No NME accuracy.
2024-11-04 19:57:22,532 [trainer.py] => CNN: {'total': 99.8, '00-04': 99.8, 'old': 0, 'new': 99.8}
2024-11-04 19:57:22,532 [trainer.py] => CNN top1 curve: [99.8]
2024-11-04 19:57:22,532 [trainer.py] => CNN top5 curve: [100.0]

2024-11-04 19:57:22,533 [trainer.py] => Average Accuracy (CNN): 99.8 

2024-11-04 19:57:22,535 [trainer.py] => All params: 86995970
2024-11-04 19:57:22,536 [trainer.py] => Trainable params: 1189632
2024-11-04 19:57:22,537 [ease.py] => Learning on 5-10
2024-11-04 20:04:52,890 [ease.py] => Task 1, Epoch 20/20 => Loss 0.114, Train_accy 96.80
2024-11-04 20:05:14,009 [ease.py] => Task correct: 97.8
2024-11-04 20:05:14,010 [ease.py] => Task acc: 99.8
2024-11-04 20:05:14,049 [trainer.py] => No NME accuracy.
2024-11-04 20:05:14,049 [trainer.py] => CNN: {'total': 97.7, '00-04': 98.4, '05-09': 97.0, 'old': 98.4, 'new': 97.0}
2024-11-04 20:05:14,049 [trainer.py] => CNN top1 curve: [99.8, 97.7]
2024-11-04 20:05:14,049 [trainer.py] => CNN top5 curve: [100.0, 100.0]

2024-11-04 20:05:14,050 [trainer.py] => Average Accuracy (CNN): 98.75 

2024-11-04 20:05:14,051 [trainer.py] => All params: 87007490
2024-11-04 20:05:14,053 [trainer.py] => Trainable params: 1189632
2024-11-04 20:05:14,055 [ease.py] => Learning on 10-15
2024-11-04 20:12:45,053 [ease.py] => Task 2, Epoch 20/20 => Loss 0.112, Train_accy 96.12
2024-11-04 20:13:17,242 [ease.py] => Task correct: 90.2
2024-11-04 20:13:17,243 [ease.py] => Task acc: 99.46666666666667
2024-11-04 20:13:17,285 [trainer.py] => No NME accuracy.
2024-11-04 20:13:17,285 [trainer.py] => CNN: {'total': 90.0, '00-04': 97.6, '05-09': 92.0, '10-14': 80.4, 'old': 94.8, 'new': 80.4}
2024-11-04 20:13:17,285 [trainer.py] => CNN top1 curve: [99.8, 97.7, 90.0]
2024-11-04 20:13:17,285 [trainer.py] => CNN top5 curve: [100.0, 100.0, 99.67]

2024-11-04 20:13:17,286 [trainer.py] => Average Accuracy (CNN): 95.83333333333333 

2024-11-04 20:13:17,287 [trainer.py] => All params: 87026690
2024-11-04 20:13:17,289 [trainer.py] => Trainable params: 1189632
2024-11-04 20:13:17,291 [ease.py] => Learning on 15-20
2024-11-04 20:20:47,492 [ease.py] => Task 3, Epoch 20/20 => Loss 0.166, Train_accy 94.60
2024-11-04 20:21:34,884 [ease.py] => Task correct: 87.1
2024-11-04 20:21:34,884 [ease.py] => Task acc: 99.6
2024-11-04 20:21:34,925 [trainer.py] => No NME accuracy.
2024-11-04 20:21:34,926 [trainer.py] => CNN: {'total': 86.95, '00-04': 93.8, '05-09': 91.4, '10-14': 80.0, '15-19': 82.6, 'old': 88.4, 'new': 82.6}
2024-11-04 20:21:34,926 [trainer.py] => CNN top1 curve: [99.8, 97.7, 90.0, 86.95]
2024-11-04 20:21:34,926 [trainer.py] => CNN top5 curve: [100.0, 100.0, 99.67, 99.75]

2024-11-04 20:21:34,926 [trainer.py] => Average Accuracy (CNN): 93.6125 

2024-11-04 20:21:34,928 [trainer.py] => All params: 87053570
2024-11-04 20:21:34,929 [trainer.py] => Trainable params: 1189632
2024-11-04 20:21:34,932 [ease.py] => Learning on 20-25
2024-11-04 20:29:04,711 [ease.py] => Task 4, Epoch 20/20 => Loss 0.094, Train_accy 97.04
2024-11-04 20:30:11,666 [ease.py] => Task correct: 88.56
2024-11-04 20:30:11,666 [ease.py] => Task acc: 99.56
2024-11-04 20:30:11,711 [trainer.py] => No NME accuracy.
2024-11-04 20:30:11,711 [trainer.py] => CNN: {'total': 88.36, '00-04': 93.8, '05-09': 91.2, '10-14': 80.0, '15-19': 81.8, '20-24': 95.0, 'old': 86.7, 'new': 95.0}
2024-11-04 20:30:11,711 [trainer.py] => CNN top1 curve: [99.8, 97.7, 90.0, 86.95, 88.36]
2024-11-04 20:30:11,711 [trainer.py] => CNN top5 curve: [100.0, 100.0, 99.67, 99.75, 99.64]

2024-11-04 20:30:11,712 [trainer.py] => Average Accuracy (CNN): 92.562 

2024-11-04 20:30:11,714 [trainer.py] => All params: 87088130
2024-11-04 20:30:11,715 [trainer.py] => Trainable params: 1189632
2024-11-04 20:30:11,718 [ease.py] => Learning on 25-30
2024-11-04 20:37:40,841 [ease.py] => Task 5, Epoch 20/20 => Loss 0.105, Train_accy 96.92
2024-11-04 20:39:11,286 [ease.py] => Task correct: 88.4
2024-11-04 20:39:11,287 [ease.py] => Task acc: 99.46666666666667
2024-11-04 20:39:11,317 [trainer.py] => No NME accuracy.
2024-11-04 20:39:11,317 [trainer.py] => CNN: {'total': 88.23, '00-04': 93.6, '05-09': 91.0, '10-14': 79.8, '15-19': 81.8, '20-24': 95.0, '25-29': 88.2, 'old': 88.24, 'new': 88.2}
2024-11-04 20:39:11,317 [trainer.py] => CNN top1 curve: [99.8, 97.7, 90.0, 86.95, 88.36, 88.23]
2024-11-04 20:39:11,317 [trainer.py] => CNN top5 curve: [100.0, 100.0, 99.67, 99.75, 99.64, 99.5]

2024-11-04 20:39:11,318 [trainer.py] => Average Accuracy (CNN): 91.83999999999999 

2024-11-04 20:39:11,319 [trainer.py] => All params: 87130370
2024-11-04 20:39:11,320 [trainer.py] => Trainable params: 1189632
2024-11-04 20:39:11,323 [ease.py] => Learning on 30-35
2024-11-04 20:46:40,424 [ease.py] => Task 6, Epoch 20/20 => Loss 0.144, Train_accy 95.16
2024-11-04 20:48:39,119 [ease.py] => Task correct: 88.45714285714286
2024-11-04 20:48:39,120 [ease.py] => Task acc: 99.51428571428572
2024-11-04 20:48:39,163 [trainer.py] => No NME accuracy.
2024-11-04 20:48:39,163 [trainer.py] => CNN: {'total': 88.29, '00-04': 92.6, '05-09': 90.2, '10-14': 78.8, '15-19': 81.8, '20-24': 94.2, '25-29': 87.2, '30-34': 93.2, 'old': 87.47, 'new': 93.2}
2024-11-04 20:48:39,163 [trainer.py] => CNN top1 curve: [99.8, 97.7, 90.0, 86.95, 88.36, 88.23, 88.29]
2024-11-04 20:48:39,164 [trainer.py] => CNN top5 curve: [100.0, 100.0, 99.67, 99.75, 99.64, 99.5, 99.4]

2024-11-04 20:48:39,164 [trainer.py] => Average Accuracy (CNN): 91.33285714285714 

2024-11-04 20:48:39,166 [trainer.py] => All params: 87180290
2024-11-04 20:48:39,167 [trainer.py] => Trainable params: 1189632
2024-11-04 20:48:39,173 [ease.py] => Learning on 35-40
2024-11-04 20:56:08,088 [ease.py] => Task 7, Epoch 20/20 => Loss 0.101, Train_accy 96.60
2024-11-04 20:58:39,040 [ease.py] => Task correct: 87.425
2024-11-04 20:58:39,041 [ease.py] => Task acc: 99.5
2024-11-04 20:58:39,085 [trainer.py] => No NME accuracy.
2024-11-04 20:58:39,085 [trainer.py] => CNN: {'total': 87.28, '00-04': 92.2, '05-09': 89.4, '10-14': 76.8, '15-19': 78.8, '20-24': 93.4, '25-29': 84.8, '30-34': 92.8, '35-39': 90.0, 'old': 86.89, 'new': 90.0}
2024-11-04 20:58:39,086 [trainer.py] => CNN top1 curve: [99.8, 97.7, 90.0, 86.95, 88.36, 88.23, 88.29, 87.28]
2024-11-04 20:58:39,086 [trainer.py] => CNN top5 curve: [100.0, 100.0, 99.67, 99.75, 99.64, 99.5, 99.4, 99.28]

2024-11-04 20:58:39,086 [trainer.py] => Average Accuracy (CNN): 90.82624999999999 

2024-11-04 20:58:39,088 [trainer.py] => All params: 87237890
2024-11-04 20:58:39,089 [trainer.py] => Trainable params: 1189632
2024-11-04 20:58:39,095 [ease.py] => Learning on 40-45
2024-11-04 21:06:08,368 [ease.py] => Task 8, Epoch 20/20 => Loss 0.131, Train_accy 95.36
2024-11-04 21:09:16,011 [ease.py] => Task correct: 85.08888888888889
2024-11-04 21:09:16,011 [ease.py] => Task acc: 99.4888888888889
2024-11-04 21:09:16,041 [trainer.py] => No NME accuracy.
2024-11-04 21:09:16,041 [trainer.py] => CNN: {'total': 84.96, '00-04': 90.8, '05-09': 89.4, '10-14': 76.6, '15-19': 77.6, '20-24': 91.8, '25-29': 83.2, '30-34': 92.2, '35-39': 89.6, '40-44': 73.4, 'old': 86.4, 'new': 73.4}
2024-11-04 21:09:16,041 [trainer.py] => CNN top1 curve: [99.8, 97.7, 90.0, 86.95, 88.36, 88.23, 88.29, 87.28, 84.96]
2024-11-04 21:09:16,042 [trainer.py] => CNN top5 curve: [100.0, 100.0, 99.67, 99.75, 99.64, 99.5, 99.4, 99.28, 99.04]

2024-11-04 21:09:16,042 [trainer.py] => Average Accuracy (CNN): 90.17444444444443 

2024-11-04 21:09:16,043 [trainer.py] => All params: 87303170
2024-11-04 21:09:16,044 [trainer.py] => Trainable params: 1189632
2024-11-04 21:09:16,048 [ease.py] => Learning on 45-50
2024-11-04 21:16:44,844 [ease.py] => Task 9, Epoch 20/20 => Loss 0.114, Train_accy 96.80
2024-11-04 21:20:33,504 [ease.py] => Task correct: 84.5
2024-11-04 21:20:33,505 [ease.py] => Task acc: 99.5
2024-11-04 21:20:33,549 [trainer.py] => No NME accuracy.
2024-11-04 21:20:33,549 [trainer.py] => CNN: {'total': 84.38, '00-04': 89.6, '05-09': 89.2, '10-14': 76.6, '15-19': 77.0, '20-24': 91.6, '25-29': 83.0, '30-34': 91.8, '35-39': 89.4, '40-44': 72.6, '45-49': 83.0, 'old': 84.53, 'new': 83.0}
2024-11-04 21:20:33,549 [trainer.py] => CNN top1 curve: [99.8, 97.7, 90.0, 86.95, 88.36, 88.23, 88.29, 87.28, 84.96, 84.38]
2024-11-04 21:20:33,550 [trainer.py] => CNN top5 curve: [100.0, 100.0, 99.67, 99.75, 99.64, 99.5, 99.4, 99.28, 99.04, 98.92]

2024-11-04 21:20:33,550 [trainer.py] => Average Accuracy (CNN): 89.595 

2024-11-04 21:20:33,552 [trainer.py] => All params: 87376130
2024-11-04 21:20:33,553 [trainer.py] => Trainable params: 1189632
2024-11-04 21:20:33,562 [ease.py] => Learning on 50-55
2024-11-04 21:28:01,877 [ease.py] => Task 10, Epoch 20/20 => Loss 0.164, Train_accy 94.36
2024-11-04 21:32:35,793 [ease.py] => Task correct: 83.49090909090908
2024-11-04 21:32:35,794 [ease.py] => Task acc: 99.45454545454545
2024-11-04 21:32:35,826 [trainer.py] => No NME accuracy.
2024-11-04 21:32:35,827 [trainer.py] => CNN: {'total': 83.38, '00-04': 89.4, '05-09': 89.0, '10-14': 76.6, '15-19': 76.6, '20-24': 91.6, '25-29': 81.8, '30-34': 91.8, '35-39': 89.4, '40-44': 72.4, '45-49': 83.0, '50-54': 75.6, 'old': 84.16, 'new': 75.6}
2024-11-04 21:32:35,827 [trainer.py] => CNN top1 curve: [99.8, 97.7, 90.0, 86.95, 88.36, 88.23, 88.29, 87.28, 84.96, 84.38, 83.38]
2024-11-04 21:32:35,827 [trainer.py] => CNN top5 curve: [100.0, 100.0, 99.67, 99.75, 99.64, 99.5, 99.4, 99.28, 99.04, 98.92, 98.75]

2024-11-04 21:32:35,827 [trainer.py] => Average Accuracy (CNN): 89.02999999999999 

2024-11-04 21:32:35,829 [trainer.py] => All params: 87456770
2024-11-04 21:32:35,829 [trainer.py] => Trainable params: 1189632
2024-11-04 21:32:35,837 [ease.py] => Learning on 55-60
2024-11-04 21:40:04,251 [ease.py] => Task 11, Epoch 20/20 => Loss 0.073, Train_accy 98.08
2024-11-04 21:45:27,319 [ease.py] => Task correct: 82.41666666666667
2024-11-04 21:45:27,320 [ease.py] => Task acc: 99.45
2024-11-04 21:45:27,353 [trainer.py] => No NME accuracy.
2024-11-04 21:45:27,354 [trainer.py] => CNN: {'total': 82.32, '00-04': 87.8, '05-09': 88.8, '10-14': 74.6, '15-19': 75.8, '20-24': 91.2, '25-29': 80.6, '30-34': 91.8, '35-39': 87.4, '40-44': 72.4, '45-49': 82.6, '50-54': 75.4, '55-59': 79.4, 'old': 82.58, 'new': 79.4}
2024-11-04 21:45:27,354 [trainer.py] => CNN top1 curve: [99.8, 97.7, 90.0, 86.95, 88.36, 88.23, 88.29, 87.28, 84.96, 84.38, 83.38, 82.32]
2024-11-04 21:45:27,354 [trainer.py] => CNN top5 curve: [100.0, 100.0, 99.67, 99.75, 99.64, 99.5, 99.4, 99.28, 99.04, 98.92, 98.75, 98.63]

2024-11-04 21:45:27,354 [trainer.py] => Average Accuracy (CNN): 88.47083333333332 

2024-11-04 21:45:27,355 [trainer.py] => All params: 87545090
2024-11-04 21:45:27,356 [trainer.py] => Trainable params: 1189632
2024-11-04 21:45:27,364 [ease.py] => Learning on 60-65
2024-11-04 21:52:55,565 [ease.py] => Task 12, Epoch 20/20 => Loss 0.133, Train_accy 95.36
2024-11-04 21:59:12,854 [ease.py] => Task correct: 82.67692307692307
2024-11-04 21:59:12,855 [ease.py] => Task acc: 99.44615384615385
2024-11-04 21:59:12,886 [trainer.py] => No NME accuracy.
2024-11-04 21:59:12,887 [trainer.py] => CNN: {'total': 82.58, '00-04': 87.8, '05-09': 88.4, '10-14': 74.2, '15-19': 75.8, '20-24': 91.0, '25-29': 80.6, '30-34': 91.2, '35-39': 87.2, '40-44': 71.8, '45-49': 82.6, '50-54': 75.2, '55-59': 79.0, '60-64': 88.8, 'old': 82.07, 'new': 88.8}
2024-11-04 21:59:12,887 [trainer.py] => CNN top1 curve: [99.8, 97.7, 90.0, 86.95, 88.36, 88.23, 88.29, 87.28, 84.96, 84.38, 83.38, 82.32, 82.58]
2024-11-04 21:59:12,887 [trainer.py] => CNN top5 curve: [100.0, 100.0, 99.67, 99.75, 99.64, 99.5, 99.4, 99.28, 99.04, 98.92, 98.75, 98.63, 98.48]

2024-11-04 21:59:12,887 [trainer.py] => Average Accuracy (CNN): 88.01769230769229 

2024-11-04 21:59:12,888 [trainer.py] => All params: 87641090
2024-11-04 21:59:12,889 [trainer.py] => Trainable params: 1189632
2024-11-04 21:59:12,898 [ease.py] => Learning on 65-70
2024-11-04 22:06:40,257 [ease.py] => Task 13, Epoch 20/20 => Loss 0.156, Train_accy 94.80
2024-11-04 22:13:55,100 [ease.py] => Task correct: 82.14285714285714
2024-11-04 22:13:55,101 [ease.py] => Task acc: 99.41428571428571
2024-11-04 22:13:55,143 [trainer.py] => No NME accuracy.
2024-11-04 22:13:55,143 [trainer.py] => CNN: {'total': 82.06, '00-04': 87.6, '05-09': 88.4, '10-14': 74.2, '15-19': 75.4, '20-24': 90.2, '25-29': 79.6, '30-34': 91.2, '35-39': 86.8, '40-44': 71.8, '45-49': 82.6, '50-54': 75.2, '55-59': 78.8, '60-64': 88.8, '65-69': 78.2, 'old': 82.35, 'new': 78.2}
2024-11-04 22:13:55,143 [trainer.py] => CNN top1 curve: [99.8, 97.7, 90.0, 86.95, 88.36, 88.23, 88.29, 87.28, 84.96, 84.38, 83.38, 82.32, 82.58, 82.06]
2024-11-04 22:13:55,144 [trainer.py] => CNN top5 curve: [100.0, 100.0, 99.67, 99.75, 99.64, 99.5, 99.4, 99.28, 99.04, 98.92, 98.75, 98.63, 98.48, 98.39]

2024-11-04 22:13:55,144 [trainer.py] => Average Accuracy (CNN): 87.59214285714283 

2024-11-04 22:13:55,146 [trainer.py] => All params: 87744770
2024-11-04 22:13:55,147 [trainer.py] => Trainable params: 1189632
2024-11-04 22:13:55,162 [ease.py] => Learning on 70-75
2024-11-04 22:21:23,803 [ease.py] => Task 14, Epoch 20/20 => Loss 0.169, Train_accy 93.92
2024-11-04 22:29:40,681 [ease.py] => Task correct: 80.56
2024-11-04 22:29:40,682 [ease.py] => Task acc: 99.26666666666667
2024-11-04 22:29:40,724 [trainer.py] => No NME accuracy.
2024-11-04 22:29:40,724 [trainer.py] => CNN: {'total': 80.48, '00-04': 87.4, '05-09': 88.0, '10-14': 74.0, '15-19': 75.4, '20-24': 90.0, '25-29': 79.6, '30-34': 90.6, '35-39': 86.6, '40-44': 71.6, '45-49': 82.6, '50-54': 74.6, '55-59': 78.8, '60-64': 88.4, '65-69': 77.8, '70-74': 61.8, 'old': 81.81, 'new': 61.8}
2024-11-04 22:29:40,725 [trainer.py] => CNN top1 curve: [99.8, 97.7, 90.0, 86.95, 88.36, 88.23, 88.29, 87.28, 84.96, 84.38, 83.38, 82.32, 82.58, 82.06, 80.48]
2024-11-04 22:29:40,725 [trainer.py] => CNN top5 curve: [100.0, 100.0, 99.67, 99.75, 99.64, 99.5, 99.4, 99.28, 99.04, 98.92, 98.75, 98.63, 98.48, 98.39, 98.01]

2024-11-04 22:29:40,725 [trainer.py] => Average Accuracy (CNN): 87.11799999999998 

2024-11-04 22:29:40,727 [trainer.py] => All params: 87856130
2024-11-04 22:29:40,729 [trainer.py] => Trainable params: 1189632
2024-11-04 22:29:40,746 [ease.py] => Learning on 75-80
2024-11-04 22:37:09,523 [ease.py] => Task 15, Epoch 20/20 => Loss 0.104, Train_accy 96.52
2024-11-04 22:46:34,985 [ease.py] => Task correct: 79.25
2024-11-04 22:46:34,986 [ease.py] => Task acc: 99.275
2024-11-04 22:46:35,020 [trainer.py] => No NME accuracy.
2024-11-04 22:46:35,020 [trainer.py] => CNN: {'total': 79.18, '00-04': 87.4, '05-09': 88.0, '10-14': 73.8, '15-19': 75.4, '20-24': 90.0, '25-29': 79.0, '30-34': 90.4, '35-39': 86.4, '40-44': 71.4, '45-49': 82.4, '50-54': 74.6, '55-59': 78.8, '60-64': 88.0, '65-69': 70.8, '70-74': 61.8, '75-79': 68.6, 'old': 79.88, 'new': 68.6}
2024-11-04 22:46:35,020 [trainer.py] => CNN top1 curve: [99.8, 97.7, 90.0, 86.95, 88.36, 88.23, 88.29, 87.28, 84.96, 84.38, 83.38, 82.32, 82.58, 82.06, 80.48, 79.18]
2024-11-04 22:46:35,020 [trainer.py] => CNN top5 curve: [100.0, 100.0, 99.67, 99.75, 99.64, 99.5, 99.4, 99.28, 99.04, 98.92, 98.75, 98.63, 98.48, 98.39, 98.01, 97.85]

2024-11-04 22:46:35,021 [trainer.py] => Average Accuracy (CNN): 86.62187499999999 

2024-11-04 22:46:35,022 [trainer.py] => All params: 87975170
2024-11-04 22:46:35,024 [trainer.py] => Trainable params: 1189632
2024-11-04 22:46:35,040 [ease.py] => Learning on 80-85
2024-11-04 22:54:04,264 [ease.py] => Task 16, Epoch 20/20 => Loss 0.156, Train_accy 94.52
2024-11-04 23:04:39,620 [ease.py] => Task correct: 77.82352941176471
2024-11-04 23:04:39,621 [ease.py] => Task acc: 99.28235294117647
2024-11-04 23:04:39,667 [trainer.py] => No NME accuracy.
2024-11-04 23:04:39,668 [trainer.py] => CNN: {'total': 77.76, '00-04': 87.2, '05-09': 87.4, '10-14': 73.2, '15-19': 74.0, '20-24': 87.8, '25-29': 79.0, '30-34': 90.2, '35-39': 86.0, '40-44': 67.8, '45-49': 78.2, '50-54': 65.6, '55-59': 78.8, '60-64': 86.4, '65-69': 69.2, '70-74': 61.2, '75-79': 65.6, '80-84': 84.4, 'old': 77.35, 'new': 84.4}
2024-11-04 23:04:39,668 [trainer.py] => CNN top1 curve: [99.8, 97.7, 90.0, 86.95, 88.36, 88.23, 88.29, 87.28, 84.96, 84.38, 83.38, 82.32, 82.58, 82.06, 80.48, 79.18, 77.76]
2024-11-04 23:04:39,668 [trainer.py] => CNN top5 curve: [100.0, 100.0, 99.67, 99.75, 99.64, 99.5, 99.4, 99.28, 99.04, 98.92, 98.75, 98.63, 98.48, 98.39, 98.01, 97.85, 97.52]

2024-11-04 23:04:39,669 [trainer.py] => Average Accuracy (CNN): 86.10058823529411 

2024-11-04 23:04:39,671 [trainer.py] => All params: 88101890
2024-11-04 23:04:39,672 [trainer.py] => Trainable params: 1189632
2024-11-04 23:04:39,693 [ease.py] => Learning on 85-90
2024-11-04 23:12:08,000 [ease.py] => Task 17, Epoch 20/20 => Loss 0.135, Train_accy 96.28
2024-11-04 23:23:58,907 [ease.py] => Task correct: 77.56666666666666
2024-11-04 23:23:58,907 [ease.py] => Task acc: 99.28888888888889
2024-11-04 23:23:58,950 [trainer.py] => No NME accuracy.
2024-11-04 23:23:58,950 [trainer.py] => CNN: {'total': 77.5, '00-04': 85.2, '05-09': 87.4, '10-14': 73.2, '15-19': 74.0, '20-24': 87.6, '25-29': 78.2, '30-34': 89.6, '35-39': 85.6, '40-44': 67.8, '45-49': 78.2, '50-54': 65.4, '55-59': 75.8, '60-64': 86.2, '65-69': 69.2, '70-74': 61.0, '75-79': 65.2, '80-84': 84.2, '85-89': 81.2, 'old': 77.28, 'new': 81.2}
2024-11-04 23:23:58,951 [trainer.py] => CNN top1 curve: [99.8, 97.7, 90.0, 86.95, 88.36, 88.23, 88.29, 87.28, 84.96, 84.38, 83.38, 82.32, 82.58, 82.06, 80.48, 79.18, 77.76, 77.5]
2024-11-04 23:23:58,951 [trainer.py] => CNN top5 curve: [100.0, 100.0, 99.67, 99.75, 99.64, 99.5, 99.4, 99.28, 99.04, 98.92, 98.75, 98.63, 98.48, 98.39, 98.01, 97.85, 97.52, 97.4]

2024-11-04 23:23:58,951 [trainer.py] => Average Accuracy (CNN): 85.62277777777777 

2024-11-04 23:23:58,953 [trainer.py] => All params: 88236290
2024-11-04 23:23:58,954 [trainer.py] => Trainable params: 1189632
2024-11-04 23:23:58,978 [ease.py] => Learning on 90-95
2024-11-04 23:31:26,753 [ease.py] => Task 18, Epoch 20/20 => Loss 0.082, Train_accy 97.44
2024-11-04 23:44:37,357 [ease.py] => Task correct: 77.30526315789474
2024-11-04 23:44:37,358 [ease.py] => Task acc: 99.30526315789474
2024-11-04 23:44:37,393 [trainer.py] => No NME accuracy.
2024-11-04 23:44:37,393 [trainer.py] => CNN: {'total': 77.24, '00-04': 85.0, '05-09': 87.2, '10-14': 72.8, '15-19': 73.8, '20-24': 85.8, '25-29': 78.2, '30-34': 89.4, '35-39': 85.0, '40-44': 67.8, '45-49': 76.8, '50-54': 65.0, '55-59': 75.8, '60-64': 86.0, '65-69': 67.0, '70-74': 60.6, '75-79': 65.0, '80-84': 83.6, '85-89': 80.8, '90-94': 82.0, 'old': 76.98, 'new': 82.0}
2024-11-04 23:44:37,393 [trainer.py] => CNN top1 curve: [99.8, 97.7, 90.0, 86.95, 88.36, 88.23, 88.29, 87.28, 84.96, 84.38, 83.38, 82.32, 82.58, 82.06, 80.48, 79.18, 77.76, 77.5, 77.24]
2024-11-04 23:44:37,393 [trainer.py] => CNN top5 curve: [100.0, 100.0, 99.67, 99.75, 99.64, 99.5, 99.4, 99.28, 99.04, 98.92, 98.75, 98.63, 98.48, 98.39, 98.01, 97.85, 97.52, 97.4, 97.14]

2024-11-04 23:44:37,394 [trainer.py] => Average Accuracy (CNN): 85.18157894736841 

2024-11-04 23:44:37,395 [trainer.py] => All params: 88378370
2024-11-04 23:44:37,396 [trainer.py] => Trainable params: 1189632
2024-11-04 23:44:37,414 [ease.py] => Learning on 95-100
2024-11-04 23:52:05,885 [ease.py] => Task 19, Epoch 20/20 => Loss 0.118, Train_accy 96.12
2024-11-05 00:06:40,829 [ease.py] => Task correct: 77.33
2024-11-05 00:06:40,830 [ease.py] => Task acc: 99.34
2024-11-05 00:06:40,865 [trainer.py] => No NME accuracy.
2024-11-05 00:06:40,865 [trainer.py] => CNN: {'total': 77.27, '00-04': 85.0, '05-09': 87.0, '10-14': 72.6, '15-19': 73.8, '20-24': 85.8, '25-29': 78.0, '30-34': 88.8, '35-39': 84.8, '40-44': 67.6, '45-49': 76.8, '50-54': 64.0, '55-59': 75.8, '60-64': 85.8, '65-69': 67.0, '70-74': 60.6, '75-79': 65.0, '80-84': 83.4, '85-89': 80.8, '90-94': 81.6, '95-99': 81.2, 'old': 77.06, 'new': 81.2}
2024-11-05 00:06:40,865 [trainer.py] => CNN top1 curve: [99.8, 97.7, 90.0, 86.95, 88.36, 88.23, 88.29, 87.28, 84.96, 84.38, 83.38, 82.32, 82.58, 82.06, 80.48, 79.18, 77.76, 77.5, 77.24, 77.27]
2024-11-05 00:06:40,865 [trainer.py] => CNN top5 curve: [100.0, 100.0, 99.67, 99.75, 99.64, 99.5, 99.4, 99.28, 99.04, 98.92, 98.75, 98.63, 98.48, 98.39, 98.01, 97.85, 97.52, 97.4, 97.14, 97.21]

2024-11-05 00:06:40,866 [trainer.py] => Average Accuracy (CNN): 84.78599999999999 

