2024-11-04 14:33:25,083 [trainer.py] => config: exps/ease.json
2024-11-04 14:33:25,083 [trainer.py] => prefix:  
2024-11-04 14:33:25,083 [trainer.py] => dataset: cifar224
2024-11-04 14:33:25,083 [trainer.py] => memory_size: 0
2024-11-04 14:33:25,083 [trainer.py] => memory_per_class: 0
2024-11-04 14:33:25,083 [trainer.py] => fixed_memory: False
2024-11-04 14:33:25,084 [trainer.py] => shuffle: True
2024-11-04 14:33:25,084 [trainer.py] => init_cls: 5
2024-11-04 14:33:25,084 [trainer.py] => increment: 5
2024-11-04 14:33:25,084 [trainer.py] => model_name: ease
2024-11-04 14:33:25,084 [trainer.py] => backbone_type: vit_base_patch16_224_ease
2024-11-04 14:33:25,084 [trainer.py] => device: [device(type='cuda', index=1)]
2024-11-04 14:33:25,084 [trainer.py] => seed: 1993
2024-11-04 14:33:25,084 [trainer.py] => wandb_log: True
2024-11-04 14:33:25,085 [trainer.py] => init_epochs: 20
2024-11-04 14:33:25,085 [trainer.py] => init_lr: 0.025
2024-11-04 14:33:25,085 [trainer.py] => later_epochs: 20
2024-11-04 14:33:25,085 [trainer.py] => later_lr: 0.025
2024-11-04 14:33:25,085 [trainer.py] => batch_size: 48
2024-11-04 14:33:25,085 [trainer.py] => weight_decay: 0.0005
2024-11-04 14:33:25,085 [trainer.py] => min_lr: 0
2024-11-04 14:33:25,085 [trainer.py] => optimizer: sgd
2024-11-04 14:33:25,086 [trainer.py] => scheduler: cosine
2024-11-04 14:33:25,086 [trainer.py] => pretrained: True
2024-11-04 14:33:25,086 [trainer.py] => vpt_type: Deep
2024-11-04 14:33:25,086 [trainer.py] => prompt_token_num: 5
2024-11-04 14:33:25,086 [trainer.py] => ffn_num: 64
2024-11-04 14:33:25,086 [trainer.py] => use_diagonal: True
2024-11-04 14:33:25,086 [trainer.py] => recalc_sim: True
2024-11-04 14:33:25,086 [trainer.py] => alpha: 0.1
2024-11-04 14:33:25,087 [trainer.py] => use_init_ptm: False
2024-11-04 14:33:25,087 [trainer.py] => beta: 0
2024-11-04 14:33:25,087 [trainer.py] => use_old_data: False
2024-11-04 14:33:25,087 [trainer.py] => use_reweight: True
2024-11-04 14:33:25,087 [trainer.py] => moni_adam: False
2024-11-04 14:33:25,087 [trainer.py] => adapter_num: -1
2024-11-04 14:33:26,960 [data_manager.py] => [68, 56, 78, 8, 23, 84, 90, 65, 74, 76, 40, 89, 3, 92, 55, 9, 26, 80, 43, 38, 58, 70, 77, 1, 85, 19, 17, 50, 28, 53, 13, 81, 45, 82, 6, 59, 83, 16, 15, 44, 91, 41, 72, 60, 79, 52, 20, 10, 31, 54, 37, 95, 14, 71, 96, 98, 97, 2, 64, 66, 42, 22, 35, 86, 24, 34, 87, 21, 99, 0, 88, 27, 18, 94, 11, 12, 47, 25, 30, 46, 62, 69, 36, 61, 7, 63, 75, 5, 32, 4, 51, 48, 73, 93, 39, 67, 29, 49, 57, 33]
2024-11-04 14:33:30,915 [trainer.py] => All params: 86988288
2024-11-04 14:33:30,916 [trainer.py] => Trainable params: 1189632
2024-11-04 14:33:30,944 [ease.py] => Learning on 0-5
2024-11-04 14:41:01,999 [ease.py] => Task 0, Epoch 20/20 => Loss 0.123, Train_accy 96.24
2024-11-04 14:41:16,711 [ease.py] => Task correct: 100.0
2024-11-04 14:41:16,712 [ease.py] => Task acc: 99.8
2024-11-04 14:41:16,751 [trainer.py] => No NME accuracy.
2024-11-04 14:41:16,751 [trainer.py] => CNN: {'total': 99.8, '00-04': 99.8, 'old': 0, 'new': 99.8}
2024-11-04 14:41:16,751 [trainer.py] => CNN top1 curve: [99.8]
2024-11-04 14:41:16,751 [trainer.py] => CNN top5 curve: [100.0]

2024-11-04 14:41:16,752 [trainer.py] => Average Accuracy (CNN): 99.8 

2024-11-04 14:41:16,753 [trainer.py] => All params: 86995970
2024-11-04 14:41:16,754 [trainer.py] => Trainable params: 1189632
2024-11-04 14:41:16,755 [ease.py] => Learning on 5-10
2024-11-04 14:48:47,546 [ease.py] => Task 1, Epoch 20/20 => Loss 0.154, Train_accy 95.28
2024-11-04 14:49:08,821 [ease.py] => Task correct: 98.2
2024-11-04 14:49:08,822 [ease.py] => Task acc: 99.3
2024-11-04 14:49:08,853 [trainer.py] => No NME accuracy.
2024-11-04 14:49:08,853 [trainer.py] => CNN: {'total': 97.9, '00-04': 98.2, '05-09': 97.6, 'old': 98.2, 'new': 97.6}
2024-11-04 14:49:08,853 [trainer.py] => CNN top1 curve: [99.8, 97.9]
2024-11-04 14:49:08,853 [trainer.py] => CNN top5 curve: [100.0, 100.0]

2024-11-04 14:49:08,854 [trainer.py] => Average Accuracy (CNN): 98.85 

2024-11-04 14:49:08,855 [trainer.py] => All params: 87007490
2024-11-04 14:49:08,856 [trainer.py] => Trainable params: 1189632
2024-11-04 14:49:08,857 [ease.py] => Learning on 10-15
2024-11-04 14:56:39,961 [ease.py] => Task 2, Epoch 20/20 => Loss 0.176, Train_accy 94.16
2024-11-04 14:57:12,076 [ease.py] => Task correct: 96.93333333333334
2024-11-04 14:57:12,077 [ease.py] => Task acc: 99.2
2024-11-04 14:57:12,109 [trainer.py] => No NME accuracy.
2024-11-04 14:57:12,110 [trainer.py] => CNN: {'total': 96.6, '00-04': 98.2, '05-09': 94.6, '10-14': 97.0, 'old': 96.4, 'new': 97.0}
2024-11-04 14:57:12,110 [trainer.py] => CNN top1 curve: [99.8, 97.9, 96.6]
2024-11-04 14:57:12,110 [trainer.py] => CNN top5 curve: [100.0, 100.0, 99.8]

2024-11-04 14:57:12,110 [trainer.py] => Average Accuracy (CNN): 98.09999999999998 

2024-11-04 14:57:12,112 [trainer.py] => All params: 87026690
2024-11-04 14:57:12,112 [trainer.py] => Trainable params: 1189632
2024-11-04 14:57:12,114 [ease.py] => Learning on 15-20
2024-11-04 15:04:42,940 [ease.py] => Task 3, Epoch 20/20 => Loss 0.150, Train_accy 95.00
2024-11-04 15:05:30,912 [ease.py] => Task correct: 96.2
2024-11-04 15:05:30,913 [ease.py] => Task acc: 99.1
2024-11-04 15:05:30,960 [trainer.py] => No NME accuracy.
2024-11-04 15:05:30,960 [trainer.py] => CNN: {'total': 95.8, '00-04': 98.2, '05-09': 93.8, '10-14': 96.6, '15-19': 94.6, 'old': 96.2, 'new': 94.6}
2024-11-04 15:05:30,960 [trainer.py] => CNN top1 curve: [99.8, 97.9, 96.6, 95.8]
2024-11-04 15:05:30,960 [trainer.py] => CNN top5 curve: [100.0, 100.0, 99.8, 99.5]

2024-11-04 15:05:30,961 [trainer.py] => Average Accuracy (CNN): 97.52499999999999 

2024-11-04 15:05:30,964 [trainer.py] => All params: 87053570
2024-11-04 15:05:30,965 [trainer.py] => Trainable params: 1189632
2024-11-04 15:05:30,968 [ease.py] => Learning on 20-25
2024-11-04 15:13:02,516 [ease.py] => Task 4, Epoch 20/20 => Loss 0.083, Train_accy 97.16
2024-11-04 15:14:09,402 [ease.py] => Task correct: 95.92
2024-11-04 15:14:09,403 [ease.py] => Task acc: 99.2
2024-11-04 15:14:09,445 [trainer.py] => No NME accuracy.
2024-11-04 15:14:09,446 [trainer.py] => CNN: {'total': 95.56, '00-04': 98.0, '05-09': 93.4, '10-14': 95.4, '15-19': 94.6, '20-24': 96.4, 'old': 95.35, 'new': 96.4}
2024-11-04 15:14:09,446 [trainer.py] => CNN top1 curve: [99.8, 97.9, 96.6, 95.8, 95.56]
2024-11-04 15:14:09,446 [trainer.py] => CNN top5 curve: [100.0, 100.0, 99.8, 99.5, 99.44]

2024-11-04 15:14:09,446 [trainer.py] => Average Accuracy (CNN): 97.13199999999999 

2024-11-04 15:14:09,448 [trainer.py] => All params: 87088130
2024-11-04 15:14:09,450 [trainer.py] => Trainable params: 1189632
2024-11-04 15:14:09,453 [ease.py] => Learning on 25-30
2024-11-04 15:21:40,109 [ease.py] => Task 5, Epoch 20/20 => Loss 0.093, Train_accy 96.76
2024-11-04 15:23:11,135 [ease.py] => Task correct: 94.53333333333333
2024-11-04 15:23:11,136 [ease.py] => Task acc: 99.3
2024-11-04 15:23:11,177 [trainer.py] => No NME accuracy.
2024-11-04 15:23:11,177 [trainer.py] => CNN: {'total': 94.27, '00-04': 97.0, '05-09': 87.8, '10-14': 93.8, '15-19': 93.6, '20-24': 96.4, '25-29': 97.0, 'old': 93.72, 'new': 97.0}
2024-11-04 15:23:11,177 [trainer.py] => CNN top1 curve: [99.8, 97.9, 96.6, 95.8, 95.56, 94.27]
2024-11-04 15:23:11,178 [trainer.py] => CNN top5 curve: [100.0, 100.0, 99.8, 99.5, 99.44, 99.33]

2024-11-04 15:23:11,178 [trainer.py] => Average Accuracy (CNN): 96.65499999999999 

2024-11-04 15:23:11,180 [trainer.py] => All params: 87130370
2024-11-04 15:23:11,181 [trainer.py] => Trainable params: 1189632
2024-11-04 15:23:11,185 [ease.py] => Learning on 30-35
2024-11-04 15:30:54,115 [ease.py] => Task 6, Epoch 20/20 => Loss 0.199, Train_accy 92.60
2024-11-04 15:32:53,206 [ease.py] => Task correct: 93.45714285714286
2024-11-04 15:32:53,207 [ease.py] => Task acc: 99.14285714285714
2024-11-04 15:32:53,242 [trainer.py] => No NME accuracy.
2024-11-04 15:32:53,242 [trainer.py] => CNN: {'total': 93.09, '00-04': 97.0, '05-09': 87.8, '10-14': 93.6, '15-19': 91.2, '20-24': 96.2, '25-29': 97.0, '30-34': 88.8, 'old': 93.8, 'new': 88.8}
2024-11-04 15:32:53,243 [trainer.py] => CNN top1 curve: [99.8, 97.9, 96.6, 95.8, 95.56, 94.27, 93.09]
2024-11-04 15:32:53,243 [trainer.py] => CNN top5 curve: [100.0, 100.0, 99.8, 99.5, 99.44, 99.33, 99.31]

2024-11-04 15:32:53,243 [trainer.py] => Average Accuracy (CNN): 96.14571428571428 

2024-11-04 15:32:53,245 [trainer.py] => All params: 87180290
2024-11-04 15:32:53,246 [trainer.py] => Trainable params: 1189632
2024-11-04 15:32:53,250 [ease.py] => Learning on 35-40
2024-11-04 15:40:24,201 [ease.py] => Task 7, Epoch 20/20 => Loss 0.114, Train_accy 95.88
2024-11-04 15:42:55,744 [ease.py] => Task correct: 92.825
2024-11-04 15:42:55,744 [ease.py] => Task acc: 99.15
2024-11-04 15:42:55,778 [trainer.py] => No NME accuracy.
2024-11-04 15:42:55,778 [trainer.py] => CNN: {'total': 92.48, '00-04': 91.8, '05-09': 87.6, '10-14': 93.2, '15-19': 90.8, '20-24': 96.0, '25-29': 95.6, '30-34': 88.8, '35-39': 96.0, 'old': 91.97, 'new': 96.0}
2024-11-04 15:42:55,778 [trainer.py] => CNN top1 curve: [99.8, 97.9, 96.6, 95.8, 95.56, 94.27, 93.09, 92.48]
2024-11-04 15:42:55,778 [trainer.py] => CNN top5 curve: [100.0, 100.0, 99.8, 99.5, 99.44, 99.33, 99.31, 99.18]

2024-11-04 15:42:55,779 [trainer.py] => Average Accuracy (CNN): 95.6875 

2024-11-04 15:42:55,780 [trainer.py] => All params: 87237890
2024-11-04 15:42:55,781 [trainer.py] => Trainable params: 1189632
2024-11-04 15:42:55,786 [ease.py] => Learning on 40-45
2024-11-04 15:50:37,689 [ease.py] => Task 8, Epoch 20/20 => Loss 0.129, Train_accy 96.16
2024-11-04 15:53:47,055 [ease.py] => Task correct: 91.91111111111111
2024-11-04 15:53:47,056 [ease.py] => Task acc: 99.22222222222223
2024-11-04 15:53:47,096 [trainer.py] => No NME accuracy.
2024-11-04 15:53:47,096 [trainer.py] => CNN: {'total': 91.6, '00-04': 90.2, '05-09': 87.6, '10-14': 90.6, '15-19': 90.4, '20-24': 95.8, '25-29': 95.4, '30-34': 88.0, '35-39': 95.4, '40-44': 91.0, 'old': 91.68, 'new': 91.0}
2024-11-04 15:53:47,097 [trainer.py] => CNN top1 curve: [99.8, 97.9, 96.6, 95.8, 95.56, 94.27, 93.09, 92.48, 91.6]
2024-11-04 15:53:47,097 [trainer.py] => CNN top5 curve: [100.0, 100.0, 99.8, 99.5, 99.44, 99.33, 99.31, 99.18, 99.2]

2024-11-04 15:53:47,097 [trainer.py] => Average Accuracy (CNN): 95.23333333333333 

2024-11-04 15:53:47,099 [trainer.py] => All params: 87303170
2024-11-04 15:53:47,100 [trainer.py] => Trainable params: 1189632
2024-11-04 15:53:47,108 [ease.py] => Learning on 45-50
2024-11-04 16:01:24,292 [ease.py] => Task 9, Epoch 20/20 => Loss 0.081, Train_accy 97.56
2024-11-04 16:05:20,283 [ease.py] => Task correct: 90.96
2024-11-04 16:05:20,284 [ease.py] => Task acc: 99.24
2024-11-04 16:05:20,321 [trainer.py] => No NME accuracy.
2024-11-04 16:05:20,321 [trainer.py] => CNN: {'total': 90.66, '00-04': 90.2, '05-09': 87.0, '10-14': 89.2, '15-19': 90.4, '20-24': 95.6, '25-29': 94.0, '30-34': 87.8, '35-39': 93.0, '40-44': 90.8, '45-49': 88.6, 'old': 90.89, 'new': 88.6}
2024-11-04 16:05:20,321 [trainer.py] => CNN top1 curve: [99.8, 97.9, 96.6, 95.8, 95.56, 94.27, 93.09, 92.48, 91.6, 90.66]
2024-11-04 16:05:20,321 [trainer.py] => CNN top5 curve: [100.0, 100.0, 99.8, 99.5, 99.44, 99.33, 99.31, 99.18, 99.2, 99.14]

2024-11-04 16:05:20,322 [trainer.py] => Average Accuracy (CNN): 94.776 

2024-11-04 16:05:20,323 [trainer.py] => All params: 87376130
2024-11-04 16:05:20,324 [trainer.py] => Trainable params: 1189632
2024-11-04 16:05:20,330 [ease.py] => Learning on 50-55
2024-11-04 16:13:03,237 [ease.py] => Task 10, Epoch 20/20 => Loss 0.115, Train_accy 96.32
2024-11-04 16:17:39,798 [ease.py] => Task correct: 89.9090909090909
2024-11-04 16:17:39,799 [ease.py] => Task acc: 99.21818181818182
2024-11-04 16:17:39,831 [trainer.py] => No NME accuracy.
2024-11-04 16:17:39,831 [trainer.py] => CNN: {'total': 89.6, '00-04': 88.8, '05-09': 87.0, '10-14': 89.2, '15-19': 90.4, '20-24': 95.6, '25-29': 93.6, '30-34': 87.0, '35-39': 93.0, '40-44': 90.0, '45-49': 86.4, '50-54': 84.6, 'old': 90.1, 'new': 84.6}
2024-11-04 16:17:39,831 [trainer.py] => CNN top1 curve: [99.8, 97.9, 96.6, 95.8, 95.56, 94.27, 93.09, 92.48, 91.6, 90.66, 89.6]
2024-11-04 16:17:39,832 [trainer.py] => CNN top5 curve: [100.0, 100.0, 99.8, 99.5, 99.44, 99.33, 99.31, 99.18, 99.2, 99.14, 98.93]

2024-11-04 16:17:39,832 [trainer.py] => Average Accuracy (CNN): 94.30545454545454 

2024-11-04 16:17:39,833 [trainer.py] => All params: 87456770
2024-11-04 16:17:39,834 [trainer.py] => Trainable params: 1189632
2024-11-04 16:17:39,840 [ease.py] => Learning on 55-60
2024-11-04 16:25:12,474 [ease.py] => Task 11, Epoch 20/20 => Loss 0.209, Train_accy 92.60
2024-11-04 16:30:51,602 [ease.py] => Task correct: 89.83333333333333
2024-11-04 16:30:51,603 [ease.py] => Task acc: 99.16666666666667
2024-11-04 16:30:51,633 [trainer.py] => No NME accuracy.
2024-11-04 16:30:51,633 [trainer.py] => CNN: {'total': 89.52, '00-04': 88.8, '05-09': 87.0, '10-14': 89.2, '15-19': 90.2, '20-24': 95.4, '25-29': 93.6, '30-34': 87.0, '35-39': 93.0, '40-44': 90.0, '45-49': 86.4, '50-54': 84.6, '55-59': 89.0, 'old': 89.56, 'new': 89.0}
2024-11-04 16:30:51,634 [trainer.py] => CNN top1 curve: [99.8, 97.9, 96.6, 95.8, 95.56, 94.27, 93.09, 92.48, 91.6, 90.66, 89.6, 89.52]
2024-11-04 16:30:51,634 [trainer.py] => CNN top5 curve: [100.0, 100.0, 99.8, 99.5, 99.44, 99.33, 99.31, 99.18, 99.2, 99.14, 98.93, 98.8]

2024-11-04 16:30:51,634 [trainer.py] => Average Accuracy (CNN): 93.90666666666665 

2024-11-04 16:30:51,635 [trainer.py] => All params: 87545090
2024-11-04 16:30:51,636 [trainer.py] => Trainable params: 1189632
2024-11-04 16:30:51,644 [ease.py] => Learning on 60-65
2024-11-04 16:38:34,688 [ease.py] => Task 12, Epoch 20/20 => Loss 0.095, Train_accy 96.92
2024-11-04 16:44:55,664 [ease.py] => Task correct: 89.24615384615385
2024-11-04 16:44:55,665 [ease.py] => Task acc: 99.18461538461538
2024-11-04 16:44:55,709 [trainer.py] => No NME accuracy.
2024-11-04 16:44:55,709 [trainer.py] => CNN: {'total': 88.98, '00-04': 88.8, '05-09': 86.4, '10-14': 88.8, '15-19': 87.6, '20-24': 95.4, '25-29': 93.6, '30-34': 86.8, '35-39': 92.4, '40-44': 89.8, '45-49': 86.4, '50-54': 84.4, '55-59': 82.6, '60-64': 93.8, 'old': 88.58, 'new': 93.8}
2024-11-04 16:44:55,710 [trainer.py] => CNN top1 curve: [99.8, 97.9, 96.6, 95.8, 95.56, 94.27, 93.09, 92.48, 91.6, 90.66, 89.6, 89.52, 88.98]
2024-11-04 16:44:55,710 [trainer.py] => CNN top5 curve: [100.0, 100.0, 99.8, 99.5, 99.44, 99.33, 99.31, 99.18, 99.2, 99.14, 98.93, 98.8, 98.77]

2024-11-04 16:44:55,710 [trainer.py] => Average Accuracy (CNN): 93.5276923076923 

2024-11-04 16:44:55,712 [trainer.py] => All params: 87641090
2024-11-04 16:44:55,713 [trainer.py] => Trainable params: 1189632
2024-11-04 16:44:55,726 [ease.py] => Learning on 65-70
2024-11-04 16:52:25,936 [ease.py] => Task 13, Epoch 20/20 => Loss 0.074, Train_accy 97.68
2024-11-04 16:59:47,213 [ease.py] => Task correct: 89.25714285714285
2024-11-04 16:59:47,214 [ease.py] => Task acc: 99.24285714285715
2024-11-04 16:59:47,244 [trainer.py] => No NME accuracy.
2024-11-04 16:59:47,245 [trainer.py] => CNN: {'total': 89.01, '00-04': 87.0, '05-09': 86.0, '10-14': 87.8, '15-19': 87.4, '20-24': 95.4, '25-29': 93.6, '30-34': 86.8, '35-39': 92.2, '40-44': 89.6, '45-49': 86.0, '50-54': 84.0, '55-59': 81.8, '60-64': 92.6, '65-69': 96.0, 'old': 88.48, 'new': 96.0}
2024-11-04 16:59:47,245 [trainer.py] => CNN top1 curve: [99.8, 97.9, 96.6, 95.8, 95.56, 94.27, 93.09, 92.48, 91.6, 90.66, 89.6, 89.52, 88.98, 89.01]
2024-11-04 16:59:47,245 [trainer.py] => CNN top5 curve: [100.0, 100.0, 99.8, 99.5, 99.44, 99.33, 99.31, 99.18, 99.2, 99.14, 98.93, 98.8, 98.77, 98.76]

2024-11-04 16:59:47,245 [trainer.py] => Average Accuracy (CNN): 93.205 

2024-11-04 16:59:47,246 [trainer.py] => All params: 87744770
2024-11-04 16:59:47,247 [trainer.py] => Trainable params: 1189632
2024-11-04 16:59:47,256 [ease.py] => Learning on 70-75
2024-11-04 17:07:17,675 [ease.py] => Task 14, Epoch 20/20 => Loss 0.117, Train_accy 96.52
2024-11-04 17:15:42,143 [ease.py] => Task correct: 87.82666666666667
2024-11-04 17:15:42,144 [ease.py] => Task acc: 99.25333333333333
2024-11-04 17:15:42,186 [trainer.py] => No NME accuracy.
2024-11-04 17:15:42,186 [trainer.py] => CNN: {'total': 87.59, '00-04': 86.8, '05-09': 85.4, '10-14': 87.0, '15-19': 87.4, '20-24': 95.4, '25-29': 93.6, '30-34': 86.8, '35-39': 92.0, '40-44': 89.2, '45-49': 85.8, '50-54': 83.6, '55-59': 73.4, '60-64': 82.2, '65-69': 95.2, '70-74': 90.0, 'old': 87.41, 'new': 90.0}
2024-11-04 17:15:42,186 [trainer.py] => CNN top1 curve: [99.8, 97.9, 96.6, 95.8, 95.56, 94.27, 93.09, 92.48, 91.6, 90.66, 89.6, 89.52, 88.98, 89.01, 87.59]
2024-11-04 17:15:42,186 [trainer.py] => CNN top5 curve: [100.0, 100.0, 99.8, 99.5, 99.44, 99.33, 99.31, 99.18, 99.2, 99.14, 98.93, 98.8, 98.77, 98.76, 98.73]

2024-11-04 17:15:42,187 [trainer.py] => Average Accuracy (CNN): 92.83066666666666 

2024-11-04 17:15:42,189 [trainer.py] => All params: 87856130
2024-11-04 17:15:42,190 [trainer.py] => Trainable params: 1189632
2024-11-04 17:15:42,206 [ease.py] => Learning on 75-80
2024-11-04 17:23:12,114 [ease.py] => Task 15, Epoch 20/20 => Loss 0.094, Train_accy 97.28
2024-11-04 17:32:46,475 [ease.py] => Task correct: 85.7
2024-11-04 17:32:46,476 [ease.py] => Task acc: 99.2625
2024-11-04 17:32:46,507 [trainer.py] => No NME accuracy.
2024-11-04 17:32:46,507 [trainer.py] => CNN: {'total': 85.5, '00-04': 86.4, '05-09': 84.0, '10-14': 87.0, '15-19': 87.4, '20-24': 95.4, '25-29': 93.2, '30-34': 86.6, '35-39': 89.6, '40-44': 88.6, '45-49': 75.2, '50-54': 75.2, '55-59': 69.4, '60-64': 81.4, '65-69': 95.2, '70-74': 85.8, '75-79': 87.6, 'old': 85.36, 'new': 87.6}
2024-11-04 17:32:46,507 [trainer.py] => CNN top1 curve: [99.8, 97.9, 96.6, 95.8, 95.56, 94.27, 93.09, 92.48, 91.6, 90.66, 89.6, 89.52, 88.98, 89.01, 87.59, 85.5]
2024-11-04 17:32:46,508 [trainer.py] => CNN top5 curve: [100.0, 100.0, 99.8, 99.5, 99.44, 99.33, 99.31, 99.18, 99.2, 99.14, 98.93, 98.8, 98.77, 98.76, 98.73, 98.66]

2024-11-04 17:32:46,508 [trainer.py] => Average Accuracy (CNN): 92.37249999999999 

2024-11-04 17:32:46,510 [trainer.py] => All params: 87975170
2024-11-04 17:32:46,510 [trainer.py] => Trainable params: 1189632
2024-11-04 17:32:46,522 [ease.py] => Learning on 80-85
2024-11-04 17:40:16,973 [ease.py] => Task 16, Epoch 20/20 => Loss 0.087, Train_accy 97.48
2024-11-04 17:51:03,822 [ease.py] => Task correct: 85.28235294117647
2024-11-04 17:51:03,822 [ease.py] => Task acc: 99.27058823529411
2024-11-04 17:51:03,865 [trainer.py] => No NME accuracy.
2024-11-04 17:51:03,865 [trainer.py] => CNN: {'total': 85.11, '00-04': 85.6, '05-09': 82.0, '10-14': 86.4, '15-19': 87.2, '20-24': 95.4, '25-29': 92.2, '30-34': 85.8, '35-39': 89.4, '40-44': 88.6, '45-49': 73.0, '50-54': 73.6, '55-59': 69.4, '60-64': 81.0, '65-69': 95.2, '70-74': 85.8, '75-79': 87.2, '80-84': 89.0, 'old': 84.86, 'new': 89.0}
2024-11-04 17:51:03,865 [trainer.py] => CNN top1 curve: [99.8, 97.9, 96.6, 95.8, 95.56, 94.27, 93.09, 92.48, 91.6, 90.66, 89.6, 89.52, 88.98, 89.01, 87.59, 85.5, 85.11]
2024-11-04 17:51:03,866 [trainer.py] => CNN top5 curve: [100.0, 100.0, 99.8, 99.5, 99.44, 99.33, 99.31, 99.18, 99.2, 99.14, 98.93, 98.8, 98.77, 98.76, 98.73, 98.66, 98.53]

2024-11-04 17:51:03,866 [trainer.py] => Average Accuracy (CNN): 91.94529411764704 

2024-11-04 17:51:03,868 [trainer.py] => All params: 88101890
2024-11-04 17:51:03,869 [trainer.py] => Trainable params: 1189632
2024-11-04 17:51:03,890 [ease.py] => Learning on 85-90
2024-11-04 17:58:34,336 [ease.py] => Task 17, Epoch 20/20 => Loss 0.199, Train_accy 92.64
2024-11-04 18:10:39,453 [ease.py] => Task correct: 85.14444444444445
2024-11-04 18:10:39,454 [ease.py] => Task acc: 99.2
2024-11-04 18:10:39,498 [trainer.py] => No NME accuracy.
2024-11-04 18:10:39,498 [trainer.py] => CNN: {'total': 84.96, '00-04': 85.4, '05-09': 82.0, '10-14': 86.4, '15-19': 87.2, '20-24': 95.4, '25-29': 92.2, '30-34': 85.8, '35-39': 89.4, '40-44': 88.6, '45-49': 73.0, '50-54': 73.4, '55-59': 69.2, '60-64': 81.0, '65-69': 94.8, '70-74': 85.8, '75-79': 85.8, '80-84': 89.0, '85-89': 84.8, 'old': 84.96, 'new': 84.8}
2024-11-04 18:10:39,498 [trainer.py] => CNN top1 curve: [99.8, 97.9, 96.6, 95.8, 95.56, 94.27, 93.09, 92.48, 91.6, 90.66, 89.6, 89.52, 88.98, 89.01, 87.59, 85.5, 85.11, 84.96]
2024-11-04 18:10:39,498 [trainer.py] => CNN top5 curve: [100.0, 100.0, 99.8, 99.5, 99.44, 99.33, 99.31, 99.18, 99.2, 99.14, 98.93, 98.8, 98.77, 98.76, 98.73, 98.66, 98.53, 98.38]

2024-11-04 18:10:39,499 [trainer.py] => Average Accuracy (CNN): 91.55722222222221 

2024-11-04 18:10:39,500 [trainer.py] => All params: 88236290
2024-11-04 18:10:39,501 [trainer.py] => Trainable params: 1189632
2024-11-04 18:10:39,516 [ease.py] => Learning on 90-95
2024-11-04 18:18:08,647 [ease.py] => Task 18, Epoch 20/20 => Loss 0.119, Train_accy 95.76
2024-11-04 18:31:36,841 [ease.py] => Task correct: 85.22105263157894
2024-11-04 18:31:36,842 [ease.py] => Task acc: 99.23157894736842
2024-11-04 18:31:36,886 [trainer.py] => No NME accuracy.
2024-11-04 18:31:36,886 [trainer.py] => CNN: {'total': 85.03, '00-04': 84.4, '05-09': 81.4, '10-14': 86.4, '15-19': 87.2, '20-24': 94.8, '25-29': 92.0, '30-34': 85.8, '35-39': 89.4, '40-44': 88.6, '45-49': 72.8, '50-54': 73.0, '55-59': 69.2, '60-64': 80.8, '65-69': 94.8, '70-74': 85.8, '75-79': 85.8, '80-84': 89.0, '85-89': 84.4, '90-94': 90.0, 'old': 84.76, 'new': 90.0}
2024-11-04 18:31:36,886 [trainer.py] => CNN top1 curve: [99.8, 97.9, 96.6, 95.8, 95.56, 94.27, 93.09, 92.48, 91.6, 90.66, 89.6, 89.52, 88.98, 89.01, 87.59, 85.5, 85.11, 84.96, 85.03]
2024-11-04 18:31:36,887 [trainer.py] => CNN top5 curve: [100.0, 100.0, 99.8, 99.5, 99.44, 99.33, 99.31, 99.18, 99.2, 99.14, 98.93, 98.8, 98.77, 98.76, 98.73, 98.66, 98.53, 98.38, 98.36]

2024-11-04 18:31:36,887 [trainer.py] => Average Accuracy (CNN): 91.2136842105263 

2024-11-04 18:31:36,889 [trainer.py] => All params: 88378370
2024-11-04 18:31:36,890 [trainer.py] => Trainable params: 1189632
2024-11-04 18:31:36,915 [ease.py] => Learning on 95-100
2024-11-04 18:39:07,857 [ease.py] => Task 19, Epoch 20/20 => Loss 0.146, Train_accy 95.00
2024-11-04 18:54:01,691 [ease.py] => Task correct: 84.65
2024-11-04 18:54:01,692 [ease.py] => Task acc: 99.14
2024-11-04 18:54:01,728 [trainer.py] => No NME accuracy.
2024-11-04 18:54:01,728 [trainer.py] => CNN: {'total': 84.44, '00-04': 84.0, '05-09': 81.4, '10-14': 86.4, '15-19': 87.2, '20-24': 94.8, '25-29': 92.0, '30-34': 85.8, '35-39': 89.4, '40-44': 88.6, '45-49': 72.8, '50-54': 72.8, '55-59': 69.2, '60-64': 80.8, '65-69': 94.8, '70-74': 85.6, '75-79': 85.8, '80-84': 89.0, '85-89': 84.0, '90-94': 89.4, '95-99': 75.0, 'old': 84.94, 'new': 75.0}
2024-11-04 18:54:01,728 [trainer.py] => CNN top1 curve: [99.8, 97.9, 96.6, 95.8, 95.56, 94.27, 93.09, 92.48, 91.6, 90.66, 89.6, 89.52, 88.98, 89.01, 87.59, 85.5, 85.11, 84.96, 85.03, 84.44]
2024-11-04 18:54:01,728 [trainer.py] => CNN top5 curve: [100.0, 100.0, 99.8, 99.5, 99.44, 99.33, 99.31, 99.18, 99.2, 99.14, 98.93, 98.8, 98.77, 98.76, 98.73, 98.66, 98.53, 98.38, 98.36, 98.04]

2024-11-04 18:54:01,729 [trainer.py] => Average Accuracy (CNN): 90.87499999999999 

