2024-10-23 17:49:17,264 [trainer.py] => config: exps/ease.json
2024-10-23 17:49:17,264 [trainer.py] => prefix:  
2024-10-23 17:49:17,265 [trainer.py] => dataset: cifar224
2024-10-23 17:49:17,265 [trainer.py] => memory_size: 0
2024-10-23 17:49:17,265 [trainer.py] => memory_per_class: 0
2024-10-23 17:49:17,265 [trainer.py] => fixed_memory: False
2024-10-23 17:49:17,265 [trainer.py] => shuffle: True
2024-10-23 17:49:17,265 [trainer.py] => init_cls: 5
2024-10-23 17:49:17,265 [trainer.py] => increment: 5
2024-10-23 17:49:17,265 [trainer.py] => model_name: ease
2024-10-23 17:49:17,265 [trainer.py] => backbone_type: vit_base_patch16_224_ease
2024-10-23 17:49:17,265 [trainer.py] => device: [device(type='cuda', index=0)]
2024-10-23 17:49:17,265 [trainer.py] => seed: 1993
2024-10-23 17:49:17,265 [trainer.py] => init_epochs: 20
2024-10-23 17:49:17,265 [trainer.py] => init_lr: 0.025
2024-10-23 17:49:17,265 [trainer.py] => later_epochs: 20
2024-10-23 17:49:17,265 [trainer.py] => later_lr: 0.025
2024-10-23 17:49:17,265 [trainer.py] => batch_size: 48
2024-10-23 17:49:17,265 [trainer.py] => weight_decay: 0.0005
2024-10-23 17:49:17,265 [trainer.py] => min_lr: 0
2024-10-23 17:49:17,265 [trainer.py] => optimizer: sgd
2024-10-23 17:49:17,265 [trainer.py] => scheduler: cosine
2024-10-23 17:49:17,265 [trainer.py] => pretrained: True
2024-10-23 17:49:17,266 [trainer.py] => vpt_type: Deep
2024-10-23 17:49:17,266 [trainer.py] => prompt_token_num: 5
2024-10-23 17:49:17,266 [trainer.py] => ffn_num: 64
2024-10-23 17:49:17,266 [trainer.py] => use_diagonal: False
2024-10-23 17:49:17,266 [trainer.py] => recalc_sim: True
2024-10-23 17:49:17,266 [trainer.py] => alpha: 0.1
2024-10-23 17:49:17,266 [trainer.py] => use_init_ptm: False
2024-10-23 17:49:17,266 [trainer.py] => beta: 0
2024-10-23 17:49:17,266 [trainer.py] => use_old_data: False
2024-10-23 17:49:17,266 [trainer.py] => use_reweight: True
2024-10-23 17:49:17,266 [trainer.py] => moni_adam: False
2024-10-23 17:49:17,266 [trainer.py] => adapter_num: -1
2024-10-23 17:50:17,603 [data_manager.py] => [68, 56, 78, 8, 23, 84, 90, 65, 74, 76, 40, 89, 3, 92, 55, 9, 26, 80, 43, 38, 58, 70, 77, 1, 85, 19, 17, 50, 28, 53, 13, 81, 45, 82, 6, 59, 83, 16, 15, 44, 91, 41, 72, 60, 79, 52, 20, 10, 31, 54, 37, 95, 14, 71, 96, 98, 97, 2, 64, 66, 42, 22, 35, 86, 24, 34, 87, 21, 99, 0, 88, 27, 18, 94, 11, 12, 47, 25, 30, 46, 62, 69, 36, 61, 7, 63, 75, 5, 32, 4, 51, 48, 73, 93, 39, 67, 29, 49, 57, 33]
2024-10-23 17:50:22,695 [trainer.py] => All params: 86988288
2024-10-23 17:50:22,696 [trainer.py] => Trainable params: 1189632
2024-10-23 17:50:22,697 [ease.py] => Learning on 0-5
2024-10-23 17:57:30,603 [ease.py] => Task 0, Epoch 20/20 => Loss 0.123, Train_accy 96.24
2024-10-23 17:57:44,559 [ease.py] => Task correct: 100.0
2024-10-23 17:57:44,560 [ease.py] => Task acc: 99.8
2024-10-23 17:57:44,604 [trainer.py] => No NME accuracy.
2024-10-23 17:57:44,604 [trainer.py] => CNN: {'total': np.float64(99.8), '00-04': np.float64(99.8), 'old': 0, 'new': np.float64(99.8)}
2024-10-23 17:57:44,604 [trainer.py] => CNN top1 curve: [np.float64(99.8)]
2024-10-23 17:57:44,604 [trainer.py] => CNN top5 curve: [np.float64(100.0)]

2024-10-23 17:57:44,604 [trainer.py] => Average Accuracy (CNN): 99.8 

2024-10-23 17:57:44,605 [trainer.py] => All params: 86995970
2024-10-23 17:57:44,606 [trainer.py] => Trainable params: 1189632
2024-10-23 17:57:44,607 [ease.py] => Learning on 5-10
2024-10-23 18:05:44,685 [ease.py] => Task 1, Epoch 20/20 => Loss 0.154, Train_accy 95.28
2024-10-23 18:06:16,432 [ease.py] => Task correct: 98.3
2024-10-23 18:06:16,432 [ease.py] => Task acc: 99.3
2024-10-23 18:06:16,462 [trainer.py] => No NME accuracy.
2024-10-23 18:06:16,463 [trainer.py] => CNN: {'total': np.float64(98.0), '00-04': np.float64(98.2), '05-09': np.float64(97.8), 'old': np.float64(98.2), 'new': np.float64(97.8)}
2024-10-23 18:06:16,463 [trainer.py] => CNN top1 curve: [np.float64(99.8), np.float64(98.0)]
2024-10-23 18:06:16,463 [trainer.py] => CNN top5 curve: [np.float64(100.0), np.float64(100.0)]

2024-10-23 18:06:16,463 [trainer.py] => Average Accuracy (CNN): 98.9 

2024-10-23 18:06:16,464 [trainer.py] => All params: 87007490
2024-10-23 18:06:16,464 [trainer.py] => Trainable params: 1189632
2024-10-23 18:06:16,466 [ease.py] => Learning on 10-15
2024-10-23 18:13:25,037 [ease.py] => Task 2, Epoch 20/20 => Loss 0.162, Train_accy 94.28
2024-10-23 18:14:18,069 [ease.py] => Task correct: 97.0
2024-10-23 18:14:18,069 [ease.py] => Task acc: 99.2
2024-10-23 18:14:18,105 [trainer.py] => No NME accuracy.
2024-10-23 18:14:18,106 [trainer.py] => CNN: {'total': np.float64(96.67), '00-04': np.float64(98.2), '05-09': np.float64(94.6), '10-14': np.float64(97.2), 'old': np.float64(96.4), 'new': np.float64(97.2)}
2024-10-23 18:14:18,106 [trainer.py] => CNN top1 curve: [np.float64(99.8), np.float64(98.0), np.float64(96.67)]
2024-10-23 18:14:18,106 [trainer.py] => CNN top5 curve: [np.float64(100.0), np.float64(100.0), np.float64(99.8)]

2024-10-23 18:14:18,106 [trainer.py] => Average Accuracy (CNN): 98.15666666666668 

2024-10-23 18:14:18,107 [trainer.py] => All params: 87026690
2024-10-23 18:14:18,108 [trainer.py] => Trainable params: 1189632
2024-10-23 18:14:18,109 [ease.py] => Learning on 15-20
2024-10-23 18:21:27,420 [ease.py] => Task 3, Epoch 20/20 => Loss 0.164, Train_accy 94.92
2024-10-23 18:22:46,309 [ease.py] => Task correct: 96.35
2024-10-23 18:22:46,310 [ease.py] => Task acc: 99.05
2024-10-23 18:22:46,345 [trainer.py] => No NME accuracy.
2024-10-23 18:22:46,345 [trainer.py] => CNN: {'total': np.float64(95.95), '00-04': np.float64(98.2), '05-09': np.float64(93.8), '10-14': np.float64(96.8), '15-19': np.float64(95.0), 'old': np.float64(96.27), 'new': np.float64(95.0)}
2024-10-23 18:22:46,345 [trainer.py] => CNN top1 curve: [np.float64(99.8), np.float64(98.0), np.float64(96.67), np.float64(95.95)]
2024-10-23 18:22:46,345 [trainer.py] => CNN top5 curve: [np.float64(100.0), np.float64(100.0), np.float64(99.8), np.float64(99.5)]

2024-10-23 18:22:46,345 [trainer.py] => Average Accuracy (CNN): 97.605 

2024-10-23 18:22:46,346 [trainer.py] => All params: 87053570
2024-10-23 18:22:46,347 [trainer.py] => Trainable params: 1189632
2024-10-23 18:22:46,349 [ease.py] => Learning on 20-25
2024-10-23 18:29:55,576 [ease.py] => Task 4, Epoch 20/20 => Loss 0.082, Train_accy 97.16
2024-10-23 18:31:43,745 [ease.py] => Task correct: 95.88
2024-10-23 18:31:43,745 [ease.py] => Task acc: 99.12
2024-10-23 18:31:43,776 [trainer.py] => No NME accuracy.
2024-10-23 18:31:43,776 [trainer.py] => CNN: {'total': np.float64(95.52), '00-04': np.float64(97.8), '05-09': np.float64(93.0), '10-14': np.float64(95.4), '15-19': np.float64(95.0), '20-24': np.float64(96.4), 'old': np.float64(95.3), 'new': np.float64(96.4)}
2024-10-23 18:31:43,776 [trainer.py] => CNN top1 curve: [np.float64(99.8), np.float64(98.0), np.float64(96.67), np.float64(95.95), np.float64(95.52)]
2024-10-23 18:31:43,776 [trainer.py] => CNN top5 curve: [np.float64(100.0), np.float64(100.0), np.float64(99.8), np.float64(99.5), np.float64(99.44)]

2024-10-23 18:31:43,777 [trainer.py] => Average Accuracy (CNN): 97.188 

2024-10-23 18:31:43,777 [trainer.py] => All params: 87088130
2024-10-23 18:31:43,778 [trainer.py] => Trainable params: 1189632
2024-10-23 18:31:43,780 [ease.py] => Learning on 25-30
2024-10-23 18:38:52,351 [ease.py] => Task 5, Epoch 20/20 => Loss 0.088, Train_accy 97.12
2024-10-23 18:41:14,766 [ease.py] => Task correct: 94.33333333333333
2024-10-23 18:41:14,766 [ease.py] => Task acc: 99.23333333333333
2024-10-23 18:41:14,802 [trainer.py] => No NME accuracy.
2024-10-23 18:41:14,802 [trainer.py] => CNN: {'total': np.float64(94.1), '00-04': np.float64(96.8), '05-09': np.float64(85.8), '10-14': np.float64(93.8), '15-19': np.float64(94.2), '20-24': np.float64(96.4), '25-29': np.float64(97.6), 'old': np.float64(93.4), 'new': np.float64(97.6)}
2024-10-23 18:41:14,802 [trainer.py] => CNN top1 curve: [np.float64(99.8), np.float64(98.0), np.float64(96.67), np.float64(95.95), np.float64(95.52), np.float64(94.1)]
2024-10-23 18:41:14,802 [trainer.py] => CNN top5 curve: [np.float64(100.0), np.float64(100.0), np.float64(99.8), np.float64(99.5), np.float64(99.44), np.float64(99.43)]

2024-10-23 18:41:14,802 [trainer.py] => Average Accuracy (CNN): 96.67333333333333 

2024-10-23 18:41:14,803 [trainer.py] => All params: 87130370
2024-10-23 18:41:14,803 [trainer.py] => Trainable params: 1189632
2024-10-23 18:41:14,806 [ease.py] => Learning on 30-35
2024-10-23 18:48:24,479 [ease.py] => Task 6, Epoch 20/20 => Loss 0.173, Train_accy 93.80
2024-10-23 18:51:24,230 [ease.py] => Task correct: 93.45714285714286
2024-10-23 18:51:24,230 [ease.py] => Task acc: 99.11428571428571
2024-10-23 18:51:24,261 [trainer.py] => No NME accuracy.
2024-10-23 18:51:24,261 [trainer.py] => CNN: {'total': np.float64(93.14), '00-04': np.float64(96.8), '05-09': np.float64(85.4), '10-14': np.float64(93.8), '15-19': np.float64(91.8), '20-24': np.float64(96.2), '25-29': np.float64(97.4), '30-34': np.float64(90.6), 'old': np.float64(93.57), 'new': np.float64(90.6)}
2024-10-23 18:51:24,261 [trainer.py] => CNN top1 curve: [np.float64(99.8), np.float64(98.0), np.float64(96.67), np.float64(95.95), np.float64(95.52), np.float64(94.1), np.float64(93.14)]
2024-10-23 18:51:24,261 [trainer.py] => CNN top5 curve: [np.float64(100.0), np.float64(100.0), np.float64(99.8), np.float64(99.5), np.float64(99.44), np.float64(99.43), np.float64(99.34)]

2024-10-23 18:51:24,261 [trainer.py] => Average Accuracy (CNN): 96.16857142857143 

2024-10-23 18:51:24,262 [trainer.py] => All params: 87180290
2024-10-23 18:51:24,262 [trainer.py] => Trainable params: 1189632
2024-10-23 18:51:24,265 [ease.py] => Learning on 35-40
2024-10-23 19:00:11,631 [ease.py] => Task 7, Epoch 20/20 => Loss 0.098, Train_accy 96.84
2024-10-23 19:04:40,254 [ease.py] => Task correct: 92.475
2024-10-23 19:04:40,254 [ease.py] => Task acc: 99.125
2024-10-23 19:04:40,291 [trainer.py] => No NME accuracy.
2024-10-23 19:04:40,291 [trainer.py] => CNN: {'total': np.float64(92.15), '00-04': np.float64(90.6), '05-09': np.float64(85.4), '10-14': np.float64(93.0), '15-19': np.float64(90.2), '20-24': np.float64(96.0), '25-29': np.float64(95.6), '30-34': np.float64(90.4), '35-39': np.float64(96.0), 'old': np.float64(91.6), 'new': np.float64(96.0)}
2024-10-23 19:04:40,292 [trainer.py] => CNN top1 curve: [np.float64(99.8), np.float64(98.0), np.float64(96.67), np.float64(95.95), np.float64(95.52), np.float64(94.1), np.float64(93.14), np.float64(92.15)]
2024-10-23 19:04:40,292 [trainer.py] => CNN top5 curve: [np.float64(100.0), np.float64(100.0), np.float64(99.8), np.float64(99.5), np.float64(99.44), np.float64(99.43), np.float64(99.34), np.float64(99.22)]

2024-10-23 19:04:40,292 [trainer.py] => Average Accuracy (CNN): 95.66624999999999 

2024-10-23 19:04:40,293 [trainer.py] => All params: 87237890
2024-10-23 19:04:40,293 [trainer.py] => Trainable params: 1189632
2024-10-23 19:04:40,297 [ease.py] => Learning on 40-45
2024-10-23 19:11:49,324 [ease.py] => Task 8, Epoch 20/20 => Loss 0.138, Train_accy 95.52
2024-10-23 19:16:16,803 [ease.py] => Task correct: 91.5111111111111
2024-10-23 19:16:16,803 [ease.py] => Task acc: 99.22222222222223
2024-10-23 19:16:16,840 [trainer.py] => No NME accuracy.
2024-10-23 19:16:16,840 [trainer.py] => CNN: {'total': np.float64(91.22), '00-04': np.float64(88.4), '05-09': np.float64(85.4), '10-14': np.float64(89.6), '15-19': np.float64(89.8), '20-24': np.float64(95.8), '25-29': np.float64(95.2), '30-34': np.float64(89.4), '35-39': np.float64(95.4), '40-44': np.float64(92.0), 'old': np.float64(91.12), 'new': np.float64(92.0)}
2024-10-23 19:16:16,840 [trainer.py] => CNN top1 curve: [np.float64(99.8), np.float64(98.0), np.float64(96.67), np.float64(95.95), np.float64(95.52), np.float64(94.1), np.float64(93.14), np.float64(92.15), np.float64(91.22)]
2024-10-23 19:16:16,840 [trainer.py] => CNN top5 curve: [np.float64(100.0), np.float64(100.0), np.float64(99.8), np.float64(99.5), np.float64(99.44), np.float64(99.43), np.float64(99.34), np.float64(99.22), np.float64(99.22)]

2024-10-23 19:16:16,840 [trainer.py] => Average Accuracy (CNN): 95.17222222222222 

2024-10-23 19:16:16,841 [trainer.py] => All params: 87303170
2024-10-23 19:16:16,842 [trainer.py] => Trainable params: 1189632
2024-10-23 19:16:16,846 [ease.py] => Learning on 45-50
2024-10-23 19:23:25,171 [ease.py] => Task 9, Epoch 20/20 => Loss 0.082, Train_accy 97.60
2024-10-23 19:28:42,331 [ease.py] => Task correct: 90.56
2024-10-23 19:28:42,331 [ease.py] => Task acc: 99.24
2024-10-23 19:28:42,361 [trainer.py] => No NME accuracy.
2024-10-23 19:28:42,361 [trainer.py] => CNN: {'total': np.float64(90.3), '00-04': np.float64(89.0), '05-09': np.float64(84.6), '10-14': np.float64(88.0), '15-19': np.float64(89.4), '20-24': np.float64(95.6), '25-29': np.float64(93.0), '30-34': np.float64(89.4), '35-39': np.float64(92.8), '40-44': np.float64(91.6), '45-49': np.float64(89.6), 'old': np.float64(90.38), 'new': np.float64(89.6)}
2024-10-23 19:28:42,361 [trainer.py] => CNN top1 curve: [np.float64(99.8), np.float64(98.0), np.float64(96.67), np.float64(95.95), np.float64(95.52), np.float64(94.1), np.float64(93.14), np.float64(92.15), np.float64(91.22), np.float64(90.3)]
2024-10-23 19:28:42,361 [trainer.py] => CNN top5 curve: [np.float64(100.0), np.float64(100.0), np.float64(99.8), np.float64(99.5), np.float64(99.44), np.float64(99.43), np.float64(99.34), np.float64(99.22), np.float64(99.22), np.float64(99.12)]

2024-10-23 19:28:42,361 [trainer.py] => Average Accuracy (CNN): 94.68499999999999 

2024-10-23 19:28:42,362 [trainer.py] => All params: 87376130
2024-10-23 19:28:42,363 [trainer.py] => Trainable params: 1189632
2024-10-23 19:28:42,368 [ease.py] => Learning on 50-55
2024-10-23 19:35:50,801 [ease.py] => Task 10, Epoch 20/20 => Loss 0.125, Train_accy 96.12
2024-10-23 19:42:02,226 [ease.py] => Task correct: 89.47272727272727
2024-10-23 19:42:02,227 [ease.py] => Task acc: 99.18181818181819
2024-10-23 19:42:02,257 [trainer.py] => No NME accuracy.
2024-10-23 19:42:02,257 [trainer.py] => CNN: {'total': np.float64(89.18), '00-04': np.float64(87.8), '05-09': np.float64(84.6), '10-14': np.float64(88.0), '15-19': np.float64(89.4), '20-24': np.float64(95.6), '25-29': np.float64(92.4), '30-34': np.float64(88.4), '35-39': np.float64(93.0), '40-44': np.float64(90.4), '45-49': np.float64(87.2), '50-54': np.float64(84.2), 'old': np.float64(89.68), 'new': np.float64(84.2)}
2024-10-23 19:42:02,257 [trainer.py] => CNN top1 curve: [np.float64(99.8), np.float64(98.0), np.float64(96.67), np.float64(95.95), np.float64(95.52), np.float64(94.1), np.float64(93.14), np.float64(92.15), np.float64(91.22), np.float64(90.3), np.float64(89.18)]
2024-10-23 19:42:02,257 [trainer.py] => CNN top5 curve: [np.float64(100.0), np.float64(100.0), np.float64(99.8), np.float64(99.5), np.float64(99.44), np.float64(99.43), np.float64(99.34), np.float64(99.22), np.float64(99.22), np.float64(99.12), np.float64(98.95)]

2024-10-23 19:42:02,257 [trainer.py] => Average Accuracy (CNN): 94.18454545454546 

2024-10-23 19:42:02,258 [trainer.py] => All params: 87456770
2024-10-23 19:42:02,259 [trainer.py] => Trainable params: 1189632
2024-10-23 19:42:02,265 [ease.py] => Learning on 55-60
2024-10-23 19:49:59,149 [ease.py] => Task 11, Epoch 20/20 => Loss 0.221, Train_accy 92.64
2024-10-23 19:58:05,718 [ease.py] => Task correct: 89.46666666666667
2024-10-23 19:58:05,719 [ease.py] => Task acc: 99.13333333333334
2024-10-23 19:58:05,750 [trainer.py] => No NME accuracy.
2024-10-23 19:58:05,750 [trainer.py] => CNN: {'total': np.float64(89.15), '00-04': np.float64(87.6), '05-09': np.float64(84.6), '10-14': np.float64(88.2), '15-19': np.float64(89.2), '20-24': np.float64(95.6), '25-29': np.float64(92.2), '30-34': np.float64(88.4), '35-39': np.float64(92.8), '40-44': np.float64(90.4), '45-49': np.float64(87.2), '50-54': np.float64(84.2), '55-59': np.float64(89.4), 'old': np.float64(89.13), 'new': np.float64(89.4)}
2024-10-23 19:58:05,750 [trainer.py] => CNN top1 curve: [np.float64(99.8), np.float64(98.0), np.float64(96.67), np.float64(95.95), np.float64(95.52), np.float64(94.1), np.float64(93.14), np.float64(92.15), np.float64(91.22), np.float64(90.3), np.float64(89.18), np.float64(89.15)]
2024-10-23 19:58:05,750 [trainer.py] => CNN top5 curve: [np.float64(100.0), np.float64(100.0), np.float64(99.8), np.float64(99.5), np.float64(99.44), np.float64(99.43), np.float64(99.34), np.float64(99.22), np.float64(99.22), np.float64(99.12), np.float64(98.95), np.float64(98.85)]

2024-10-23 19:58:05,750 [trainer.py] => Average Accuracy (CNN): 93.765 

2024-10-23 19:58:05,751 [trainer.py] => All params: 87545090
2024-10-23 19:58:05,751 [trainer.py] => Trainable params: 1189632
2024-10-23 19:58:05,759 [ease.py] => Learning on 60-65
2024-10-23 20:05:14,644 [ease.py] => Task 12, Epoch 20/20 => Loss 0.102, Train_accy 97.08
2024-10-23 20:13:27,874 [ease.py] => Task correct: 88.9076923076923
2024-10-23 20:13:27,874 [ease.py] => Task acc: 99.16923076923077
2024-10-23 20:13:27,904 [trainer.py] => No NME accuracy.
2024-10-23 20:13:27,904 [trainer.py] => CNN: {'total': np.float64(88.63), '00-04': np.float64(87.6), '05-09': np.float64(84.4), '10-14': np.float64(88.0), '15-19': np.float64(86.2), '20-24': np.float64(95.6), '25-29': np.float64(92.4), '30-34': np.float64(87.8), '35-39': np.float64(92.4), '40-44': np.float64(90.2), '45-49': np.float64(87.0), '50-54': np.float64(84.4), '55-59': np.float64(82.4), '60-64': np.float64(93.8), 'old': np.float64(88.2), 'new': np.float64(93.8)}
2024-10-23 20:13:27,904 [trainer.py] => CNN top1 curve: [np.float64(99.8), np.float64(98.0), np.float64(96.67), np.float64(95.95), np.float64(95.52), np.float64(94.1), np.float64(93.14), np.float64(92.15), np.float64(91.22), np.float64(90.3), np.float64(89.18), np.float64(89.15), np.float64(88.63)]
2024-10-23 20:13:27,904 [trainer.py] => CNN top5 curve: [np.float64(100.0), np.float64(100.0), np.float64(99.8), np.float64(99.5), np.float64(99.44), np.float64(99.43), np.float64(99.34), np.float64(99.22), np.float64(99.22), np.float64(99.12), np.float64(98.95), np.float64(98.85), np.float64(98.8)]

2024-10-23 20:13:27,905 [trainer.py] => Average Accuracy (CNN): 93.36999999999999 

2024-10-23 20:13:27,905 [trainer.py] => All params: 87641090
2024-10-23 20:13:27,906 [trainer.py] => Trainable params: 1189632
2024-10-23 20:13:27,914 [ease.py] => Learning on 65-70
2024-10-23 20:20:36,886 [ease.py] => Task 13, Epoch 20/20 => Loss 0.080, Train_accy 97.24
2024-10-23 20:29:56,426 [ease.py] => Task correct: 88.85714285714286
2024-10-23 20:29:56,426 [ease.py] => Task acc: 99.22857142857143
2024-10-23 20:29:56,463 [trainer.py] => No NME accuracy.
2024-10-23 20:29:56,463 [trainer.py] => CNN: {'total': np.float64(88.6), '00-04': np.float64(84.6), '05-09': np.float64(84.0), '10-14': np.float64(86.8), '15-19': np.float64(86.0), '20-24': np.float64(95.6), '25-29': np.float64(92.4), '30-34': np.float64(87.8), '35-39': np.float64(92.2), '40-44': np.float64(90.0), '45-49': np.float64(86.4), '50-54': np.float64(83.8), '55-59': np.float64(81.2), '60-64': np.float64(92.6), '65-69': np.float64(97.0), 'old': np.float64(87.95), 'new': np.float64(97.0)}
2024-10-23 20:29:56,464 [trainer.py] => CNN top1 curve: [np.float64(99.8), np.float64(98.0), np.float64(96.67), np.float64(95.95), np.float64(95.52), np.float64(94.1), np.float64(93.14), np.float64(92.15), np.float64(91.22), np.float64(90.3), np.float64(89.18), np.float64(89.15), np.float64(88.63), np.float64(88.6)]
2024-10-23 20:29:56,464 [trainer.py] => CNN top5 curve: [np.float64(100.0), np.float64(100.0), np.float64(99.8), np.float64(99.5), np.float64(99.44), np.float64(99.43), np.float64(99.34), np.float64(99.22), np.float64(99.22), np.float64(99.12), np.float64(98.95), np.float64(98.85), np.float64(98.8), np.float64(98.79)]

2024-10-23 20:29:56,464 [trainer.py] => Average Accuracy (CNN): 93.0292857142857 

2024-10-23 20:29:56,465 [trainer.py] => All params: 87744770
2024-10-23 20:29:56,465 [trainer.py] => Trainable params: 1189632
2024-10-23 20:29:56,475 [ease.py] => Learning on 70-75
2024-10-23 20:37:04,831 [ease.py] => Task 14, Epoch 20/20 => Loss 0.113, Train_accy 96.08
2024-10-23 20:47:36,171 [ease.py] => Task correct: 87.41333333333333
2024-10-23 20:47:36,172 [ease.py] => Task acc: 99.24
2024-10-23 20:47:36,209 [trainer.py] => No NME accuracy.
2024-10-23 20:47:36,209 [trainer.py] => CNN: {'total': np.float64(87.16), '00-04': np.float64(84.8), '05-09': np.float64(83.4), '10-14': np.float64(86.0), '15-19': np.float64(86.0), '20-24': np.float64(95.6), '25-29': np.float64(92.2), '30-34': np.float64(87.6), '35-39': np.float64(91.8), '40-44': np.float64(89.6), '45-49': np.float64(86.2), '50-54': np.float64(83.4), '55-59': np.float64(72.0), '60-64': np.float64(81.2), '65-69': np.float64(95.8), '70-74': np.float64(91.8), 'old': np.float64(86.83), 'new': np.float64(91.8)}
2024-10-23 20:47:36,209 [trainer.py] => CNN top1 curve: [np.float64(99.8), np.float64(98.0), np.float64(96.67), np.float64(95.95), np.float64(95.52), np.float64(94.1), np.float64(93.14), np.float64(92.15), np.float64(91.22), np.float64(90.3), np.float64(89.18), np.float64(89.15), np.float64(88.63), np.float64(88.6), np.float64(87.16)]
2024-10-23 20:47:36,209 [trainer.py] => CNN top5 curve: [np.float64(100.0), np.float64(100.0), np.float64(99.8), np.float64(99.5), np.float64(99.44), np.float64(99.43), np.float64(99.34), np.float64(99.22), np.float64(99.22), np.float64(99.12), np.float64(98.95), np.float64(98.85), np.float64(98.8), np.float64(98.79), np.float64(98.73)]

2024-10-23 20:47:36,209 [trainer.py] => Average Accuracy (CNN): 92.63799999999999 

2024-10-23 20:47:36,210 [trainer.py] => All params: 87856130
2024-10-23 20:47:36,211 [trainer.py] => Trainable params: 1189632
2024-10-23 20:47:36,222 [ease.py] => Learning on 75-80
2024-10-23 20:54:44,711 [ease.py] => Task 15, Epoch 20/20 => Loss 0.110, Train_accy 96.36
2024-10-23 21:06:31,335 [ease.py] => Task correct: 85.0375
2024-10-23 21:06:31,335 [ease.py] => Task acc: 99.25
2024-10-23 21:06:31,365 [trainer.py] => No NME accuracy.
2024-10-23 21:06:31,365 [trainer.py] => CNN: {'total': np.float64(84.84), '00-04': np.float64(84.2), '05-09': np.float64(81.8), '10-14': np.float64(86.0), '15-19': np.float64(85.8), '20-24': np.float64(95.6), '25-29': np.float64(92.0), '30-34': np.float64(87.6), '35-39': np.float64(88.6), '40-44': np.float64(89.0), '45-49': np.float64(73.8), '50-54': np.float64(73.0), '55-59': np.float64(68.8), '60-64': np.float64(80.0), '65-69': np.float64(95.8), '70-74': np.float64(87.2), '75-79': np.float64(88.2), 'old': np.float64(84.61), 'new': np.float64(88.2)}
2024-10-23 21:06:31,366 [trainer.py] => CNN top1 curve: [np.float64(99.8), np.float64(98.0), np.float64(96.67), np.float64(95.95), np.float64(95.52), np.float64(94.1), np.float64(93.14), np.float64(92.15), np.float64(91.22), np.float64(90.3), np.float64(89.18), np.float64(89.15), np.float64(88.63), np.float64(88.6), np.float64(87.16), np.float64(84.84)]
2024-10-23 21:06:31,366 [trainer.py] => CNN top5 curve: [np.float64(100.0), np.float64(100.0), np.float64(99.8), np.float64(99.5), np.float64(99.44), np.float64(99.43), np.float64(99.34), np.float64(99.22), np.float64(99.22), np.float64(99.12), np.float64(98.95), np.float64(98.85), np.float64(98.8), np.float64(98.79), np.float64(98.73), np.float64(98.65)]

2024-10-23 21:06:31,366 [trainer.py] => Average Accuracy (CNN): 92.15062499999999 

2024-10-23 21:06:31,366 [trainer.py] => All params: 87975170
2024-10-23 21:06:31,367 [trainer.py] => Trainable params: 1189632
2024-10-23 21:06:31,379 [ease.py] => Learning on 80-85
2024-10-23 21:13:39,538 [ease.py] => Task 16, Epoch 20/20 => Loss 0.076, Train_accy 97.52
2024-10-23 21:26:46,573 [ease.py] => Task correct: 84.74117647058823
2024-10-23 21:26:46,573 [ease.py] => Task acc: 99.24705882352941
2024-10-23 21:26:46,603 [trainer.py] => No NME accuracy.
2024-10-23 21:26:46,603 [trainer.py] => CNN: {'total': np.float64(84.59), '00-04': np.float64(83.6), '05-09': np.float64(80.2), '10-14': np.float64(85.0), '15-19': np.float64(85.4), '20-24': np.float64(95.6), '25-29': np.float64(91.2), '30-34': np.float64(86.4), '35-39': np.float64(88.4), '40-44': np.float64(89.0), '45-49': np.float64(71.6), '50-54': np.float64(72.0), '55-59': np.float64(68.4), '60-64': np.float64(78.8), '65-69': np.float64(95.8), '70-74': np.float64(87.4), '75-79': np.float64(88.0), '80-84': np.float64(91.2), 'old': np.float64(84.18), 'new': np.float64(91.2)}
2024-10-23 21:26:46,604 [trainer.py] => CNN top1 curve: [np.float64(99.8), np.float64(98.0), np.float64(96.67), np.float64(95.95), np.float64(95.52), np.float64(94.1), np.float64(93.14), np.float64(92.15), np.float64(91.22), np.float64(90.3), np.float64(89.18), np.float64(89.15), np.float64(88.63), np.float64(88.6), np.float64(87.16), np.float64(84.84), np.float64(84.59)]
2024-10-23 21:26:46,604 [trainer.py] => CNN top5 curve: [np.float64(100.0), np.float64(100.0), np.float64(99.8), np.float64(99.5), np.float64(99.44), np.float64(99.43), np.float64(99.34), np.float64(99.22), np.float64(99.22), np.float64(99.12), np.float64(98.95), np.float64(98.85), np.float64(98.8), np.float64(98.79), np.float64(98.73), np.float64(98.65), np.float64(98.56)]

2024-10-23 21:26:46,604 [trainer.py] => Average Accuracy (CNN): 91.70588235294116 

2024-10-23 21:26:46,604 [trainer.py] => All params: 88101890
2024-10-23 21:26:46,605 [trainer.py] => Trainable params: 1189632
2024-10-23 21:26:46,619 [ease.py] => Learning on 85-90
2024-10-23 21:33:54,972 [ease.py] => Task 17, Epoch 20/20 => Loss 0.202, Train_accy 93.08
2024-10-23 21:48:26,960 [ease.py] => Task correct: 84.73333333333333
2024-10-23 21:48:26,960 [ease.py] => Task acc: 99.16666666666667
2024-10-23 21:48:26,998 [trainer.py] => No NME accuracy.
2024-10-23 21:48:26,998 [trainer.py] => CNN: {'total': np.float64(84.57), '00-04': np.float64(83.4), '05-09': np.float64(80.8), '10-14': np.float64(84.6), '15-19': np.float64(85.4), '20-24': np.float64(95.4), '25-29': np.float64(91.0), '30-34': np.float64(86.4), '35-39': np.float64(88.2), '40-44': np.float64(89.0), '45-49': np.float64(71.4), '50-54': np.float64(72.0), '55-59': np.float64(68.2), '60-64': np.float64(78.6), '65-69': np.float64(95.6), '70-74': np.float64(87.0), '75-79': np.float64(86.2), '80-84': np.float64(91.2), '85-89': np.float64(87.8), 'old': np.float64(84.38), 'new': np.float64(87.8)}
2024-10-23 21:48:26,998 [trainer.py] => CNN top1 curve: [np.float64(99.8), np.float64(98.0), np.float64(96.67), np.float64(95.95), np.float64(95.52), np.float64(94.1), np.float64(93.14), np.float64(92.15), np.float64(91.22), np.float64(90.3), np.float64(89.18), np.float64(89.15), np.float64(88.63), np.float64(88.6), np.float64(87.16), np.float64(84.84), np.float64(84.59), np.float64(84.57)]
2024-10-23 21:48:26,998 [trainer.py] => CNN top5 curve: [np.float64(100.0), np.float64(100.0), np.float64(99.8), np.float64(99.5), np.float64(99.44), np.float64(99.43), np.float64(99.34), np.float64(99.22), np.float64(99.22), np.float64(99.12), np.float64(98.95), np.float64(98.85), np.float64(98.8), np.float64(98.79), np.float64(98.73), np.float64(98.65), np.float64(98.56), np.float64(98.39)]

2024-10-23 21:48:26,998 [trainer.py] => Average Accuracy (CNN): 91.30944444444442 

2024-10-23 21:48:26,999 [trainer.py] => All params: 88236290
2024-10-23 21:48:27,000 [trainer.py] => Trainable params: 1189632
2024-10-23 21:48:27,015 [ease.py] => Learning on 90-95
2024-10-23 21:55:35,138 [ease.py] => Task 18, Epoch 20/20 => Loss 0.113, Train_accy 96.20
2024-10-23 22:11:33,664 [ease.py] => Task correct: 84.86315789473684
2024-10-23 22:11:33,664 [ease.py] => Task acc: 99.2
2024-10-23 22:11:33,695 [trainer.py] => No NME accuracy.
2024-10-23 22:11:33,695 [trainer.py] => CNN: {'total': np.float64(84.69), '00-04': np.float64(82.2), '05-09': np.float64(80.0), '10-14': np.float64(84.8), '15-19': np.float64(85.4), '20-24': np.float64(94.8), '25-29': np.float64(91.0), '30-34': np.float64(86.4), '35-39': np.float64(88.2), '40-44': np.float64(89.0), '45-49': np.float64(71.2), '50-54': np.float64(71.8), '55-59': np.float64(68.2), '60-64': np.float64(78.4), '65-69': np.float64(95.6), '70-74': np.float64(86.8), '75-79': np.float64(86.4), '80-84': np.float64(91.2), '85-89': np.float64(87.6), '90-94': np.float64(90.2), 'old': np.float64(84.39), 'new': np.float64(90.2)}
2024-10-23 22:11:33,695 [trainer.py] => CNN top1 curve: [np.float64(99.8), np.float64(98.0), np.float64(96.67), np.float64(95.95), np.float64(95.52), np.float64(94.1), np.float64(93.14), np.float64(92.15), np.float64(91.22), np.float64(90.3), np.float64(89.18), np.float64(89.15), np.float64(88.63), np.float64(88.6), np.float64(87.16), np.float64(84.84), np.float64(84.59), np.float64(84.57), np.float64(84.69)]
2024-10-23 22:11:33,695 [trainer.py] => CNN top5 curve: [np.float64(100.0), np.float64(100.0), np.float64(99.8), np.float64(99.5), np.float64(99.44), np.float64(99.43), np.float64(99.34), np.float64(99.22), np.float64(99.22), np.float64(99.12), np.float64(98.95), np.float64(98.85), np.float64(98.8), np.float64(98.79), np.float64(98.73), np.float64(98.65), np.float64(98.56), np.float64(98.39), np.float64(98.38)]

2024-10-23 22:11:33,695 [trainer.py] => Average Accuracy (CNN): 90.96105263157894 

2024-10-23 22:11:33,696 [trainer.py] => All params: 88378370
2024-10-23 22:11:33,697 [trainer.py] => Trainable params: 1189632
2024-10-23 22:11:33,711 [ease.py] => Learning on 95-100
2024-10-23 22:18:41,681 [ease.py] => Task 19, Epoch 20/20 => Loss 0.142, Train_accy 95.72
2024-10-23 22:36:14,356 [ease.py] => Task correct: 84.35
2024-10-23 22:36:14,356 [ease.py] => Task acc: 99.11
2024-10-23 22:36:14,387 [trainer.py] => No NME accuracy.
2024-10-23 22:36:14,388 [trainer.py] => CNN: {'total': np.float64(84.16), '00-04': np.float64(81.8), '05-09': np.float64(80.2), '10-14': np.float64(85.0), '15-19': np.float64(85.4), '20-24': np.float64(95.0), '25-29': np.float64(90.8), '30-34': np.float64(86.2), '35-39': np.float64(88.4), '40-44': np.float64(89.0), '45-49': np.float64(71.4), '50-54': np.float64(71.4), '55-59': np.float64(68.2), '60-64': np.float64(78.2), '65-69': np.float64(95.6), '70-74': np.float64(86.2), '75-79': np.float64(86.2), '80-84': np.float64(91.0), '85-89': np.float64(87.2), '90-94': np.float64(89.4), '95-99': np.float64(76.6), 'old': np.float64(84.56), 'new': np.float64(76.6)}
2024-10-23 22:36:14,388 [trainer.py] => CNN top1 curve: [np.float64(99.8), np.float64(98.0), np.float64(96.67), np.float64(95.95), np.float64(95.52), np.float64(94.1), np.float64(93.14), np.float64(92.15), np.float64(91.22), np.float64(90.3), np.float64(89.18), np.float64(89.15), np.float64(88.63), np.float64(88.6), np.float64(87.16), np.float64(84.84), np.float64(84.59), np.float64(84.57), np.float64(84.69), np.float64(84.16)]
2024-10-23 22:36:14,388 [trainer.py] => CNN top5 curve: [np.float64(100.0), np.float64(100.0), np.float64(99.8), np.float64(99.5), np.float64(99.44), np.float64(99.43), np.float64(99.34), np.float64(99.22), np.float64(99.22), np.float64(99.12), np.float64(98.95), np.float64(98.85), np.float64(98.8), np.float64(98.79), np.float64(98.73), np.float64(98.65), np.float64(98.56), np.float64(98.39), np.float64(98.38), np.float64(98.09)]

2024-10-23 22:36:14,388 [trainer.py] => Average Accuracy (CNN): 90.621 

