2024-10-24 18:03:05,106 [trainer.py] => config: ./exps/dsease.json
2024-10-24 18:03:05,106 [trainer.py] => prefix:  
2024-10-24 18:03:05,106 [trainer.py] => dataset: cifar224
2024-10-24 18:03:05,107 [trainer.py] => memory_size: 0
2024-10-24 18:03:05,107 [trainer.py] => memory_per_class: 0
2024-10-24 18:03:05,107 [trainer.py] => fixed_memory: False
2024-10-24 18:03:05,107 [trainer.py] => shuffle: True
2024-10-24 18:03:05,107 [trainer.py] => init_cls: 5
2024-10-24 18:03:05,107 [trainer.py] => increment: 5
2024-10-24 18:03:05,108 [trainer.py] => model_name: dsease
2024-10-24 18:03:05,108 [trainer.py] => backbone_type: vit_base_patch16_224_ease
2024-10-24 18:03:05,108 [trainer.py] => device: [device(type='cuda', index=0)]
2024-10-24 18:03:05,108 [trainer.py] => seed: 1993
2024-10-24 18:03:05,108 [trainer.py] => wandb_log: True
2024-10-24 18:03:05,108 [trainer.py] => init_epochs: 20
2024-10-24 18:03:05,108 [trainer.py] => init_lr: 0.025
2024-10-24 18:03:05,109 [trainer.py] => later_epochs: 20
2024-10-24 18:03:05,109 [trainer.py] => later_lr: 0.025
2024-10-24 18:03:05,109 [trainer.py] => batch_size: 48
2024-10-24 18:03:05,109 [trainer.py] => weight_decay: 0.0005
2024-10-24 18:03:05,109 [trainer.py] => min_lr: 0
2024-10-24 18:03:05,109 [trainer.py] => optimizer: sgd
2024-10-24 18:03:05,110 [trainer.py] => scheduler: cosine
2024-10-24 18:03:05,110 [trainer.py] => pretrained: True
2024-10-24 18:03:05,110 [trainer.py] => vpt_type: Deep
2024-10-24 18:03:05,110 [trainer.py] => prompt_token_num: 5
2024-10-24 18:03:05,110 [trainer.py] => ffn_num: 64
2024-10-24 18:03:05,110 [trainer.py] => use_diagonal: False
2024-10-24 18:03:05,110 [trainer.py] => recalc_sim: True
2024-10-24 18:03:05,111 [trainer.py] => alpha: 0.1
2024-10-24 18:03:05,111 [trainer.py] => use_init_ptm: False
2024-10-24 18:03:05,111 [trainer.py] => beta: 0
2024-10-24 18:03:05,111 [trainer.py] => use_old_data: False
2024-10-24 18:03:05,111 [trainer.py] => use_reweight: False
2024-10-24 18:03:05,111 [trainer.py] => moni_adam: False
2024-10-24 18:03:05,112 [trainer.py] => adapter_num: -1
2024-10-24 18:03:17,669 [data_manager.py] => [68, 56, 78, 8, 23, 84, 90, 65, 74, 76, 40, 89, 3, 92, 55, 9, 26, 80, 43, 38, 58, 70, 77, 1, 85, 19, 17, 50, 28, 53, 13, 81, 45, 82, 6, 59, 83, 16, 15, 44, 91, 41, 72, 60, 79, 52, 20, 10, 31, 54, 37, 95, 14, 71, 96, 98, 97, 2, 64, 66, 42, 22, 35, 86, 24, 34, 87, 21, 99, 0, 88, 27, 18, 94, 11, 12, 47, 25, 30, 46, 62, 69, 36, 61, 7, 63, 75, 5, 32, 4, 51, 48, 73, 93, 39, 67, 29, 49, 57, 33]
2024-10-24 18:03:23,323 [hub.py] => Downloading: "https://storage.googleapis.com/vit_models/augreg/B_16-i21k-300ep-lr_0.001-aug_medium1-wd_0.1-do_0.0-sd_0.0--imagenet2012-steps_20k-lr_0.01-res_224.npz" to /home/tdelmoro/.cache/torch/hub/checkpoints/B_16-i21k-300ep-lr_0.001-aug_medium1-wd_0.1-do_0.0-sd_0.0--imagenet2012-steps_20k-lr_0.01-res_224.npz

2024-10-24 18:03:34,230 [trainer.py] => All params: 87074220
2024-10-24 18:03:34,233 [trainer.py] => Trainable params: 1265664
2024-10-24 18:03:34,234 [dsease.py] => Total trainable params: 1265664
2024-10-24 18:03:34,235 [dsease.py] => Learning on 0-5
2024-10-24 18:10:48,911 [dsease.py] => Task 0, Epoch 20/20 => Loss 0.093, Train_accy 96.56
2024-10-24 18:12:08,587 [trainer.py] => config: ./exps/dsease.json
2024-10-24 18:12:08,588 [trainer.py] => prefix:  
2024-10-24 18:12:08,588 [trainer.py] => dataset: cifar224
2024-10-24 18:12:08,588 [trainer.py] => memory_size: 0
2024-10-24 18:12:08,588 [trainer.py] => memory_per_class: 0
2024-10-24 18:12:08,588 [trainer.py] => fixed_memory: False
2024-10-24 18:12:08,588 [trainer.py] => shuffle: True
2024-10-24 18:12:08,588 [trainer.py] => init_cls: 5
2024-10-24 18:12:08,588 [trainer.py] => increment: 5
2024-10-24 18:12:08,589 [trainer.py] => model_name: dsease
2024-10-24 18:12:08,589 [trainer.py] => backbone_type: vit_base_patch16_224_ease
2024-10-24 18:12:08,589 [trainer.py] => device: [device(type='cuda', index=0)]
2024-10-24 18:12:08,589 [trainer.py] => seed: 1993
2024-10-24 18:12:08,589 [trainer.py] => wandb_log: True
2024-10-24 18:12:08,589 [trainer.py] => init_epochs: 20
2024-10-24 18:12:08,589 [trainer.py] => init_lr: 0.025
2024-10-24 18:12:08,589 [trainer.py] => later_epochs: 20
2024-10-24 18:12:08,589 [trainer.py] => later_lr: 0.025
2024-10-24 18:12:08,590 [trainer.py] => batch_size: 48
2024-10-24 18:12:08,590 [trainer.py] => weight_decay: 0.0005
2024-10-24 18:12:08,590 [trainer.py] => min_lr: 0
2024-10-24 18:12:08,590 [trainer.py] => optimizer: sgd
2024-10-24 18:12:08,590 [trainer.py] => scheduler: cosine
2024-10-24 18:12:08,590 [trainer.py] => pretrained: True
2024-10-24 18:12:08,590 [trainer.py] => vpt_type: Deep
2024-10-24 18:12:08,590 [trainer.py] => prompt_token_num: 5
2024-10-24 18:12:08,590 [trainer.py] => ffn_num: 64
2024-10-24 18:12:08,591 [trainer.py] => use_diagonal: False
2024-10-24 18:12:08,591 [trainer.py] => recalc_sim: True
2024-10-24 18:12:08,591 [trainer.py] => alpha: 0.1
2024-10-24 18:12:08,591 [trainer.py] => use_init_ptm: False
2024-10-24 18:12:08,591 [trainer.py] => beta: 0
2024-10-24 18:12:08,591 [trainer.py] => use_old_data: False
2024-10-24 18:12:08,591 [trainer.py] => use_reweight: False
2024-10-24 18:12:08,591 [trainer.py] => moni_adam: False
2024-10-24 18:12:08,591 [trainer.py] => adapter_num: -1
2024-10-24 18:12:10,350 [data_manager.py] => [68, 56, 78, 8, 23, 84, 90, 65, 74, 76, 40, 89, 3, 92, 55, 9, 26, 80, 43, 38, 58, 70, 77, 1, 85, 19, 17, 50, 28, 53, 13, 81, 45, 82, 6, 59, 83, 16, 15, 44, 91, 41, 72, 60, 79, 52, 20, 10, 31, 54, 37, 95, 14, 71, 96, 98, 97, 2, 64, 66, 42, 22, 35, 86, 24, 34, 87, 21, 99, 0, 88, 27, 18, 94, 11, 12, 47, 25, 30, 46, 62, 69, 36, 61, 7, 63, 75, 5, 32, 4, 51, 48, 73, 93, 39, 67, 29, 49, 57, 33]
2024-10-24 18:12:13,759 [trainer.py] => All params: 87074220
2024-10-24 18:12:13,760 [trainer.py] => Trainable params: 1265664
2024-10-24 18:12:13,761 [dsease.py] => Total trainable params: 1265664
2024-10-24 18:12:13,761 [dsease.py] => Learning on 0-5
2024-10-24 18:19:25,860 [dsease.py] => Task 0, Epoch 20/20 => Loss 0.093, Train_accy 96.56
2024-10-24 18:19:28,796 [dsease.py] => Task correct: 100.0
2024-10-24 18:19:28,797 [dsease.py] => Task acc: 99.6
2024-10-24 18:19:28,846 [trainer.py] => No NME accuracy.
2024-10-24 18:19:28,847 [trainer.py] => CNN: {'total': 99.6, '00-04': 99.6, 'old': 0, 'new': 99.6}
2024-10-24 18:19:28,847 [trainer.py] => CNN top1 curve: [99.6]
2024-10-24 18:19:28,847 [trainer.py] => CNN top5 curve: [100.0]

2024-10-24 18:19:28,848 [trainer.py] => Average Accuracy (CNN): 99.6 

2024-10-24 18:19:28,850 [trainer.py] => All params: 87074220
2024-10-24 18:19:28,852 [trainer.py] => Trainable params: 1189632
2024-10-24 18:19:28,855 [dsease.py] => Total trainable params: 1265664
2024-10-24 18:19:28,856 [dsease.py] => Learning on 5-10
2024-10-24 18:26:42,959 [dsease.py] => Task 1, Epoch 20/20 => Loss 0.140, Train_accy 95.24
2024-10-24 18:26:51,992 [dsease.py] => Task correct: 97.9
2024-10-24 18:26:51,992 [dsease.py] => Task acc: 99.2
2024-10-24 18:26:52,034 [trainer.py] => No NME accuracy.
2024-10-24 18:26:52,034 [trainer.py] => CNN: {'total': 97.5, '00-04': 97.0, '05-09': 98.0, 'old': 97.0, 'new': 98.0}
2024-10-24 18:26:52,034 [trainer.py] => CNN top1 curve: [99.6, 97.5]
2024-10-24 18:26:52,034 [trainer.py] => CNN top5 curve: [100.0, 99.9]

2024-10-24 18:26:52,035 [trainer.py] => Average Accuracy (CNN): 98.55 

2024-10-24 18:26:52,037 [trainer.py] => All params: 87150252
2024-10-24 18:26:52,038 [trainer.py] => Trainable params: 1189632
2024-10-24 18:26:52,040 [dsease.py] => Total trainable params: 1265664
2024-10-24 18:26:52,041 [dsease.py] => Learning on 10-15
2024-10-24 18:34:07,990 [dsease.py] => Task 2, Epoch 20/20 => Loss 0.166, Train_accy 94.36
2024-10-24 18:34:27,345 [dsease.py] => Task correct: 95.46666666666667
2024-10-24 18:34:27,346 [dsease.py] => Task acc: 96.26666666666667
2024-10-24 18:34:27,388 [trainer.py] => No NME accuracy.
2024-10-24 18:34:27,388 [trainer.py] => CNN: {'total': 93.0, '00-04': 96.8, '05-09': 87.4, '10-14': 94.8, 'old': 92.1, 'new': 94.8}
2024-10-24 18:34:27,389 [trainer.py] => CNN top1 curve: [99.6, 97.5, 93.0]
2024-10-24 18:34:27,389 [trainer.py] => CNN top5 curve: [100.0, 99.9, 98.6]

2024-10-24 18:34:27,389 [trainer.py] => Average Accuracy (CNN): 96.7 

2024-10-24 18:34:27,391 [trainer.py] => All params: 87226284
2024-10-24 18:34:27,392 [trainer.py] => Trainable params: 1189632
2024-10-24 18:34:27,395 [dsease.py] => Total trainable params: 1265664
2024-10-24 18:34:27,395 [dsease.py] => Learning on 15-20
2024-10-24 18:41:40,362 [dsease.py] => Task 3, Epoch 20/20 => Loss 0.150, Train_accy 94.48
2024-10-24 18:42:14,205 [dsease.py] => Task correct: 92.1
2024-10-24 18:42:14,206 [dsease.py] => Task acc: 96.95
2024-10-24 18:42:14,247 [trainer.py] => No NME accuracy.
2024-10-24 18:42:14,247 [trainer.py] => CNN: {'total': 90.5, '00-04': 97.0, '05-09': 88.0, '10-14': 95.4, '15-19': 81.6, 'old': 93.47, 'new': 81.6}
2024-10-24 18:42:14,247 [trainer.py] => CNN top1 curve: [99.6, 97.5, 93.0, 90.5]
2024-10-24 18:42:14,247 [trainer.py] => CNN top5 curve: [100.0, 99.9, 98.6, 98.5]

2024-10-24 18:42:14,248 [trainer.py] => Average Accuracy (CNN): 95.15 

2024-10-24 18:42:14,250 [trainer.py] => All params: 87302316
2024-10-24 18:42:14,251 [trainer.py] => Trainable params: 1189632
2024-10-24 18:42:14,253 [dsease.py] => Total trainable params: 1265664
2024-10-24 18:42:14,253 [dsease.py] => Learning on 20-25
2024-10-24 18:49:28,872 [dsease.py] => Task 4, Epoch 20/20 => Loss 0.116, Train_accy 96.20
2024-10-24 18:50:21,268 [dsease.py] => Task correct: 91.56
2024-10-24 18:50:21,269 [dsease.py] => Task acc: 97.8
2024-10-24 18:50:21,313 [trainer.py] => No NME accuracy.
2024-10-24 18:50:21,313 [trainer.py] => CNN: {'total': 90.68, '00-04': 96.0, '05-09': 89.2, '10-14': 92.0, '15-19': 82.4, '20-24': 93.8, 'old': 89.9, 'new': 93.8}
2024-10-24 18:50:21,314 [trainer.py] => CNN top1 curve: [99.6, 97.5, 93.0, 90.5, 90.68]
2024-10-24 18:50:21,314 [trainer.py] => CNN top5 curve: [100.0, 99.9, 98.6, 98.5, 98.44]

2024-10-24 18:50:21,314 [trainer.py] => Average Accuracy (CNN): 94.256 

2024-10-24 18:50:21,316 [trainer.py] => All params: 87378348
2024-10-24 18:50:21,318 [trainer.py] => Trainable params: 1189632
2024-10-24 18:50:21,320 [dsease.py] => Total trainable params: 1265664
2024-10-24 18:50:21,321 [dsease.py] => Learning on 25-30
2024-10-24 18:57:32,037 [dsease.py] => Task 5, Epoch 20/20 => Loss 0.074, Train_accy 97.24
2024-10-24 18:58:47,270 [dsease.py] => Task correct: 88.93333333333334
2024-10-24 18:58:47,271 [dsease.py] => Task acc: 98.13333333333334
2024-10-24 18:58:47,353 [trainer.py] => No NME accuracy.
2024-10-24 18:58:47,354 [trainer.py] => CNN: {'total': 88.53, '00-04': 92.4, '05-09': 79.2, '10-14': 89.6, '15-19': 80.6, '20-24': 93.2, '25-29': 96.2, 'old': 87.0, 'new': 96.2}
2024-10-24 18:58:47,354 [trainer.py] => CNN top1 curve: [99.6, 97.5, 93.0, 90.5, 90.68, 88.53]
2024-10-24 18:58:47,354 [trainer.py] => CNN top5 curve: [100.0, 99.9, 98.6, 98.5, 98.44, 97.83]

2024-10-24 18:58:47,355 [trainer.py] => Average Accuracy (CNN): 93.30166666666668 

2024-10-24 18:58:47,357 [trainer.py] => All params: 87454380
2024-10-24 18:58:47,358 [trainer.py] => Trainable params: 1189632
2024-10-24 18:58:47,360 [dsease.py] => Total trainable params: 1265664
2024-10-24 18:58:47,361 [dsease.py] => Learning on 30-35
2024-10-24 19:06:00,277 [dsease.py] => Task 6, Epoch 20/20 => Loss 0.173, Train_accy 93.32
2024-10-24 19:07:42,037 [dsease.py] => Task correct: 84.6
2024-10-24 19:07:42,038 [dsease.py] => Task acc: 97.6
2024-10-24 19:07:42,082 [trainer.py] => No NME accuracy.
2024-10-24 19:07:42,082 [trainer.py] => CNN: {'total': 84.2, '00-04': 92.0, '05-09': 79.0, '10-14': 90.0, '15-19': 78.2, '20-24': 92.8, '25-29': 96.0, '30-34': 61.4, 'old': 88.0, 'new': 61.4}
2024-10-24 19:07:42,082 [trainer.py] => CNN top1 curve: [99.6, 97.5, 93.0, 90.5, 90.68, 88.53, 84.2]
2024-10-24 19:07:42,083 [trainer.py] => CNN top5 curve: [100.0, 99.9, 98.6, 98.5, 98.44, 97.83, 97.54]

2024-10-24 19:07:42,083 [trainer.py] => Average Accuracy (CNN): 92.00142857142859 

2024-10-24 19:07:42,085 [trainer.py] => All params: 87530412
2024-10-24 19:07:42,086 [trainer.py] => Trainable params: 1189632
2024-10-24 19:07:42,089 [dsease.py] => Total trainable params: 1265664
2024-10-24 19:07:42,089 [dsease.py] => Learning on 35-40
2024-10-24 19:14:55,142 [dsease.py] => Task 7, Epoch 20/20 => Loss 0.093, Train_accy 96.76
2024-10-24 19:17:07,921 [dsease.py] => Task correct: 85.3
2024-10-24 19:17:07,922 [dsease.py] => Task acc: 97.825
2024-10-24 19:17:07,968 [trainer.py] => No NME accuracy.
2024-10-24 19:17:07,968 [trainer.py] => CNN: {'total': 85.0, '00-04': 90.6, '05-09': 78.6, '10-14': 90.2, '15-19': 78.8, '20-24': 93.0, '25-29': 95.4, '30-34': 62.8, '35-39': 90.6, 'old': 84.2, 'new': 90.6}
2024-10-24 19:17:07,968 [trainer.py] => CNN top1 curve: [99.6, 97.5, 93.0, 90.5, 90.68, 88.53, 84.2, 85.0]
2024-10-24 19:17:07,969 [trainer.py] => CNN top5 curve: [100.0, 99.9, 98.6, 98.5, 98.44, 97.83, 97.54, 97.6]

2024-10-24 19:17:07,969 [trainer.py] => Average Accuracy (CNN): 91.12625000000001 

2024-10-24 19:17:07,971 [trainer.py] => All params: 87606444
2024-10-24 19:17:07,973 [trainer.py] => Trainable params: 1189632
2024-10-24 19:17:07,976 [dsease.py] => Total trainable params: 1265664
2024-10-24 19:17:07,976 [dsease.py] => Learning on 40-45
2024-10-24 19:24:19,722 [dsease.py] => Task 8, Epoch 20/20 => Loss 0.116, Train_accy 96.56
2024-10-24 19:27:07,263 [dsease.py] => Task correct: 84.04444444444445
2024-10-24 19:27:07,264 [dsease.py] => Task acc: 98.17777777777778
2024-10-24 19:27:07,308 [trainer.py] => No NME accuracy.
2024-10-24 19:27:07,309 [trainer.py] => CNN: {'total': 83.8, '00-04': 89.6, '05-09': 78.6, '10-14': 80.4, '15-19': 76.8, '20-24': 90.6, '25-29': 94.4, '30-34': 62.2, '35-39': 90.2, '40-44': 91.4, 'old': 82.85, 'new': 91.4}
2024-10-24 19:27:07,309 [trainer.py] => CNN top1 curve: [99.6, 97.5, 93.0, 90.5, 90.68, 88.53, 84.2, 85.0, 83.8]
2024-10-24 19:27:07,309 [trainer.py] => CNN top5 curve: [100.0, 99.9, 98.6, 98.5, 98.44, 97.83, 97.54, 97.6, 97.36]

2024-10-24 19:27:07,310 [trainer.py] => Average Accuracy (CNN): 90.31222222222223 

2024-10-24 19:27:07,312 [trainer.py] => All params: 87682476
2024-10-24 19:27:07,313 [trainer.py] => Trainable params: 1189632
2024-10-24 19:27:07,315 [dsease.py] => Total trainable params: 1265664
2024-10-24 19:27:07,316 [dsease.py] => Learning on 45-50
2024-10-24 19:34:17,626 [dsease.py] => Task 9, Epoch 20/20 => Loss 0.068, Train_accy 97.56
2024-10-24 19:37:44,225 [dsease.py] => Task correct: 81.56
2024-10-24 19:37:44,226 [dsease.py] => Task acc: 98.1
2024-10-24 19:37:44,270 [trainer.py] => No NME accuracy.
2024-10-24 19:37:44,270 [trainer.py] => CNN: {'total': 81.36, '00-04': 87.2, '05-09': 77.0, '10-14': 81.4, '15-19': 76.6, '20-24': 90.2, '25-29': 92.2, '30-34': 60.8, '35-39': 78.6, '40-44': 89.2, '45-49': 80.4, 'old': 81.47, 'new': 80.4}
2024-10-24 19:37:44,270 [trainer.py] => CNN top1 curve: [99.6, 97.5, 93.0, 90.5, 90.68, 88.53, 84.2, 85.0, 83.8, 81.36]
2024-10-24 19:37:44,270 [trainer.py] => CNN top5 curve: [100.0, 99.9, 98.6, 98.5, 98.44, 97.83, 97.54, 97.6, 97.36, 96.74]

2024-10-24 19:37:44,271 [trainer.py] => Average Accuracy (CNN): 89.417 

2024-10-24 19:37:44,273 [trainer.py] => All params: 87758508
2024-10-24 19:37:44,274 [trainer.py] => Trainable params: 1189632
2024-10-24 19:37:44,277 [dsease.py] => Total trainable params: 1265664
2024-10-24 19:37:44,277 [dsease.py] => Learning on 50-55
2024-10-24 19:44:56,039 [dsease.py] => Task 10, Epoch 20/20 => Loss 0.095, Train_accy 97.12
2024-10-24 19:49:05,536 [dsease.py] => Task correct: 70.10909090909091
2024-10-24 19:49:05,536 [dsease.py] => Task acc: 97.65454545454546
2024-10-24 19:49:05,577 [trainer.py] => No NME accuracy.
2024-10-24 19:49:05,577 [trainer.py] => CNN: {'total': 69.98, '00-04': 69.6, '05-09': 58.2, '10-14': 74.4, '15-19': 56.0, '20-24': 74.2, '25-29': 81.0, '30-34': 46.0, '35-39': 76.8, '40-44': 79.4, '45-49': 61.0, '50-54': 93.2, 'old': 67.66, 'new': 93.2}
2024-10-24 19:49:05,577 [trainer.py] => CNN top1 curve: [99.6, 97.5, 93.0, 90.5, 90.68, 88.53, 84.2, 85.0, 83.8, 81.36, 69.98]
2024-10-24 19:49:05,577 [trainer.py] => CNN top5 curve: [100.0, 99.9, 98.6, 98.5, 98.44, 97.83, 97.54, 97.6, 97.36, 96.74, 94.13]

2024-10-24 19:49:05,578 [trainer.py] => Average Accuracy (CNN): 87.65 

2024-10-24 19:49:05,580 [trainer.py] => All params: 87834540
2024-10-24 19:49:05,581 [trainer.py] => Trainable params: 1189632
2024-10-24 19:49:05,584 [dsease.py] => Total trainable params: 1265664
2024-10-24 19:49:05,584 [dsease.py] => Learning on 55-60
2024-10-24 19:56:18,022 [dsease.py] => Task 11, Epoch 20/20 => Loss 0.196, Train_accy 92.32
2024-10-24 20:01:14,603 [dsease.py] => Task correct: 70.8
2024-10-24 20:01:14,604 [dsease.py] => Task acc: 97.41666666666667
2024-10-24 20:01:14,655 [trainer.py] => No NME accuracy.
2024-10-24 20:01:14,656 [trainer.py] => CNN: {'total': 70.65, '00-04': 69.0, '05-09': 57.6, '10-14': 75.4, '15-19': 56.6, '20-24': 74.4, '25-29': 77.0, '30-34': 46.6, '35-39': 78.2, '40-44': 78.4, '45-49': 61.6, '50-54': 94.0, '55-59': 79.0, 'old': 69.89, 'new': 79.0}
2024-10-24 20:01:14,656 [trainer.py] => CNN top1 curve: [99.6, 97.5, 93.0, 90.5, 90.68, 88.53, 84.2, 85.0, 83.8, 81.36, 69.98, 70.65]
2024-10-24 20:01:14,656 [trainer.py] => CNN top5 curve: [100.0, 99.9, 98.6, 98.5, 98.44, 97.83, 97.54, 97.6, 97.36, 96.74, 94.13, 93.8]

2024-10-24 20:01:14,657 [trainer.py] => Average Accuracy (CNN): 86.23333333333335 

2024-10-24 20:01:14,659 [trainer.py] => All params: 87910572
2024-10-24 20:01:14,661 [trainer.py] => Trainable params: 1189632
2024-10-24 20:01:14,663 [dsease.py] => Total trainable params: 1265664
2024-10-24 20:01:14,664 [dsease.py] => Learning on 60-65
2024-10-24 20:08:28,322 [dsease.py] => Task 12, Epoch 20/20 => Loss 0.108, Train_accy 95.92
2024-10-24 20:14:16,549 [dsease.py] => Task correct: 70.95384615384616
2024-10-24 20:14:16,549 [dsease.py] => Task acc: 97.49230769230769
2024-10-24 20:14:16,592 [trainer.py] => No NME accuracy.
2024-10-24 20:14:16,593 [trainer.py] => CNN: {'total': 70.78, '00-04': 69.4, '05-09': 58.8, '10-14': 71.4, '15-19': 42.8, '20-24': 72.6, '25-29': 78.6, '30-34': 49.0, '35-39': 78.8, '40-44': 79.4, '45-49': 63.0, '50-54': 92.4, '55-59': 72.0, '60-64': 92.0, 'old': 69.02, 'new': 92.0}
2024-10-24 20:14:16,593 [trainer.py] => CNN top1 curve: [99.6, 97.5, 93.0, 90.5, 90.68, 88.53, 84.2, 85.0, 83.8, 81.36, 69.98, 70.65, 70.78]
2024-10-24 20:14:16,593 [trainer.py] => CNN top5 curve: [100.0, 99.9, 98.6, 98.5, 98.44, 97.83, 97.54, 97.6, 97.36, 96.74, 94.13, 93.8, 93.89]

2024-10-24 20:14:16,594 [trainer.py] => Average Accuracy (CNN): 85.0446153846154 

2024-10-24 20:14:16,596 [trainer.py] => All params: 87986604
2024-10-24 20:14:16,598 [trainer.py] => Trainable params: 1189632
2024-10-24 20:14:16,601 [dsease.py] => Total trainable params: 1265664
2024-10-24 20:14:16,601 [dsease.py] => Learning on 65-70
2024-10-24 20:21:28,722 [dsease.py] => Task 13, Epoch 20/20 => Loss 0.070, Train_accy 97.44
2024-10-24 20:28:12,078 [dsease.py] => Task correct: 71.51428571428572
2024-10-24 20:28:12,079 [dsease.py] => Task acc: 97.62857142857143
2024-10-24 20:28:12,132 [trainer.py] => No NME accuracy.
2024-10-24 20:28:12,133 [trainer.py] => CNN: {'total': 71.37, '00-04': 69.0, '05-09': 57.8, '10-14': 72.6, '15-19': 40.8, '20-24': 69.6, '25-29': 78.2, '30-34': 49.0, '35-39': 78.2, '40-44': 79.8, '45-49': 60.6, '50-54': 92.8, '55-59': 68.6, '60-64': 92.2, '65-69': 90.0, 'old': 69.94, 'new': 90.0}
2024-10-24 20:28:12,133 [trainer.py] => CNN top1 curve: [99.6, 97.5, 93.0, 90.5, 90.68, 88.53, 84.2, 85.0, 83.8, 81.36, 69.98, 70.65, 70.78, 71.37]
2024-10-24 20:28:12,134 [trainer.py] => CNN top5 curve: [100.0, 99.9, 98.6, 98.5, 98.44, 97.83, 97.54, 97.6, 97.36, 96.74, 94.13, 93.8, 93.89, 93.94]

2024-10-24 20:28:12,135 [trainer.py] => Average Accuracy (CNN): 84.06785714285716 

2024-10-24 20:28:12,138 [trainer.py] => All params: 88062636
2024-10-24 20:28:12,140 [trainer.py] => Trainable params: 1189632
2024-10-24 20:28:12,142 [dsease.py] => Total trainable params: 1265664
2024-10-24 20:28:12,143 [dsease.py] => Learning on 70-75
2024-10-24 20:35:25,638 [dsease.py] => Task 14, Epoch 20/20 => Loss 0.093, Train_accy 96.88
2024-10-24 20:43:07,668 [dsease.py] => Task correct: 70.82666666666667
2024-10-24 20:43:07,669 [dsease.py] => Task acc: 97.08
2024-10-24 20:43:07,710 [trainer.py] => No NME accuracy.
2024-10-24 20:43:07,710 [trainer.py] => CNN: {'total': 70.67, '00-04': 63.0, '05-09': 57.6, '10-14': 69.8, '15-19': 41.8, '20-24': 70.2, '25-29': 77.2, '30-34': 48.6, '35-39': 78.0, '40-44': 77.6, '45-49': 61.6, '50-54': 92.8, '55-59': 75.0, '60-64': 89.0, '65-69': 88.0, '70-74': 69.8, 'old': 70.73, 'new': 69.8}
2024-10-24 20:43:07,711 [trainer.py] => CNN top1 curve: [99.6, 97.5, 93.0, 90.5, 90.68, 88.53, 84.2, 85.0, 83.8, 81.36, 69.98, 70.65, 70.78, 71.37, 70.67]
2024-10-24 20:43:07,711 [trainer.py] => CNN top5 curve: [100.0, 99.9, 98.6, 98.5, 98.44, 97.83, 97.54, 97.6, 97.36, 96.74, 94.13, 93.8, 93.89, 93.94, 92.96]

2024-10-24 20:43:07,712 [trainer.py] => Average Accuracy (CNN): 83.1746666666667 

2024-10-24 20:43:07,715 [trainer.py] => All params: 88138668
2024-10-24 20:43:07,716 [trainer.py] => Trainable params: 1189632
2024-10-24 20:43:07,719 [dsease.py] => Total trainable params: 1265664
2024-10-24 20:43:07,720 [dsease.py] => Learning on 75-80
2024-10-24 20:50:18,473 [dsease.py] => Task 15, Epoch 20/20 => Loss 0.111, Train_accy 96.12
2024-10-24 20:59:03,410 [dsease.py] => Task correct: 68.3625
2024-10-24 20:59:03,411 [dsease.py] => Task acc: 96.7875
2024-10-24 20:59:03,443 [trainer.py] => No NME accuracy.
2024-10-24 20:59:03,443 [trainer.py] => CNN: {'total': 68.18, '00-04': 63.2, '05-09': 56.6, '10-14': 67.8, '15-19': 41.8, '20-24': 68.6, '25-29': 73.6, '30-34': 48.0, '35-39': 78.4, '40-44': 74.4, '45-49': 58.6, '50-54': 79.6, '55-59': 67.8, '60-64': 83.8, '65-69': 87.8, '70-74': 68.8, '75-79': 72.0, 'old': 67.92, 'new': 72.0}
2024-10-24 20:59:03,443 [trainer.py] => CNN top1 curve: [99.6, 97.5, 93.0, 90.5, 90.68, 88.53, 84.2, 85.0, 83.8, 81.36, 69.98, 70.65, 70.78, 71.37, 70.67, 68.18]
2024-10-24 20:59:03,443 [trainer.py] => CNN top5 curve: [100.0, 99.9, 98.6, 98.5, 98.44, 97.83, 97.54, 97.6, 97.36, 96.74, 94.13, 93.8, 93.89, 93.94, 92.96, 92.51]

2024-10-24 20:59:03,444 [trainer.py] => Average Accuracy (CNN): 82.23750000000003 

2024-10-24 20:59:03,445 [trainer.py] => All params: 88214700
2024-10-24 20:59:03,446 [trainer.py] => Trainable params: 1189632
2024-10-24 20:59:03,447 [dsease.py] => Total trainable params: 1265664
2024-10-24 20:59:03,447 [dsease.py] => Learning on 80-85
2024-10-24 21:06:12,021 [dsease.py] => Task 16, Epoch 20/20 => Loss 0.088, Train_accy 97.32
2024-10-24 21:16:04,220 [dsease.py] => Task correct: 68.69411764705882
2024-10-24 21:16:04,221 [dsease.py] => Task acc: 96.98823529411764
2024-10-24 21:16:04,263 [trainer.py] => No NME accuracy.
2024-10-24 21:16:04,263 [trainer.py] => CNN: {'total': 68.49, '00-04': 59.4, '05-09': 53.2, '10-14': 69.8, '15-19': 40.4, '20-24': 67.0, '25-29': 74.6, '30-34': 47.6, '35-39': 79.6, '40-44': 75.0, '45-49': 58.8, '50-54': 78.2, '55-59': 69.2, '60-64': 80.4, '65-69': 87.6, '70-74': 69.4, '75-79': 71.0, '80-84': 83.2, 'old': 67.58, 'new': 83.2}
2024-10-24 21:16:04,263 [trainer.py] => CNN top1 curve: [99.6, 97.5, 93.0, 90.5, 90.68, 88.53, 84.2, 85.0, 83.8, 81.36, 69.98, 70.65, 70.78, 71.37, 70.67, 68.18, 68.49]
2024-10-24 21:16:04,263 [trainer.py] => CNN top5 curve: [100.0, 99.9, 98.6, 98.5, 98.44, 97.83, 97.54, 97.6, 97.36, 96.74, 94.13, 93.8, 93.89, 93.94, 92.96, 92.51, 92.69]

2024-10-24 21:16:04,264 [trainer.py] => Average Accuracy (CNN): 81.42882352941179 

2024-10-24 21:16:04,266 [trainer.py] => All params: 88290732
2024-10-24 21:16:04,267 [trainer.py] => Trainable params: 1189632
2024-10-24 21:16:04,270 [dsease.py] => Total trainable params: 1265664
2024-10-24 21:16:04,270 [dsease.py] => Learning on 85-90
2024-10-24 21:23:14,359 [dsease.py] => Task 17, Epoch 20/20 => Loss 0.161, Train_accy 93.72
2024-10-24 21:34:18,252 [dsease.py] => Task correct: 69.45555555555555
2024-10-24 21:34:18,253 [dsease.py] => Task acc: 97.0
2024-10-24 21:34:18,305 [trainer.py] => No NME accuracy.
2024-10-24 21:34:18,306 [trainer.py] => CNN: {'total': 69.24, '00-04': 60.4, '05-09': 54.6, '10-14': 68.6, '15-19': 42.4, '20-24': 66.6, '25-29': 75.0, '30-34': 46.2, '35-39': 80.2, '40-44': 76.2, '45-49': 57.8, '50-54': 78.6, '55-59': 72.8, '60-64': 81.6, '65-69': 87.6, '70-74': 71.0, '75-79': 66.8, '80-84': 81.8, '85-89': 78.2, 'old': 68.72, 'new': 78.2}
2024-10-24 21:34:18,306 [trainer.py] => CNN top1 curve: [99.6, 97.5, 93.0, 90.5, 90.68, 88.53, 84.2, 85.0, 83.8, 81.36, 69.98, 70.65, 70.78, 71.37, 70.67, 68.18, 68.49, 69.24]
2024-10-24 21:34:18,306 [trainer.py] => CNN top5 curve: [100.0, 99.9, 98.6, 98.5, 98.44, 97.83, 97.54, 97.6, 97.36, 96.74, 94.13, 93.8, 93.89, 93.94, 92.96, 92.51, 92.69, 92.46]

2024-10-24 21:34:18,307 [trainer.py] => Average Accuracy (CNN): 80.7516666666667 

2024-10-24 21:34:18,309 [trainer.py] => All params: 88366764
2024-10-24 21:34:18,310 [trainer.py] => Trainable params: 1189632
2024-10-24 21:34:18,313 [dsease.py] => Total trainable params: 1265664
2024-10-24 21:34:18,313 [dsease.py] => Learning on 90-95
2024-10-24 21:41:27,279 [dsease.py] => Task 18, Epoch 20/20 => Loss 0.116, Train_accy 96.52
2024-10-24 21:53:45,749 [dsease.py] => Task correct: 68.43157894736842
2024-10-24 21:53:45,750 [dsease.py] => Task acc: 97.15789473684211
2024-10-24 21:53:45,794 [trainer.py] => No NME accuracy.
2024-10-24 21:53:45,795 [trainer.py] => CNN: {'total': 68.23, '00-04': 59.8, '05-09': 54.8, '10-14': 67.4, '15-19': 42.8, '20-24': 67.6, '25-29': 71.8, '30-34': 47.0, '35-39': 78.2, '40-44': 76.6, '45-49': 58.0, '50-54': 78.0, '55-59': 73.8, '60-64': 80.0, '65-69': 88.0, '70-74': 71.2, '75-79': 68.0, '80-84': 81.2, '85-89': 77.4, '90-94': 54.8, 'old': 68.98, 'new': 54.8}
2024-10-24 21:53:45,795 [trainer.py] => CNN top1 curve: [99.6, 97.5, 93.0, 90.5, 90.68, 88.53, 84.2, 85.0, 83.8, 81.36, 69.98, 70.65, 70.78, 71.37, 70.67, 68.18, 68.49, 69.24, 68.23]
2024-10-24 21:53:45,795 [trainer.py] => CNN top5 curve: [100.0, 99.9, 98.6, 98.5, 98.44, 97.83, 97.54, 97.6, 97.36, 96.74, 94.13, 93.8, 93.89, 93.94, 92.96, 92.51, 92.69, 92.46, 92.4]

2024-10-24 21:53:45,796 [trainer.py] => Average Accuracy (CNN): 80.09263157894739 

2024-10-24 21:53:45,798 [trainer.py] => All params: 88442796
2024-10-24 21:53:45,799 [trainer.py] => Trainable params: 1189632
2024-10-24 21:53:45,801 [dsease.py] => Total trainable params: 1265664
2024-10-24 21:53:45,802 [dsease.py] => Learning on 95-100
2024-10-24 22:00:55,721 [dsease.py] => Task 19, Epoch 20/20 => Loss 0.152, Train_accy 95.04
2024-10-24 22:14:34,902 [dsease.py] => Task correct: 67.3
2024-10-24 22:14:34,903 [dsease.py] => Task acc: 96.71
2024-10-24 22:14:34,938 [trainer.py] => No NME accuracy.
2024-10-24 22:14:34,938 [trainer.py] => CNN: {'total': 67.11, '00-04': 62.0, '05-09': 52.8, '10-14': 66.4, '15-19': 43.2, '20-24': 68.0, '25-29': 72.0, '30-34': 46.4, '35-39': 77.4, '40-44': 77.0, '45-49': 58.6, '50-54': 77.8, '55-59': 72.8, '60-64': 78.6, '65-69': 84.8, '70-74': 70.4, '75-79': 63.4, '80-84': 83.0, '85-89': 71.4, '90-94': 54.2, '95-99': 62.0, 'old': 67.38, 'new': 62.0}
2024-10-24 22:14:34,939 [trainer.py] => CNN top1 curve: [99.6, 97.5, 93.0, 90.5, 90.68, 88.53, 84.2, 85.0, 83.8, 81.36, 69.98, 70.65, 70.78, 71.37, 70.67, 68.18, 68.49, 69.24, 68.23, 67.11]
2024-10-24 22:14:34,939 [trainer.py] => CNN top5 curve: [100.0, 99.9, 98.6, 98.5, 98.44, 97.83, 97.54, 97.6, 97.36, 96.74, 94.13, 93.8, 93.89, 93.94, 92.96, 92.51, 92.69, 92.46, 92.4, 91.2]

2024-10-24 22:14:34,939 [trainer.py] => Average Accuracy (CNN): 79.44350000000001 

