2024-12-19 11:38:43,788 [trainer.py] => model: psrd_ease
2024-12-19 11:38:43,788 [trainer.py] => prefix:  
2024-12-19 11:38:43,789 [trainer.py] => dataset: cifar224
2024-12-19 11:38:43,789 [trainer.py] => memory_size: 0
2024-12-19 11:38:43,789 [trainer.py] => memory_per_class: 0
2024-12-19 11:38:43,789 [trainer.py] => fixed_memory: False
2024-12-19 11:38:43,789 [trainer.py] => shuffle: True
2024-12-19 11:38:43,789 [trainer.py] => init_cls: 5
2024-12-19 11:38:43,790 [trainer.py] => increment: 5
2024-12-19 11:38:43,790 [trainer.py] => num_tasks: 20
2024-12-19 11:38:43,790 [trainer.py] => model_name: psrd_ease
2024-12-19 11:38:43,790 [trainer.py] => backbone_type: vit_base_patch16_224_ease
2024-12-19 11:38:43,790 [trainer.py] => device: [device(type='cuda', index=0)]
2024-12-19 11:38:43,790 [trainer.py] => seed: 110
2024-12-19 11:38:43,791 [trainer.py] => wandb_log: True
2024-12-19 11:38:43,791 [trainer.py] => test_future: False
2024-12-19 11:38:43,791 [trainer.py] => init_epochs: 60
2024-12-19 11:38:43,791 [trainer.py] => init_lr: 0.025
2024-12-19 11:38:43,791 [trainer.py] => later_epochs: 60
2024-12-19 11:38:43,791 [trainer.py] => later_lr: 0.025
2024-12-19 11:38:43,792 [trainer.py] => batch_size: 48
2024-12-19 11:38:43,792 [trainer.py] => weight_decay: 0.0005
2024-12-19 11:38:43,792 [trainer.py] => min_lr: 0
2024-12-19 11:38:43,792 [trainer.py] => optimizer: sgd
2024-12-19 11:38:43,792 [trainer.py] => scheduler: cosine
2024-12-19 11:38:43,792 [trainer.py] => pretrained: True
2024-12-19 11:38:43,792 [trainer.py] => vpt_type: Deep
2024-12-19 11:38:43,793 [trainer.py] => prompt_token_num: 5
2024-12-19 11:38:43,793 [trainer.py] => ffn_num: 64
2024-12-19 11:38:43,793 [trainer.py] => use_diagonal: False
2024-12-19 11:38:43,793 [trainer.py] => recalc_sim: True
2024-12-19 11:38:43,793 [trainer.py] => alpha: 0.1
2024-12-19 11:38:43,793 [trainer.py] => use_init_ptm: False
2024-12-19 11:38:43,793 [trainer.py] => beta: 0
2024-12-19 11:38:43,794 [trainer.py] => use_old_data: False
2024-12-19 11:38:43,794 [trainer.py] => use_reweight: False
2024-12-19 11:38:43,794 [trainer.py] => moni_adam: False
2024-12-19 11:38:43,794 [trainer.py] => adapter_num: -1
2024-12-19 11:38:43,794 [trainer.py] => half_iid: False
2024-12-19 11:38:43,794 [trainer.py] => head_hidden_dim: 512
2024-12-19 11:38:43,795 [trainer.py] => head_proj_dim: 128
2024-12-19 11:38:43,795 [trainer.py] => head_num_layers: 3
2024-12-19 11:38:43,795 [trainer.py] => head_batch_norm: False
2024-12-19 11:38:43,795 [trainer.py] => supcon_temperature: 0.1
2024-12-19 11:38:43,795 [trainer.py] => distill_coef: 4
2024-12-19 11:38:43,795 [trainer.py] => distill_temp: 1
2024-12-19 11:38:43,795 [trainer.py] => prototypes_coef: 2
2024-12-19 11:38:45,605 [data_manager.py] => [14, 88, 71, 30, 75, 63, 24, 87, 98, 19, 33, 6, 3, 16, 39, 17, 53, 55, 84, 62, 50, 92, 7, 22, 69, 85, 28, 43, 44, 78, 86, 10, 57, 27, 11, 68, 97, 35, 58, 82, 83, 60, 90, 20, 38, 45, 54, 79, 72, 36, 76, 25, 65, 94, 56, 74, 12, 59, 95, 52, 46, 29, 18, 9, 13, 77, 40, 67, 37, 49, 64, 4, 91, 51, 2, 34, 96, 48, 31, 21, 66, 73, 1, 23, 42, 41, 26, 81, 32, 5, 8, 70, 93, 80, 99, 47, 89, 15, 61, 0]
2024-12-19 11:38:49,029 [trainer.py] => All params: 87787136
2024-12-19 11:38:49,030 [trainer.py] => Trainable params: 1988480
2024-12-19 11:38:49,030 [psrd_ease.py] => Learning on 0-5
2024-12-19 12:25:40,902 [psrd_ease.py] => Task 0, Epoch 60/60 => Loss 4.878, Train_accy 97.52
2024-12-19 12:25:43,676 [psrd_ease.py] => Task correct: 100.0
2024-12-19 12:25:43,677 [psrd_ease.py] => Task acc: 99.2
2024-12-19 12:25:43,742 [trainer.py] => No NME accuracy.
2024-12-19 12:25:43,742 [trainer.py] => CNN: {'total': np.float64(99.2), '00-04': np.float64(99.2), 'old': 0, 'new': np.float64(99.2)}
2024-12-19 12:25:43,742 [trainer.py] => CNN top1 curve: [np.float64(99.2)]
2024-12-19 12:25:43,742 [trainer.py] => CNN top5 curve: [np.float64(100.0)]

2024-12-19 12:25:43,743 [trainer.py] => Average Accuracy (CNN): 99.2 

2024-12-19 12:25:43,744 [trainer.py] => All params: 87787136
2024-12-19 12:25:43,745 [trainer.py] => Trainable params: 1984640
2024-12-19 12:25:43,746 [psrd_ease.py] => Learning on 5-10
2024-12-19 13:58:00,793 [psrd_ease.py] => Task 1, Epoch 60/60 => Loss 5.082, Train_accy 94.92
2024-12-19 13:58:10,658 [psrd_ease.py] => Task correct: 98.8
2024-12-19 13:58:10,659 [psrd_ease.py] => Task acc: 99.1
2024-12-19 13:58:10,689 [trainer.py] => No NME accuracy.
2024-12-19 13:58:10,689 [trainer.py] => CNN: {'total': np.float64(98.1), '00-04': np.float64(97.4), '05-09': np.float64(98.8), 'old': np.float64(97.4), 'new': np.float64(98.8)}
2024-12-19 13:58:10,690 [trainer.py] => CNN top1 curve: [np.float64(99.2), np.float64(98.1)]
2024-12-19 13:58:10,690 [trainer.py] => CNN top5 curve: [np.float64(100.0), np.float64(100.0)]

2024-12-19 13:58:10,690 [trainer.py] => Average Accuracy (CNN): 98.65 

2024-12-19 13:58:10,692 [trainer.py] => All params: 87787136
2024-12-19 13:58:10,693 [trainer.py] => Trainable params: 1980800
2024-12-19 13:58:10,693 [psrd_ease.py] => Learning on 10-15
2024-12-19 15:53:01,688 [psrd_ease.py] => Task 2, Epoch 60/60 => Loss 5.137, Train_accy 95.08
2024-12-19 15:53:23,133 [psrd_ease.py] => Task correct: 98.2
2024-12-19 15:53:23,133 [psrd_ease.py] => Task acc: 99.13333333333334
2024-12-19 15:53:23,166 [trainer.py] => No NME accuracy.
2024-12-19 15:53:23,166 [trainer.py] => CNN: {'total': np.float64(97.73), '00-04': np.float64(97.2), '05-09': np.float64(98.0), '10-14': np.float64(98.0), 'old': np.float64(97.6), 'new': np.float64(98.0)}
2024-12-19 15:53:23,166 [trainer.py] => CNN top1 curve: [np.float64(99.2), np.float64(98.1), np.float64(97.73)]
2024-12-19 15:53:23,167 [trainer.py] => CNN top5 curve: [np.float64(100.0), np.float64(100.0), np.float64(99.93)]

2024-12-19 15:53:23,167 [trainer.py] => Average Accuracy (CNN): 98.34333333333335 

2024-12-19 15:53:23,168 [trainer.py] => All params: 87787136
2024-12-19 15:53:23,169 [trainer.py] => Trainable params: 1976960
2024-12-19 15:53:23,169 [psrd_ease.py] => Learning on 15-20
2024-12-19 18:10:45,111 [psrd_ease.py] => Task 3, Epoch 60/60 => Loss 5.056, Train_accy 95.84
2024-12-19 18:11:22,580 [psrd_ease.py] => Task correct: 97.2
2024-12-19 18:11:22,581 [psrd_ease.py] => Task acc: 99.25
2024-12-19 18:11:22,615 [trainer.py] => No NME accuracy.
2024-12-19 18:11:22,615 [trainer.py] => CNN: {'total': np.float64(96.75), '00-04': np.float64(96.4), '05-09': np.float64(96.2), '10-14': np.float64(96.8), '15-19': np.float64(97.6), 'old': np.float64(96.47), 'new': np.float64(97.6)}
2024-12-19 18:11:22,615 [trainer.py] => CNN top1 curve: [np.float64(99.2), np.float64(98.1), np.float64(97.73), np.float64(96.75)]
2024-12-19 18:11:22,615 [trainer.py] => CNN top5 curve: [np.float64(100.0), np.float64(100.0), np.float64(99.93), np.float64(99.8)]

2024-12-19 18:11:22,616 [trainer.py] => Average Accuracy (CNN): 97.94500000000001 

2024-12-19 18:11:22,617 [trainer.py] => All params: 87787136
2024-12-19 18:11:22,618 [trainer.py] => Trainable params: 1973120
2024-12-19 18:11:22,618 [psrd_ease.py] => Learning on 20-25
2024-12-19 20:51:35,128 [psrd_ease.py] => Task 4, Epoch 60/60 => Loss 5.234, Train_accy 94.84
2024-12-19 20:52:33,449 [psrd_ease.py] => Task correct: 96.04
2024-12-19 20:52:33,450 [psrd_ease.py] => Task acc: 99.32
2024-12-19 20:52:33,482 [trainer.py] => No NME accuracy.
2024-12-19 20:52:33,482 [trainer.py] => CNN: {'total': np.float64(95.72), '00-04': np.float64(96.0), '05-09': np.float64(94.4), '10-14': np.float64(95.6), '15-19': np.float64(96.6), '20-24': np.float64(96.0), 'old': np.float64(95.65), 'new': np.float64(96.0)}
2024-12-19 20:52:33,482 [trainer.py] => CNN top1 curve: [np.float64(99.2), np.float64(98.1), np.float64(97.73), np.float64(96.75), np.float64(95.72)]
2024-12-19 20:52:33,482 [trainer.py] => CNN top5 curve: [np.float64(100.0), np.float64(100.0), np.float64(99.93), np.float64(99.8), np.float64(99.64)]

2024-12-19 20:52:33,483 [trainer.py] => Average Accuracy (CNN): 97.5 

2024-12-19 20:52:33,484 [trainer.py] => All params: 87787136
2024-12-19 20:52:33,485 [trainer.py] => Trainable params: 1969280
2024-12-19 20:52:33,485 [psrd_ease.py] => Learning on 25-30
2024-12-19 23:55:31,118 [psrd_ease.py] => Task 5, Epoch 60/60 => Loss 5.267, Train_accy 94.00
2024-12-19 23:56:54,761 [psrd_ease.py] => Task correct: 95.63333333333334
2024-12-19 23:56:54,762 [psrd_ease.py] => Task acc: 99.13333333333334
2024-12-19 23:56:54,793 [trainer.py] => No NME accuracy.
2024-12-19 23:56:54,793 [trainer.py] => CNN: {'total': np.float64(95.2), '00-04': np.float64(95.2), '05-09': np.float64(94.2), '10-14': np.float64(94.6), '15-19': np.float64(96.2), '20-24': np.float64(95.6), '25-29': np.float64(95.4), 'old': np.float64(95.16), 'new': np.float64(95.4)}
2024-12-19 23:56:54,793 [trainer.py] => CNN top1 curve: [np.float64(99.2), np.float64(98.1), np.float64(97.73), np.float64(96.75), np.float64(95.72), np.float64(95.2)]
2024-12-19 23:56:54,794 [trainer.py] => CNN top5 curve: [np.float64(100.0), np.float64(100.0), np.float64(99.93), np.float64(99.8), np.float64(99.64), np.float64(99.4)]

2024-12-19 23:56:54,794 [trainer.py] => Average Accuracy (CNN): 97.11666666666667 

2024-12-19 23:56:54,795 [trainer.py] => All params: 87787136
2024-12-19 23:56:54,796 [trainer.py] => Trainable params: 1965440
2024-12-19 23:56:54,796 [psrd_ease.py] => Learning on 30-35
2024-12-20 03:22:31,718 [psrd_ease.py] => Task 6, Epoch 60/60 => Loss 5.319, Train_accy 93.72
2024-12-20 03:24:25,157 [psrd_ease.py] => Task correct: 93.97142857142858
2024-12-20 03:24:25,157 [psrd_ease.py] => Task acc: 99.05714285714286
2024-12-20 03:24:25,188 [trainer.py] => No NME accuracy.
2024-12-20 03:24:25,188 [trainer.py] => CNN: {'total': np.float64(93.6), '00-04': np.float64(95.2), '05-09': np.float64(91.6), '10-14': np.float64(93.4), '15-19': np.float64(95.2), '20-24': np.float64(95.4), '25-29': np.float64(93.6), '30-34': np.float64(90.8), 'old': np.float64(94.07), 'new': np.float64(90.8)}
2024-12-20 03:24:25,188 [trainer.py] => CNN top1 curve: [np.float64(99.2), np.float64(98.1), np.float64(97.73), np.float64(96.75), np.float64(95.72), np.float64(95.2), np.float64(93.6)]
2024-12-20 03:24:25,189 [trainer.py] => CNN top5 curve: [np.float64(100.0), np.float64(100.0), np.float64(99.93), np.float64(99.8), np.float64(99.64), np.float64(99.4), np.float64(99.29)]

2024-12-20 03:24:25,189 [trainer.py] => Average Accuracy (CNN): 96.61428571428573 

2024-12-20 03:24:25,190 [trainer.py] => All params: 87787136
2024-12-20 03:24:25,191 [trainer.py] => Trainable params: 1961600
2024-12-20 03:24:25,191 [psrd_ease.py] => Learning on 35-40
2024-12-20 07:12:45,851 [psrd_ease.py] => Task 7, Epoch 60/60 => Loss 5.109, Train_accy 96.60
2024-12-20 07:15:14,326 [psrd_ease.py] => Task correct: 92.675
2024-12-20 07:15:14,327 [psrd_ease.py] => Task acc: 99.15
2024-12-20 07:15:14,361 [trainer.py] => No NME accuracy.
2024-12-20 07:15:14,361 [trainer.py] => CNN: {'total': np.float64(92.32), '00-04': np.float64(94.6), '05-09': np.float64(88.6), '10-14': np.float64(91.6), '15-19': np.float64(94.8), '20-24': np.float64(95.2), '25-29': np.float64(93.4), '30-34': np.float64(88.0), '35-39': np.float64(92.4), 'old': np.float64(92.31), 'new': np.float64(92.4)}
2024-12-20 07:15:14,361 [trainer.py] => CNN top1 curve: [np.float64(99.2), np.float64(98.1), np.float64(97.73), np.float64(96.75), np.float64(95.72), np.float64(95.2), np.float64(93.6), np.float64(92.32)]
2024-12-20 07:15:14,362 [trainer.py] => CNN top5 curve: [np.float64(100.0), np.float64(100.0), np.float64(99.93), np.float64(99.8), np.float64(99.64), np.float64(99.4), np.float64(99.29), np.float64(99.28)]

2024-12-20 07:15:14,362 [trainer.py] => Average Accuracy (CNN): 96.07750000000001 

2024-12-20 07:15:14,363 [trainer.py] => All params: 87787136
2024-12-20 07:15:14,364 [trainer.py] => Trainable params: 1957760
2024-12-20 07:15:14,365 [psrd_ease.py] => Learning on 40-45
2024-12-20 11:24:48,792 [psrd_ease.py] => Task 8, Epoch 60/60 => Loss 5.035, Train_accy 96.24
2024-12-20 11:27:54,053 [psrd_ease.py] => Task correct: 92.44444444444444
2024-12-20 11:27:54,054 [psrd_ease.py] => Task acc: 99.2
2024-12-20 11:27:54,092 [trainer.py] => No NME accuracy.
2024-12-20 11:27:54,092 [trainer.py] => CNN: {'total': np.float64(92.13), '00-04': np.float64(94.0), '05-09': np.float64(88.6), '10-14': np.float64(91.4), '15-19': np.float64(93.4), '20-24': np.float64(95.2), '25-29': np.float64(93.4), '30-34': np.float64(87.4), '35-39': np.float64(92.2), '40-44': np.float64(93.6), 'old': np.float64(91.95), 'new': np.float64(93.6)}
2024-12-20 11:27:54,092 [trainer.py] => CNN top1 curve: [np.float64(99.2), np.float64(98.1), np.float64(97.73), np.float64(96.75), np.float64(95.72), np.float64(95.2), np.float64(93.6), np.float64(92.32), np.float64(92.13)]
2024-12-20 11:27:54,093 [trainer.py] => CNN top5 curve: [np.float64(100.0), np.float64(100.0), np.float64(99.93), np.float64(99.8), np.float64(99.64), np.float64(99.4), np.float64(99.29), np.float64(99.28), np.float64(99.18)]

2024-12-20 11:27:54,093 [trainer.py] => Average Accuracy (CNN): 95.6388888888889 

2024-12-20 11:27:54,094 [trainer.py] => All params: 87787136
2024-12-20 11:27:54,095 [trainer.py] => Trainable params: 1953920
2024-12-20 11:27:54,095 [psrd_ease.py] => Learning on 45-50
2024-12-20 15:57:51,666 [psrd_ease.py] => Task 9, Epoch 60/60 => Loss 5.284, Train_accy 93.76
2024-12-20 16:01:37,988 [psrd_ease.py] => Task correct: 91.82
2024-12-20 16:01:37,989 [psrd_ease.py] => Task acc: 99.14
2024-12-20 16:01:38,023 [trainer.py] => No NME accuracy.
2024-12-20 16:01:38,023 [trainer.py] => CNN: {'total': np.float64(91.46), '00-04': np.float64(94.0), '05-09': np.float64(88.4), '10-14': np.float64(90.6), '15-19': np.float64(90.8), '20-24': np.float64(91.8), '25-29': np.float64(93.4), '30-34': np.float64(87.0), '35-39': np.float64(92.2), '40-44': np.float64(93.6), '45-49': np.float64(92.8), 'old': np.float64(91.31), 'new': np.float64(92.8)}
2024-12-20 16:01:38,023 [trainer.py] => CNN top1 curve: [np.float64(99.2), np.float64(98.1), np.float64(97.73), np.float64(96.75), np.float64(95.72), np.float64(95.2), np.float64(93.6), np.float64(92.32), np.float64(92.13), np.float64(91.46)]
2024-12-20 16:01:38,024 [trainer.py] => CNN top5 curve: [np.float64(100.0), np.float64(100.0), np.float64(99.93), np.float64(99.8), np.float64(99.64), np.float64(99.4), np.float64(99.29), np.float64(99.28), np.float64(99.18), np.float64(99.14)]

2024-12-20 16:01:38,024 [trainer.py] => Average Accuracy (CNN): 95.22100000000002 

2024-12-20 16:01:38,025 [trainer.py] => All params: 87787136
2024-12-20 16:01:38,026 [trainer.py] => Trainable params: 1950080
2024-12-20 16:01:38,026 [psrd_ease.py] => Learning on 50-55
2024-12-20 20:55:25,271 [psrd_ease.py] => Task 10, Epoch 60/60 => Loss 5.306, Train_accy 93.60
2024-12-20 21:00:03,316 [psrd_ease.py] => Task correct: 91.61818181818182
2024-12-20 21:00:03,317 [psrd_ease.py] => Task acc: 99.12727272727273
2024-12-20 21:00:03,350 [trainer.py] => No NME accuracy.
2024-12-20 21:00:03,350 [trainer.py] => CNN: {'total': np.float64(91.25), '00-04': np.float64(93.6), '05-09': np.float64(88.2), '10-14': np.float64(89.8), '15-19': np.float64(90.4), '20-24': np.float64(91.6), '25-29': np.float64(93.4), '30-34': np.float64(86.8), '35-39': np.float64(91.6), '40-44': np.float64(93.2), '45-49': np.float64(92.8), '50-54': np.float64(92.4), 'old': np.float64(91.14), 'new': np.float64(92.4)}
2024-12-20 21:00:03,350 [trainer.py] => CNN top1 curve: [np.float64(99.2), np.float64(98.1), np.float64(97.73), np.float64(96.75), np.float64(95.72), np.float64(95.2), np.float64(93.6), np.float64(92.32), np.float64(92.13), np.float64(91.46), np.float64(91.25)]
2024-12-20 21:00:03,350 [trainer.py] => CNN top5 curve: [np.float64(100.0), np.float64(100.0), np.float64(99.93), np.float64(99.8), np.float64(99.64), np.float64(99.4), np.float64(99.29), np.float64(99.28), np.float64(99.18), np.float64(99.14), np.float64(99.13)]

2024-12-20 21:00:03,351 [trainer.py] => Average Accuracy (CNN): 94.86 

2024-12-20 21:00:03,352 [trainer.py] => All params: 87787136
2024-12-20 21:00:03,353 [trainer.py] => Trainable params: 1946240
2024-12-20 21:00:03,353 [psrd_ease.py] => Learning on 55-60
2024-12-21 02:18:05,238 [psrd_ease.py] => Task 11, Epoch 60/60 => Loss 5.329, Train_accy 87.32
2024-12-21 02:23:35,848 [psrd_ease.py] => Task correct: 90.51666666666667
2024-12-21 02:23:35,849 [psrd_ease.py] => Task acc: 98.48333333333333
2024-12-21 02:23:35,881 [trainer.py] => No NME accuracy.
2024-12-21 02:23:35,881 [trainer.py] => CNN: {'total': np.float64(89.72), '00-04': np.float64(90.8), '05-09': np.float64(87.0), '10-14': np.float64(87.6), '15-19': np.float64(90.2), '20-24': np.float64(90.6), '25-29': np.float64(93.2), '30-34': np.float64(86.8), '35-39': np.float64(91.0), '40-44': np.float64(92.8), '45-49': np.float64(92.4), '50-54': np.float64(92.0), '55-59': np.float64(82.2), 'old': np.float64(90.4), 'new': np.float64(82.2)}
2024-12-21 02:23:35,881 [trainer.py] => CNN top1 curve: [np.float64(99.2), np.float64(98.1), np.float64(97.73), np.float64(96.75), np.float64(95.72), np.float64(95.2), np.float64(93.6), np.float64(92.32), np.float64(92.13), np.float64(91.46), np.float64(91.25), np.float64(89.72)]
2024-12-21 02:23:35,881 [trainer.py] => CNN top5 curve: [np.float64(100.0), np.float64(100.0), np.float64(99.93), np.float64(99.8), np.float64(99.64), np.float64(99.4), np.float64(99.29), np.float64(99.28), np.float64(99.18), np.float64(99.14), np.float64(99.13), np.float64(98.7)]

2024-12-21 02:23:35,882 [trainer.py] => Average Accuracy (CNN): 94.43166666666667 

2024-12-21 02:23:35,883 [trainer.py] => All params: 87787136
2024-12-21 02:23:35,884 [trainer.py] => Trainable params: 1942400
2024-12-21 02:23:35,884 [psrd_ease.py] => Learning on 60-65
2024-12-21 08:04:40,718 [psrd_ease.py] => Task 12, Epoch 60/60 => Loss 5.440, Train_accy 93.60
2024-12-21 08:11:09,886 [psrd_ease.py] => Task correct: 89.86153846153846
2024-12-21 08:11:09,887 [psrd_ease.py] => Task acc: 98.49230769230769
2024-12-21 08:11:09,920 [trainer.py] => No NME accuracy.
2024-12-21 08:11:09,921 [trainer.py] => CNN: {'total': np.float64(89.09), '00-04': np.float64(90.0), '05-09': np.float64(86.8), '10-14': np.float64(87.6), '15-19': np.float64(89.4), '20-24': np.float64(90.4), '25-29': np.float64(92.2), '30-34': np.float64(84.4), '35-39': np.float64(90.0), '40-44': np.float64(92.2), '45-49': np.float64(92.4), '50-54': np.float64(91.6), '55-59': np.float64(82.2), '60-64': np.float64(89.0), 'old': np.float64(89.1), 'new': np.float64(89.0)}
2024-12-21 08:11:09,921 [trainer.py] => CNN top1 curve: [np.float64(99.2), np.float64(98.1), np.float64(97.73), np.float64(96.75), np.float64(95.72), np.float64(95.2), np.float64(93.6), np.float64(92.32), np.float64(92.13), np.float64(91.46), np.float64(91.25), np.float64(89.72), np.float64(89.09)]
2024-12-21 08:11:09,921 [trainer.py] => CNN top5 curve: [np.float64(100.0), np.float64(100.0), np.float64(99.93), np.float64(99.8), np.float64(99.64), np.float64(99.4), np.float64(99.29), np.float64(99.28), np.float64(99.18), np.float64(99.14), np.float64(99.13), np.float64(98.7), np.float64(98.51)]

2024-12-21 08:11:09,921 [trainer.py] => Average Accuracy (CNN): 94.02076923076923 

2024-12-21 08:11:09,922 [trainer.py] => All params: 87787136
2024-12-21 08:11:09,924 [trainer.py] => Trainable params: 1938560
2024-12-21 08:11:09,924 [psrd_ease.py] => Learning on 65-70
2024-12-21 14:14:27,685 [psrd_ease.py] => Task 13, Epoch 60/60 => Loss 5.351, Train_accy 92.80
2024-12-21 14:21:57,792 [psrd_ease.py] => Task correct: 89.34285714285714
2024-12-21 14:21:57,792 [psrd_ease.py] => Task acc: 98.51428571428572
2024-12-21 14:21:57,824 [trainer.py] => No NME accuracy.
2024-12-21 14:21:57,824 [trainer.py] => CNN: {'total': np.float64(88.64), '00-04': np.float64(88.4), '05-09': np.float64(86.6), '10-14': np.float64(87.2), '15-19': np.float64(87.8), '20-24': np.float64(90.2), '25-29': np.float64(92.0), '30-34': np.float64(84.2), '35-39': np.float64(89.4), '40-44': np.float64(92.0), '45-49': np.float64(92.4), '50-54': np.float64(91.0), '55-59': np.float64(81.2), '60-64': np.float64(88.6), '65-69': np.float64(90.0), 'old': np.float64(88.54), 'new': np.float64(90.0)}
2024-12-21 14:21:57,824 [trainer.py] => CNN top1 curve: [np.float64(99.2), np.float64(98.1), np.float64(97.73), np.float64(96.75), np.float64(95.72), np.float64(95.2), np.float64(93.6), np.float64(92.32), np.float64(92.13), np.float64(91.46), np.float64(91.25), np.float64(89.72), np.float64(89.09), np.float64(88.64)]
2024-12-21 14:21:57,824 [trainer.py] => CNN top5 curve: [np.float64(100.0), np.float64(100.0), np.float64(99.93), np.float64(99.8), np.float64(99.64), np.float64(99.4), np.float64(99.29), np.float64(99.28), np.float64(99.18), np.float64(99.14), np.float64(99.13), np.float64(98.7), np.float64(98.51), np.float64(98.36)]

2024-12-21 14:21:57,825 [trainer.py] => Average Accuracy (CNN): 93.63642857142858 

2024-12-21 14:21:57,826 [trainer.py] => All params: 87787136
2024-12-21 14:21:57,827 [trainer.py] => Trainable params: 1934720
2024-12-21 14:21:57,827 [psrd_ease.py] => Learning on 70-75
2024-12-21 20:48:54,534 [psrd_ease.py] => Task 14, Epoch 60/60 => Loss 5.449, Train_accy 91.00
2024-12-21 20:57:33,710 [psrd_ease.py] => Task correct: 88.54666666666667
2024-12-21 20:57:33,711 [psrd_ease.py] => Task acc: 98.46666666666667
2024-12-21 20:57:33,743 [trainer.py] => No NME accuracy.
2024-12-21 20:57:33,744 [trainer.py] => CNN: {'total': np.float64(87.91), '00-04': np.float64(88.4), '05-09': np.float64(85.4), '10-14': np.float64(87.0), '15-19': np.float64(86.2), '20-24': np.float64(90.0), '25-29': np.float64(92.0), '30-34': np.float64(81.2), '35-39': np.float64(86.8), '40-44': np.float64(92.0), '45-49': np.float64(92.2), '50-54': np.float64(90.8), '55-59': np.float64(80.6), '60-64': np.float64(88.4), '65-69': np.float64(89.4), '70-74': np.float64(88.2), 'old': np.float64(87.89), 'new': np.float64(88.2)}
2024-12-21 20:57:33,744 [trainer.py] => CNN top1 curve: [np.float64(99.2), np.float64(98.1), np.float64(97.73), np.float64(96.75), np.float64(95.72), np.float64(95.2), np.float64(93.6), np.float64(92.32), np.float64(92.13), np.float64(91.46), np.float64(91.25), np.float64(89.72), np.float64(89.09), np.float64(88.64), np.float64(87.91)]
2024-12-21 20:57:33,744 [trainer.py] => CNN top5 curve: [np.float64(100.0), np.float64(100.0), np.float64(99.93), np.float64(99.8), np.float64(99.64), np.float64(99.4), np.float64(99.29), np.float64(99.28), np.float64(99.18), np.float64(99.14), np.float64(99.13), np.float64(98.7), np.float64(98.51), np.float64(98.36), np.float64(98.0)]

2024-12-21 20:57:33,744 [trainer.py] => Average Accuracy (CNN): 93.25466666666668 

2024-12-21 20:57:33,746 [trainer.py] => All params: 87787136
2024-12-21 20:57:33,746 [trainer.py] => Trainable params: 1930880
2024-12-21 20:57:33,747 [psrd_ease.py] => Learning on 75-80
2024-12-22 03:47:59,567 [psrd_ease.py] => Task 15, Epoch 60/60 => Loss 5.340, Train_accy 94.36
2024-12-22 03:57:50,686 [psrd_ease.py] => Task correct: 88.1375
2024-12-22 03:57:50,687 [psrd_ease.py] => Task acc: 98.45
2024-12-22 03:57:50,720 [trainer.py] => No NME accuracy.
2024-12-22 03:57:50,720 [trainer.py] => CNN: {'total': np.float64(87.58), '00-04': np.float64(87.8), '05-09': np.float64(85.2), '10-14': np.float64(83.8), '15-19': np.float64(86.0), '20-24': np.float64(90.0), '25-29': np.float64(92.0), '30-34': np.float64(81.0), '35-39': np.float64(86.4), '40-44': np.float64(91.6), '45-49': np.float64(92.0), '50-54': np.float64(90.4), '55-59': np.float64(80.2), '60-64': np.float64(88.2), '65-69': np.float64(89.4), '70-74': np.float64(88.0), '75-79': np.float64(89.2), 'old': np.float64(87.47), 'new': np.float64(89.2)}
2024-12-22 03:57:50,720 [trainer.py] => CNN top1 curve: [np.float64(99.2), np.float64(98.1), np.float64(97.73), np.float64(96.75), np.float64(95.72), np.float64(95.2), np.float64(93.6), np.float64(92.32), np.float64(92.13), np.float64(91.46), np.float64(91.25), np.float64(89.72), np.float64(89.09), np.float64(88.64), np.float64(87.91), np.float64(87.58)]
2024-12-22 03:57:50,720 [trainer.py] => CNN top5 curve: [np.float64(100.0), np.float64(100.0), np.float64(99.93), np.float64(99.8), np.float64(99.64), np.float64(99.4), np.float64(99.29), np.float64(99.28), np.float64(99.18), np.float64(99.14), np.float64(99.13), np.float64(98.7), np.float64(98.51), np.float64(98.36), np.float64(98.0), np.float64(97.82)]

2024-12-22 03:57:50,721 [trainer.py] => Average Accuracy (CNN): 92.9 

2024-12-22 03:57:50,722 [trainer.py] => All params: 87787136
2024-12-22 03:57:50,723 [trainer.py] => Trainable params: 1927040
2024-12-22 03:57:50,723 [psrd_ease.py] => Learning on 80-85
2024-12-22 11:10:59,843 [psrd_ease.py] => Task 16, Epoch 60/60 => Loss 5.316, Train_accy 94.28
2024-12-22 11:22:06,043 [psrd_ease.py] => Task correct: 87.67058823529412
2024-12-22 11:22:06,044 [psrd_ease.py] => Task acc: 98.45882352941176
2024-12-22 11:22:06,077 [trainer.py] => No NME accuracy.
2024-12-22 11:22:06,077 [trainer.py] => CNN: {'total': np.float64(87.12), '00-04': np.float64(83.8), '05-09': np.float64(84.6), '10-14': np.float64(83.6), '15-19': np.float64(86.0), '20-24': np.float64(89.8), '25-29': np.float64(92.0), '30-34': np.float64(80.8), '35-39': np.float64(86.4), '40-44': np.float64(90.8), '45-49': np.float64(91.8), '50-54': np.float64(90.0), '55-59': np.float64(79.0), '60-64': np.float64(88.0), '65-69': np.float64(88.6), '70-74': np.float64(87.4), '75-79': np.float64(89.0), '80-84': np.float64(89.4), 'old': np.float64(86.98), 'new': np.float64(89.4)}
2024-12-22 11:22:06,077 [trainer.py] => CNN top1 curve: [np.float64(99.2), np.float64(98.1), np.float64(97.73), np.float64(96.75), np.float64(95.72), np.float64(95.2), np.float64(93.6), np.float64(92.32), np.float64(92.13), np.float64(91.46), np.float64(91.25), np.float64(89.72), np.float64(89.09), np.float64(88.64), np.float64(87.91), np.float64(87.58), np.float64(87.12)]
2024-12-22 11:22:06,078 [trainer.py] => CNN top5 curve: [np.float64(100.0), np.float64(100.0), np.float64(99.93), np.float64(99.8), np.float64(99.64), np.float64(99.4), np.float64(99.29), np.float64(99.28), np.float64(99.18), np.float64(99.14), np.float64(99.13), np.float64(98.7), np.float64(98.51), np.float64(98.36), np.float64(98.0), np.float64(97.82), np.float64(97.78)]

2024-12-22 11:22:06,078 [trainer.py] => Average Accuracy (CNN): 92.56 

2024-12-22 11:22:06,080 [trainer.py] => All params: 87787136
2024-12-22 11:22:06,080 [trainer.py] => Trainable params: 1923200
2024-12-22 11:22:06,081 [psrd_ease.py] => Learning on 85-90
2024-12-22 18:57:04,607 [psrd_ease.py] => Task 17, Epoch 60/60 => Loss 5.569, Train_accy 91.04
2024-12-22 19:09:28,726 [psrd_ease.py] => Task correct: 87.06666666666666
2024-12-22 19:09:28,727 [psrd_ease.py] => Task acc: 98.5
2024-12-22 19:09:28,760 [trainer.py] => No NME accuracy.
2024-12-22 19:09:28,761 [trainer.py] => CNN: {'total': np.float64(86.53), '00-04': np.float64(83.6), '05-09': np.float64(84.4), '10-14': np.float64(83.6), '15-19': np.float64(85.2), '20-24': np.float64(89.6), '25-29': np.float64(92.0), '30-34': np.float64(80.6), '35-39': np.float64(86.4), '40-44': np.float64(88.8), '45-49': np.float64(89.2), '50-54': np.float64(86.8), '55-59': np.float64(79.0), '60-64': np.float64(85.2), '65-69': np.float64(88.4), '70-74': np.float64(87.2), '75-79': np.float64(89.0), '80-84': np.float64(89.2), '85-89': np.float64(89.4), 'old': np.float64(86.36), 'new': np.float64(89.4)}
2024-12-22 19:09:28,761 [trainer.py] => CNN top1 curve: [np.float64(99.2), np.float64(98.1), np.float64(97.73), np.float64(96.75), np.float64(95.72), np.float64(95.2), np.float64(93.6), np.float64(92.32), np.float64(92.13), np.float64(91.46), np.float64(91.25), np.float64(89.72), np.float64(89.09), np.float64(88.64), np.float64(87.91), np.float64(87.58), np.float64(87.12), np.float64(86.53)]
2024-12-22 19:09:28,761 [trainer.py] => CNN top5 curve: [np.float64(100.0), np.float64(100.0), np.float64(99.93), np.float64(99.8), np.float64(99.64), np.float64(99.4), np.float64(99.29), np.float64(99.28), np.float64(99.18), np.float64(99.14), np.float64(99.13), np.float64(98.7), np.float64(98.51), np.float64(98.36), np.float64(98.0), np.float64(97.82), np.float64(97.78), np.float64(97.72)]

2024-12-22 19:09:28,761 [trainer.py] => Average Accuracy (CNN): 92.225 

2024-12-22 19:09:28,762 [trainer.py] => All params: 87787136
2024-12-22 19:09:28,763 [trainer.py] => Trainable params: 1919360
2024-12-22 19:09:28,763 [psrd_ease.py] => Learning on 90-95
2024-12-23 03:06:36,944 [psrd_ease.py] => Task 18, Epoch 60/60 => Loss 5.458, Train_accy 93.72
2024-12-23 03:20:25,113 [psrd_ease.py] => Task correct: 86.86315789473684
2024-12-23 03:20:25,113 [psrd_ease.py] => Task acc: 98.5578947368421
2024-12-23 03:20:25,146 [trainer.py] => No NME accuracy.
2024-12-23 03:20:25,146 [trainer.py] => CNN: {'total': np.float64(86.38), '00-04': np.float64(83.6), '05-09': np.float64(84.4), '10-14': np.float64(83.6), '15-19': np.float64(84.6), '20-24': np.float64(87.4), '25-29': np.float64(89.8), '30-34': np.float64(79.6), '35-39': np.float64(86.4), '40-44': np.float64(88.8), '45-49': np.float64(88.8), '50-54': np.float64(86.6), '55-59': np.float64(78.8), '60-64': np.float64(85.0), '65-69': np.float64(88.0), '70-74': np.float64(86.8), '75-79': np.float64(88.6), '80-84': np.float64(89.0), '85-89': np.float64(89.2), '90-94': np.float64(92.2), 'old': np.float64(86.06), 'new': np.float64(92.2)}
2024-12-23 03:20:25,146 [trainer.py] => CNN top1 curve: [np.float64(99.2), np.float64(98.1), np.float64(97.73), np.float64(96.75), np.float64(95.72), np.float64(95.2), np.float64(93.6), np.float64(92.32), np.float64(92.13), np.float64(91.46), np.float64(91.25), np.float64(89.72), np.float64(89.09), np.float64(88.64), np.float64(87.91), np.float64(87.58), np.float64(87.12), np.float64(86.53), np.float64(86.38)]
2024-12-23 03:20:25,146 [trainer.py] => CNN top5 curve: [np.float64(100.0), np.float64(100.0), np.float64(99.93), np.float64(99.8), np.float64(99.64), np.float64(99.4), np.float64(99.29), np.float64(99.28), np.float64(99.18), np.float64(99.14), np.float64(99.13), np.float64(98.7), np.float64(98.51), np.float64(98.36), np.float64(98.0), np.float64(97.82), np.float64(97.78), np.float64(97.72), np.float64(97.63)]

2024-12-23 03:20:25,147 [trainer.py] => Average Accuracy (CNN): 91.91736842105263 

2024-12-23 03:20:25,148 [trainer.py] => All params: 87787136
2024-12-23 03:20:25,149 [trainer.py] => Trainable params: 1915520
2024-12-23 03:20:25,149 [psrd_ease.py] => Learning on 95-100
2024-12-23 11:40:17,384 [psrd_ease.py] => Task 19, Epoch 60/60 => Loss 5.281, Train_accy 96.72
2024-12-23 11:55:42,834 [psrd_ease.py] => Task correct: 86.24
2024-12-23 11:55:42,834 [psrd_ease.py] => Task acc: 98.61
2024-12-23 11:55:42,870 [trainer.py] => No NME accuracy.
2024-12-23 11:55:42,870 [trainer.py] => CNN: {'total': np.float64(85.82), '00-04': np.float64(83.6), '05-09': np.float64(84.2), '10-14': np.float64(83.4), '15-19': np.float64(84.6), '20-24': np.float64(86.4), '25-29': np.float64(89.6), '30-34': np.float64(73.8), '35-39': np.float64(86.4), '40-44': np.float64(88.4), '45-49': np.float64(88.6), '50-54': np.float64(86.4), '55-59': np.float64(76.4), '60-64': np.float64(84.6), '65-69': np.float64(88.0), '70-74': np.float64(86.8), '75-79': np.float64(86.0), '80-84': np.float64(89.0), '85-89': np.float64(88.6), '90-94': np.float64(92.2), '95-99': np.float64(89.4), 'old': np.float64(85.63), 'new': np.float64(89.4)}
2024-12-23 11:55:42,871 [trainer.py] => CNN top1 curve: [np.float64(99.2), np.float64(98.1), np.float64(97.73), np.float64(96.75), np.float64(95.72), np.float64(95.2), np.float64(93.6), np.float64(92.32), np.float64(92.13), np.float64(91.46), np.float64(91.25), np.float64(89.72), np.float64(89.09), np.float64(88.64), np.float64(87.91), np.float64(87.58), np.float64(87.12), np.float64(86.53), np.float64(86.38), np.float64(85.82)]
2024-12-23 11:55:42,871 [trainer.py] => CNN top5 curve: [np.float64(100.0), np.float64(100.0), np.float64(99.93), np.float64(99.8), np.float64(99.64), np.float64(99.4), np.float64(99.29), np.float64(99.28), np.float64(99.18), np.float64(99.14), np.float64(99.13), np.float64(98.7), np.float64(98.51), np.float64(98.36), np.float64(98.0), np.float64(97.82), np.float64(97.78), np.float64(97.72), np.float64(97.63), np.float64(97.63)]

2024-12-23 11:55:42,871 [trainer.py] => Average Accuracy (CNN): 91.61249999999998 

